10/13/2020 15:47:39 - INFO - __main__ -   Running on 4 GPUs
10/13/2020 15:47:39 - INFO - __main__ -   
===== Hyperparameters ======
10/13/2020 15:47:39 - INFO - __main__ -   BATCH_SIZE_TRAIN: 16
10/13/2020 15:47:39 - INFO - __main__ -   LEARNING_RATE: 0.001
10/13/2020 15:47:39 - INFO - __main__ -   MOMENTUM: 0.25
10/13/2020 15:47:39 - INFO - __main__ -   MAX_POST_LENGTH: 256
10/13/2020 15:47:39 - INFO - __main__ -   MAX_POST_PER_THREAD: 4
10/13/2020 15:47:39 - INFO - __main__ -   THREAD_LENGTH_DIVIDER: 9
10/13/2020 15:47:39 - INFO - __main__ -   
===== Loading data ======
10/13/2020 15:47:39 - INFO - __main__ -   Opening training data: encoded_shuffled_train_4_256.pkl
10/13/2020 15:47:39 - INFO - __main__ -   Opening dev data: encoded_shuffled_dev_4_256.pkl
10/13/2020 15:47:39 - INFO - __main__ -   Opening test data: encoded_shuffled_test_4_256.pkl
10/13/2020 15:47:39 - INFO - root -   loading from pickle file
10/13/2020 15:47:39 - INFO - root -   loading from pickle file
10/13/2020 15:47:39 - INFO - root -   loading from pickle file
10/13/2020 15:47:40 - INFO - __main__ -   Converting pickle data into dataloaders
10/13/2020 15:47:40 - INFO - __main__ -   	EPOCH:   0	MiniBatch:    0
10/13/2020 15:48:05 - INFO - __main__ -   	EPOCH:   0	MiniBatch:   10
10/13/2020 15:48:22 - INFO - __main__ -   	EPOCH:   0	MiniBatch:   20
10/13/2020 15:48:39 - INFO - __main__ -   	EPOCH:   0	MiniBatch:   30
10/13/2020 15:48:56 - INFO - __main__ -   	EPOCH:   0	MiniBatch:   40
10/13/2020 15:49:12 - INFO - __main__ -   	EPOCH:   0	MiniBatch:   50
10/13/2020 15:49:29 - INFO - __main__ -   	EPOCH:   0	MiniBatch:   60
10/13/2020 15:49:46 - INFO - __main__ -   	EPOCH:   0	MiniBatch:   70
10/13/2020 15:50:03 - INFO - __main__ -   	EPOCH:   0	MiniBatch:   80
10/13/2020 15:50:20 - INFO - __main__ -   	EPOCH:   0	MiniBatch:   90
10/13/2020 15:50:37 - INFO - __main__ -   	EPOCH:   0	MiniBatch:  100
10/13/2020 15:50:54 - INFO - __main__ -   	EPOCH:   0	MiniBatch:  110
10/13/2020 15:51:11 - INFO - __main__ -   	EPOCH:   0	MiniBatch:  120
10/13/2020 15:51:28 - INFO - __main__ -   	EPOCH:   0	MiniBatch:  130
10/13/2020 15:51:45 - INFO - __main__ -   	EPOCH:   0	MiniBatch:  140
10/13/2020 15:52:02 - INFO - __main__ -   	EPOCH:   0	MiniBatch:  150
10/13/2020 15:52:18 - INFO - __main__ -   	EPOCH:   0	MiniBatch:  160
10/13/2020 15:52:35 - INFO - __main__ -   	EPOCH:   0	MiniBatch:  170
10/13/2020 15:52:52 - INFO - __main__ -   	EPOCH:   0	MiniBatch:  180
10/13/2020 15:53:09 - INFO - __main__ -   	EPOCH:   0	MiniBatch:  190
10/13/2020 15:53:26 - INFO - __main__ -   	EPOCH:   0	MiniBatch:  200
10/13/2020 15:53:42 - INFO - __main__ -   	EPOCH:   0	MiniBatch:  210
10/13/2020 15:53:59 - INFO - __main__ -   	EPOCH:   0	MiniBatch:  220
10/13/2020 15:54:16 - INFO - __main__ -   	EPOCH:   0	MiniBatch:  230
10/13/2020 15:54:33 - INFO - __main__ -   	EPOCH:   0	MiniBatch:  240
10/13/2020 15:54:50 - INFO - __main__ -   	EPOCH:   0	MiniBatch:  250
10/13/2020 15:55:07 - INFO - __main__ -   	EPOCH:   0	MiniBatch:  260
10/13/2020 15:55:24 - INFO - __main__ -   	EPOCH:   0	MiniBatch:  270
10/13/2020 15:55:40 - INFO - __main__ -   	EPOCH:   0	MiniBatch:  280
10/13/2020 15:55:57 - INFO - __main__ -   	EPOCH:   0	MiniBatch:  290
10/13/2020 15:56:14 - INFO - __main__ -   	EPOCH:   0	MiniBatch:  300
10/13/2020 15:56:31 - INFO - __main__ -   	EPOCH:   0	MiniBatch:  310
10/13/2020 15:56:48 - INFO - __main__ -   	EPOCH:   0	MiniBatch:  320
10/13/2020 15:57:05 - INFO - __main__ -   	EPOCH:   0	MiniBatch:  330
10/13/2020 15:57:21 - INFO - __main__ -   	EPOCH:   0	MiniBatch:  340
10/13/2020 15:57:38 - INFO - __main__ -   	EPOCH:   0	MiniBatch:  350
10/13/2020 15:57:55 - INFO - __main__ -   	EPOCH:   0	MiniBatch:  360
10/13/2020 15:58:12 - INFO - __main__ -   	EPOCH:   0	MiniBatch:  370
10/13/2020 15:58:28 - INFO - __main__ -   	EPOCH:   0	MiniBatch:  380
10/13/2020 15:58:45 - INFO - __main__ -   	EPOCH:   0	MiniBatch:  390
10/13/2020 15:59:02 - INFO - __main__ -   	EPOCH:   0	MiniBatch:  400
10/13/2020 15:59:19 - INFO - __main__ -   	EPOCH:   0	MiniBatch:  410
10/13/2020 15:59:36 - INFO - __main__ -   	EPOCH:   0	MiniBatch:  420
10/13/2020 15:59:53 - INFO - __main__ -   	EPOCH:   0	MiniBatch:  430
10/13/2020 16:00:09 - INFO - __main__ -   	EPOCH:   0	MiniBatch:  440
10/13/2020 16:00:26 - INFO - __main__ -   	EPOCH:   0	MiniBatch:  450
10/13/2020 16:00:43 - INFO - __main__ -   	EPOCH:   0	MiniBatch:  460
10/13/2020 16:01:00 - INFO - __main__ -   	EPOCH:   0	MiniBatch:  470
10/13/2020 16:01:17 - INFO - __main__ -   	EPOCH:   0	MiniBatch:  480
10/13/2020 16:01:34 - INFO - __main__ -   	EPOCH:   0	MiniBatch:  490
10/13/2020 16:01:35 - INFO - __main__ -   	Testing dev set minibatch:    0
10/13/2020 16:01:42 - INFO - __main__ -   	Testing dev set minibatch:   10
10/13/2020 16:01:49 - INFO - __main__ -   	Testing dev set minibatch:   20
10/13/2020 16:01:57 - INFO - __main__ -   	Testing dev set minibatch:   30
10/13/2020 16:02:04 - INFO - __main__ -   	Testing dev set minibatch:   40
10/13/2020 16:02:11 - INFO - __main__ -   	Testing dev set minibatch:   50
10/13/2020 16:02:18 - INFO - __main__ -   	Testing dev set minibatch:   60
10/13/2020 16:02:19 - INFO - __main__ -   
Labels 		Precision	Recall		F1 score	Support
Empty  		0.0000    	0.0000 		0.0000   	69
Deny   		0.0000    	0.0000 		0.0000   	1029
Support		0.1056    	0.3902 		0.1663   	264
Query  		0.0602    	0.0023 		0.0044   	2199
Comment		0.0000    	0.0000 		0.0000   	0

F1-macro	0.0341
10/13/2020 16:02:19 - INFO - __main__ -   
Labels 		Precision	Recall		F1 score	Support
Short  		0.5320    	0.8760 		0.6620   	484
Long   		0.6739    	0.2495 		0.3642   	497

F1-macro	0.5131
10/13/2020 16:02:19 - INFO - root -   Saving best model
10/13/2020 16:02:21 - INFO - __main__ -   	EPOCH:   1	MiniBatch:    0
10/13/2020 16:02:38 - INFO - __main__ -   	EPOCH:   1	MiniBatch:   10
10/13/2020 16:02:55 - INFO - __main__ -   	EPOCH:   1	MiniBatch:   20
10/13/2020 16:03:12 - INFO - __main__ -   	EPOCH:   1	MiniBatch:   30
10/13/2020 16:03:29 - INFO - __main__ -   	EPOCH:   1	MiniBatch:   40
10/13/2020 16:03:45 - INFO - __main__ -   	EPOCH:   1	MiniBatch:   50
10/13/2020 16:04:03 - INFO - __main__ -   	EPOCH:   1	MiniBatch:   60
10/13/2020 16:04:19 - INFO - __main__ -   	EPOCH:   1	MiniBatch:   70
10/13/2020 16:04:36 - INFO - __main__ -   	EPOCH:   1	MiniBatch:   80
10/13/2020 16:04:53 - INFO - __main__ -   	EPOCH:   1	MiniBatch:   90
10/13/2020 16:05:10 - INFO - __main__ -   	EPOCH:   1	MiniBatch:  100
10/13/2020 16:05:27 - INFO - __main__ -   	EPOCH:   1	MiniBatch:  110
10/13/2020 16:05:43 - INFO - __main__ -   	EPOCH:   1	MiniBatch:  120
10/13/2020 16:06:00 - INFO - __main__ -   	EPOCH:   1	MiniBatch:  130
10/13/2020 16:06:17 - INFO - __main__ -   	EPOCH:   1	MiniBatch:  140
10/13/2020 16:06:34 - INFO - __main__ -   	EPOCH:   1	MiniBatch:  150
10/13/2020 16:06:50 - INFO - __main__ -   	EPOCH:   1	MiniBatch:  160
10/13/2020 16:07:07 - INFO - __main__ -   	EPOCH:   1	MiniBatch:  170
10/13/2020 16:07:24 - INFO - __main__ -   	EPOCH:   1	MiniBatch:  180
10/13/2020 16:07:40 - INFO - __main__ -   	EPOCH:   1	MiniBatch:  190
10/13/2020 16:07:57 - INFO - __main__ -   	EPOCH:   1	MiniBatch:  200
10/13/2020 16:08:14 - INFO - __main__ -   	EPOCH:   1	MiniBatch:  210
10/13/2020 16:08:31 - INFO - __main__ -   	EPOCH:   1	MiniBatch:  220
10/13/2020 16:08:47 - INFO - __main__ -   	EPOCH:   1	MiniBatch:  230
10/13/2020 16:09:04 - INFO - __main__ -   	EPOCH:   1	MiniBatch:  240
10/13/2020 16:09:21 - INFO - __main__ -   	EPOCH:   1	MiniBatch:  250
10/13/2020 16:09:37 - INFO - __main__ -   	EPOCH:   1	MiniBatch:  260
10/13/2020 16:09:54 - INFO - __main__ -   	EPOCH:   1	MiniBatch:  270
10/13/2020 16:10:11 - INFO - __main__ -   	EPOCH:   1	MiniBatch:  280
10/13/2020 16:10:27 - INFO - __main__ -   	EPOCH:   1	MiniBatch:  290
10/13/2020 16:10:44 - INFO - __main__ -   	EPOCH:   1	MiniBatch:  300
10/13/2020 16:11:01 - INFO - __main__ -   	EPOCH:   1	MiniBatch:  310
10/13/2020 16:11:18 - INFO - __main__ -   	EPOCH:   1	MiniBatch:  320
10/13/2020 16:11:34 - INFO - __main__ -   	EPOCH:   1	MiniBatch:  330
10/13/2020 16:11:51 - INFO - __main__ -   	EPOCH:   1	MiniBatch:  340
10/13/2020 16:12:08 - INFO - __main__ -   	EPOCH:   1	MiniBatch:  350
10/13/2020 16:12:25 - INFO - __main__ -   	EPOCH:   1	MiniBatch:  360
10/13/2020 16:12:41 - INFO - __main__ -   	EPOCH:   1	MiniBatch:  370
10/13/2020 16:12:58 - INFO - __main__ -   	EPOCH:   1	MiniBatch:  380
10/13/2020 16:13:15 - INFO - __main__ -   	EPOCH:   1	MiniBatch:  390
10/13/2020 16:13:31 - INFO - __main__ -   	EPOCH:   1	MiniBatch:  400
10/13/2020 16:13:48 - INFO - __main__ -   	EPOCH:   1	MiniBatch:  410
10/13/2020 16:14:05 - INFO - __main__ -   	EPOCH:   1	MiniBatch:  420
10/13/2020 16:14:22 - INFO - __main__ -   	EPOCH:   1	MiniBatch:  430
10/13/2020 16:14:38 - INFO - __main__ -   	EPOCH:   1	MiniBatch:  440
10/13/2020 16:14:55 - INFO - __main__ -   	EPOCH:   1	MiniBatch:  450
10/13/2020 16:15:12 - INFO - __main__ -   	EPOCH:   1	MiniBatch:  460
10/13/2020 16:15:29 - INFO - __main__ -   	EPOCH:   1	MiniBatch:  470
10/13/2020 16:15:45 - INFO - __main__ -   	EPOCH:   1	MiniBatch:  480
10/13/2020 16:16:02 - INFO - __main__ -   	EPOCH:   1	MiniBatch:  490
10/13/2020 16:16:03 - INFO - __main__ -   	Testing dev set minibatch:    0
10/13/2020 16:16:11 - INFO - __main__ -   	Testing dev set minibatch:   10
10/13/2020 16:16:18 - INFO - __main__ -   	Testing dev set minibatch:   20
10/13/2020 16:16:25 - INFO - __main__ -   	Testing dev set minibatch:   30
10/13/2020 16:16:33 - INFO - __main__ -   	Testing dev set minibatch:   40
10/13/2020 16:16:40 - INFO - __main__ -   	Testing dev set minibatch:   50
10/13/2020 16:16:47 - INFO - __main__ -   	Testing dev set minibatch:   60
10/13/2020 16:16:48 - INFO - __main__ -   
Labels 		Precision	Recall		F1 score	Support
Empty  		0.0000    	0.0000 		0.0000   	69
Deny   		0.0000    	0.0000 		0.0000   	1029
Support		0.0494    	0.2348 		0.0817   	264
Query  		0.1609    	0.0168 		0.0305   	2199
Comment		0.0000    	0.0000 		0.0000   	0

F1-macro	0.0224
10/13/2020 16:16:48 - INFO - __main__ -   
Labels 		Precision	Recall		F1 score	Support
Short  		0.8132    	0.4587 		0.5865   	484
Long   		0.6299    	0.8974 		0.7402   	497

F1-macro	0.6634
10/13/2020 16:16:48 - INFO - root -   Saving best model
10/13/2020 16:16:53 - INFO - __main__ -   	EPOCH:   2	MiniBatch:    0
10/13/2020 16:17:09 - INFO - __main__ -   	EPOCH:   2	MiniBatch:   10
10/13/2020 16:17:26 - INFO - __main__ -   	EPOCH:   2	MiniBatch:   20
10/13/2020 16:17:43 - INFO - __main__ -   	EPOCH:   2	MiniBatch:   30
10/13/2020 16:17:59 - INFO - __main__ -   	EPOCH:   2	MiniBatch:   40
10/13/2020 16:18:16 - INFO - __main__ -   	EPOCH:   2	MiniBatch:   50
10/13/2020 16:18:33 - INFO - __main__ -   	EPOCH:   2	MiniBatch:   60
10/13/2020 16:18:50 - INFO - __main__ -   	EPOCH:   2	MiniBatch:   70
10/13/2020 16:19:06 - INFO - __main__ -   	EPOCH:   2	MiniBatch:   80
10/13/2020 16:19:23 - INFO - __main__ -   	EPOCH:   2	MiniBatch:   90
10/13/2020 16:19:40 - INFO - __main__ -   	EPOCH:   2	MiniBatch:  100
10/13/2020 16:19:57 - INFO - __main__ -   	EPOCH:   2	MiniBatch:  110
10/13/2020 16:20:13 - INFO - __main__ -   	EPOCH:   2	MiniBatch:  120
10/13/2020 16:20:30 - INFO - __main__ -   	EPOCH:   2	MiniBatch:  130
10/13/2020 16:20:47 - INFO - __main__ -   	EPOCH:   2	MiniBatch:  140
10/13/2020 16:21:03 - INFO - __main__ -   	EPOCH:   2	MiniBatch:  150
10/13/2020 16:21:20 - INFO - __main__ -   	EPOCH:   2	MiniBatch:  160
10/13/2020 16:21:37 - INFO - __main__ -   	EPOCH:   2	MiniBatch:  170
10/13/2020 16:21:53 - INFO - __main__ -   	EPOCH:   2	MiniBatch:  180
10/13/2020 16:22:10 - INFO - __main__ -   	EPOCH:   2	MiniBatch:  190
10/13/2020 16:22:27 - INFO - __main__ -   	EPOCH:   2	MiniBatch:  200
10/13/2020 16:22:43 - INFO - __main__ -   	EPOCH:   2	MiniBatch:  210
10/13/2020 16:23:00 - INFO - __main__ -   	EPOCH:   2	MiniBatch:  220
10/13/2020 16:23:17 - INFO - __main__ -   	EPOCH:   2	MiniBatch:  230
10/13/2020 16:23:33 - INFO - __main__ -   	EPOCH:   2	MiniBatch:  240
10/13/2020 16:23:50 - INFO - __main__ -   	EPOCH:   2	MiniBatch:  250
10/13/2020 16:24:07 - INFO - __main__ -   	EPOCH:   2	MiniBatch:  260
10/13/2020 16:24:24 - INFO - __main__ -   	EPOCH:   2	MiniBatch:  270
10/13/2020 16:24:40 - INFO - __main__ -   	EPOCH:   2	MiniBatch:  280
10/13/2020 16:24:57 - INFO - __main__ -   	EPOCH:   2	MiniBatch:  290
10/13/2020 16:25:14 - INFO - __main__ -   	EPOCH:   2	MiniBatch:  300
10/13/2020 16:25:31 - INFO - __main__ -   	EPOCH:   2	MiniBatch:  310
10/13/2020 16:25:47 - INFO - __main__ -   	EPOCH:   2	MiniBatch:  320
10/13/2020 16:26:04 - INFO - __main__ -   	EPOCH:   2	MiniBatch:  330
10/13/2020 16:26:20 - INFO - __main__ -   	EPOCH:   2	MiniBatch:  340
10/13/2020 16:26:37 - INFO - __main__ -   	EPOCH:   2	MiniBatch:  350
10/13/2020 16:26:54 - INFO - __main__ -   	EPOCH:   2	MiniBatch:  360
10/13/2020 16:27:11 - INFO - __main__ -   	EPOCH:   2	MiniBatch:  370
10/13/2020 16:27:27 - INFO - __main__ -   	EPOCH:   2	MiniBatch:  380
10/13/2020 16:27:44 - INFO - __main__ -   	EPOCH:   2	MiniBatch:  390
10/13/2020 16:28:01 - INFO - __main__ -   	EPOCH:   2	MiniBatch:  400
10/13/2020 16:28:17 - INFO - __main__ -   	EPOCH:   2	MiniBatch:  410
10/13/2020 16:28:34 - INFO - __main__ -   	EPOCH:   2	MiniBatch:  420
10/13/2020 16:28:51 - INFO - __main__ -   	EPOCH:   2	MiniBatch:  430
10/13/2020 16:29:07 - INFO - __main__ -   	EPOCH:   2	MiniBatch:  440
10/13/2020 16:29:24 - INFO - __main__ -   	EPOCH:   2	MiniBatch:  450
10/13/2020 16:29:41 - INFO - __main__ -   	EPOCH:   2	MiniBatch:  460
10/13/2020 16:29:58 - INFO - __main__ -   	EPOCH:   2	MiniBatch:  470
10/13/2020 16:30:14 - INFO - __main__ -   	EPOCH:   2	MiniBatch:  480
10/13/2020 16:30:31 - INFO - __main__ -   	EPOCH:   2	MiniBatch:  490
10/13/2020 16:30:33 - INFO - __main__ -   	Testing dev set minibatch:    0
10/13/2020 16:30:40 - INFO - __main__ -   	Testing dev set minibatch:   10
10/13/2020 16:30:47 - INFO - __main__ -   	Testing dev set minibatch:   20
10/13/2020 16:30:54 - INFO - __main__ -   	Testing dev set minibatch:   30
10/13/2020 16:31:02 - INFO - __main__ -   	Testing dev set minibatch:   40
10/13/2020 16:31:09 - INFO - __main__ -   	Testing dev set minibatch:   50
10/13/2020 16:31:16 - INFO - __main__ -   	Testing dev set minibatch:   60
10/13/2020 16:31:17 - INFO - __main__ -   
Labels 		Precision	Recall		F1 score	Support
Empty  		0.0000    	0.0000 		0.0000   	69
Deny   		0.0000    	0.0000 		0.0000   	1029
Support		0.0352    	0.1705 		0.0584   	264
Query  		0.1722    	0.0214 		0.0380   	2199
Comment		0.0000    	0.0000 		0.0000   	0

F1-macro	0.0193
10/13/2020 16:31:17 - INFO - __main__ -   
Labels 		Precision	Recall		F1 score	Support
Short  		0.5059    	0.9814 		0.6676   	484
Long   		0.7857    	0.0664 		0.1224   	497

F1-macro	0.3950
10/13/2020 16:31:17 - INFO - __main__ -   	EPOCH:   3	MiniBatch:    0
10/13/2020 16:31:34 - INFO - __main__ -   	EPOCH:   3	MiniBatch:   10
10/13/2020 16:31:51 - INFO - __main__ -   	EPOCH:   3	MiniBatch:   20
10/13/2020 16:32:08 - INFO - __main__ -   	EPOCH:   3	MiniBatch:   30
10/13/2020 16:32:24 - INFO - __main__ -   	EPOCH:   3	MiniBatch:   40
10/13/2020 16:32:41 - INFO - __main__ -   	EPOCH:   3	MiniBatch:   50
10/13/2020 16:32:58 - INFO - __main__ -   	EPOCH:   3	MiniBatch:   60
10/13/2020 16:33:15 - INFO - __main__ -   	EPOCH:   3	MiniBatch:   70
10/13/2020 16:33:31 - INFO - __main__ -   	EPOCH:   3	MiniBatch:   80
10/13/2020 16:33:48 - INFO - __main__ -   	EPOCH:   3	MiniBatch:   90
10/13/2020 16:34:05 - INFO - __main__ -   	EPOCH:   3	MiniBatch:  100
10/13/2020 16:34:21 - INFO - __main__ -   	EPOCH:   3	MiniBatch:  110
10/13/2020 16:34:38 - INFO - __main__ -   	EPOCH:   3	MiniBatch:  120
10/13/2020 16:34:55 - INFO - __main__ -   	EPOCH:   3	MiniBatch:  130
10/13/2020 16:35:12 - INFO - __main__ -   	EPOCH:   3	MiniBatch:  140
10/13/2020 16:35:28 - INFO - __main__ -   	EPOCH:   3	MiniBatch:  150
10/13/2020 16:35:45 - INFO - __main__ -   	EPOCH:   3	MiniBatch:  160
10/13/2020 16:36:02 - INFO - __main__ -   	EPOCH:   3	MiniBatch:  170
10/13/2020 16:36:18 - INFO - __main__ -   	EPOCH:   3	MiniBatch:  180
10/13/2020 16:36:35 - INFO - __main__ -   	EPOCH:   3	MiniBatch:  190
10/13/2020 16:36:52 - INFO - __main__ -   	EPOCH:   3	MiniBatch:  200
10/13/2020 16:37:09 - INFO - __main__ -   	EPOCH:   3	MiniBatch:  210
10/13/2020 16:37:25 - INFO - __main__ -   	EPOCH:   3	MiniBatch:  220
10/13/2020 16:37:42 - INFO - __main__ -   	EPOCH:   3	MiniBatch:  230
10/13/2020 16:37:59 - INFO - __main__ -   	EPOCH:   3	MiniBatch:  240
10/13/2020 16:38:15 - INFO - __main__ -   	EPOCH:   3	MiniBatch:  250
10/13/2020 16:38:32 - INFO - __main__ -   	EPOCH:   3	MiniBatch:  260
10/13/2020 16:38:49 - INFO - __main__ -   	EPOCH:   3	MiniBatch:  270
10/13/2020 16:39:06 - INFO - __main__ -   	EPOCH:   3	MiniBatch:  280
10/13/2020 16:39:22 - INFO - __main__ -   	EPOCH:   3	MiniBatch:  290
10/13/2020 16:39:39 - INFO - __main__ -   	EPOCH:   3	MiniBatch:  300
10/13/2020 16:39:56 - INFO - __main__ -   	EPOCH:   3	MiniBatch:  310
10/13/2020 16:40:13 - INFO - __main__ -   	EPOCH:   3	MiniBatch:  320
10/13/2020 16:40:29 - INFO - __main__ -   	EPOCH:   3	MiniBatch:  330
10/13/2020 16:40:46 - INFO - __main__ -   	EPOCH:   3	MiniBatch:  340
10/13/2020 16:41:03 - INFO - __main__ -   	EPOCH:   3	MiniBatch:  350
10/13/2020 16:41:19 - INFO - __main__ -   	EPOCH:   3	MiniBatch:  360
10/13/2020 16:41:36 - INFO - __main__ -   	EPOCH:   3	MiniBatch:  370
10/13/2020 16:41:53 - INFO - __main__ -   	EPOCH:   3	MiniBatch:  380
10/13/2020 16:42:09 - INFO - __main__ -   	EPOCH:   3	MiniBatch:  390
10/13/2020 16:42:26 - INFO - __main__ -   	EPOCH:   3	MiniBatch:  400
10/13/2020 16:42:43 - INFO - __main__ -   	EPOCH:   3	MiniBatch:  410
10/13/2020 16:42:59 - INFO - __main__ -   	EPOCH:   3	MiniBatch:  420
10/13/2020 16:43:16 - INFO - __main__ -   	EPOCH:   3	MiniBatch:  430
10/13/2020 16:43:33 - INFO - __main__ -   	EPOCH:   3	MiniBatch:  440
10/13/2020 16:43:49 - INFO - __main__ -   	EPOCH:   3	MiniBatch:  450
10/13/2020 16:44:06 - INFO - __main__ -   	EPOCH:   3	MiniBatch:  460
10/13/2020 16:44:23 - INFO - __main__ -   	EPOCH:   3	MiniBatch:  470
10/13/2020 16:44:39 - INFO - __main__ -   	EPOCH:   3	MiniBatch:  480
10/13/2020 16:44:56 - INFO - __main__ -   	EPOCH:   3	MiniBatch:  490
10/13/2020 16:44:58 - INFO - __main__ -   	Testing dev set minibatch:    0
10/13/2020 16:45:05 - INFO - __main__ -   	Testing dev set minibatch:   10
10/13/2020 16:45:12 - INFO - __main__ -   	Testing dev set minibatch:   20
10/13/2020 16:45:19 - INFO - __main__ -   	Testing dev set minibatch:   30
10/13/2020 16:45:27 - INFO - __main__ -   	Testing dev set minibatch:   40
10/13/2020 16:45:34 - INFO - __main__ -   	Testing dev set minibatch:   50
10/13/2020 16:45:41 - INFO - __main__ -   	Testing dev set minibatch:   60
10/13/2020 16:45:42 - INFO - __main__ -   
Labels 		Precision	Recall		F1 score	Support
Empty  		0.0000    	0.0000 		0.0000   	69
Deny   		0.0000    	0.0000 		0.0000   	1029
Support		0.0301    	0.1477 		0.0500   	264
Query  		0.1494    	0.0177 		0.0317   	2199
Comment		0.0000    	0.0000 		0.0000   	0

F1-macro	0.0163
10/13/2020 16:45:42 - INFO - __main__ -   
Labels 		Precision	Recall		F1 score	Support
Short  		0.6120    	0.7169 		0.6603   	484
Long   		0.6691    	0.5573 		0.6081   	497

F1-macro	0.6342
10/13/2020 16:45:42 - INFO - __main__ -   	EPOCH:   4	MiniBatch:    0
10/13/2020 16:45:59 - INFO - __main__ -   	EPOCH:   4	MiniBatch:   10
10/13/2020 16:46:16 - INFO - __main__ -   	EPOCH:   4	MiniBatch:   20
10/13/2020 16:46:33 - INFO - __main__ -   	EPOCH:   4	MiniBatch:   30
10/13/2020 16:46:49 - INFO - __main__ -   	EPOCH:   4	MiniBatch:   40
10/13/2020 16:47:06 - INFO - __main__ -   	EPOCH:   4	MiniBatch:   50
10/13/2020 16:47:23 - INFO - __main__ -   	EPOCH:   4	MiniBatch:   60
10/13/2020 16:47:40 - INFO - __main__ -   	EPOCH:   4	MiniBatch:   70
10/13/2020 16:47:56 - INFO - __main__ -   	EPOCH:   4	MiniBatch:   80
10/13/2020 16:48:13 - INFO - __main__ -   	EPOCH:   4	MiniBatch:   90
10/13/2020 16:48:30 - INFO - __main__ -   	EPOCH:   4	MiniBatch:  100
10/13/2020 16:48:46 - INFO - __main__ -   	EPOCH:   4	MiniBatch:  110
10/13/2020 16:49:03 - INFO - __main__ -   	EPOCH:   4	MiniBatch:  120
10/13/2020 16:49:20 - INFO - __main__ -   	EPOCH:   4	MiniBatch:  130
10/13/2020 16:49:36 - INFO - __main__ -   	EPOCH:   4	MiniBatch:  140
10/13/2020 16:49:53 - INFO - __main__ -   	EPOCH:   4	MiniBatch:  150
10/13/2020 16:50:10 - INFO - __main__ -   	EPOCH:   4	MiniBatch:  160
10/13/2020 16:50:26 - INFO - __main__ -   	EPOCH:   4	MiniBatch:  170
10/13/2020 16:50:43 - INFO - __main__ -   	EPOCH:   4	MiniBatch:  180
10/13/2020 16:51:00 - INFO - __main__ -   	EPOCH:   4	MiniBatch:  190
10/13/2020 16:51:17 - INFO - __main__ -   	EPOCH:   4	MiniBatch:  200
10/13/2020 16:51:33 - INFO - __main__ -   	EPOCH:   4	MiniBatch:  210
10/13/2020 16:51:50 - INFO - __main__ -   	EPOCH:   4	MiniBatch:  220
10/13/2020 16:52:07 - INFO - __main__ -   	EPOCH:   4	MiniBatch:  230
10/13/2020 16:52:23 - INFO - __main__ -   	EPOCH:   4	MiniBatch:  240
10/13/2020 16:52:40 - INFO - __main__ -   	EPOCH:   4	MiniBatch:  250
10/13/2020 16:52:57 - INFO - __main__ -   	EPOCH:   4	MiniBatch:  260
10/13/2020 16:53:13 - INFO - __main__ -   	EPOCH:   4	MiniBatch:  270
10/13/2020 16:53:30 - INFO - __main__ -   	EPOCH:   4	MiniBatch:  280
10/13/2020 16:53:47 - INFO - __main__ -   	EPOCH:   4	MiniBatch:  290
10/13/2020 16:54:03 - INFO - __main__ -   	EPOCH:   4	MiniBatch:  300
10/13/2020 16:54:20 - INFO - __main__ -   	EPOCH:   4	MiniBatch:  310
10/13/2020 16:54:37 - INFO - __main__ -   	EPOCH:   4	MiniBatch:  320
10/13/2020 16:54:53 - INFO - __main__ -   	EPOCH:   4	MiniBatch:  330
10/13/2020 16:55:10 - INFO - __main__ -   	EPOCH:   4	MiniBatch:  340
10/13/2020 16:55:27 - INFO - __main__ -   	EPOCH:   4	MiniBatch:  350
10/13/2020 16:55:43 - INFO - __main__ -   	EPOCH:   4	MiniBatch:  360
10/13/2020 16:56:00 - INFO - __main__ -   	EPOCH:   4	MiniBatch:  370
10/13/2020 16:56:17 - INFO - __main__ -   	EPOCH:   4	MiniBatch:  380
10/13/2020 16:56:34 - INFO - __main__ -   	EPOCH:   4	MiniBatch:  390
10/13/2020 16:56:50 - INFO - __main__ -   	EPOCH:   4	MiniBatch:  400
10/13/2020 16:57:07 - INFO - __main__ -   	EPOCH:   4	MiniBatch:  410
10/13/2020 16:57:24 - INFO - __main__ -   	EPOCH:   4	MiniBatch:  420
10/13/2020 16:57:40 - INFO - __main__ -   	EPOCH:   4	MiniBatch:  430
10/13/2020 16:57:57 - INFO - __main__ -   	EPOCH:   4	MiniBatch:  440
10/13/2020 16:58:14 - INFO - __main__ -   	EPOCH:   4	MiniBatch:  450
10/13/2020 16:58:30 - INFO - __main__ -   	EPOCH:   4	MiniBatch:  460
10/13/2020 16:58:47 - INFO - __main__ -   	EPOCH:   4	MiniBatch:  470
10/13/2020 16:59:04 - INFO - __main__ -   	EPOCH:   4	MiniBatch:  480
10/13/2020 16:59:20 - INFO - __main__ -   	EPOCH:   4	MiniBatch:  490
10/13/2020 16:59:22 - INFO - __main__ -   	Testing dev set minibatch:    0
10/13/2020 16:59:29 - INFO - __main__ -   	Testing dev set minibatch:   10
10/13/2020 16:59:37 - INFO - __main__ -   	Testing dev set minibatch:   20
10/13/2020 16:59:44 - INFO - __main__ -   	Testing dev set minibatch:   30
10/13/2020 16:59:51 - INFO - __main__ -   	Testing dev set minibatch:   40
10/13/2020 16:59:58 - INFO - __main__ -   	Testing dev set minibatch:   50
10/13/2020 17:00:06 - INFO - __main__ -   	Testing dev set minibatch:   60
10/13/2020 17:00:07 - INFO - __main__ -   
Labels 		Precision	Recall		F1 score	Support
Empty  		0.0000    	0.0000 		0.0000   	69
Deny   		0.0000    	0.0000 		0.0000   	1029
Support		0.0277    	0.1326 		0.0458   	264
Query  		0.1773    	0.0227 		0.0403   	2199
Comment		0.0000    	0.0000 		0.0000   	0

F1-macro	0.0172
10/13/2020 17:00:07 - INFO - __main__ -   
Labels 		Precision	Recall		F1 score	Support
Short  		0.7073    	0.5393 		0.6120   	484
Long   		0.6356    	0.7827 		0.7015   	497

F1-macro	0.6567
10/13/2020 17:00:07 - INFO - __main__ -   	EPOCH:   5	MiniBatch:    0
10/13/2020 17:00:23 - INFO - __main__ -   	EPOCH:   5	MiniBatch:   10
10/13/2020 17:00:40 - INFO - __main__ -   	EPOCH:   5	MiniBatch:   20
10/13/2020 17:00:57 - INFO - __main__ -   	EPOCH:   5	MiniBatch:   30
10/13/2020 17:01:13 - INFO - __main__ -   	EPOCH:   5	MiniBatch:   40
10/13/2020 17:01:30 - INFO - __main__ -   	EPOCH:   5	MiniBatch:   50
10/13/2020 17:01:47 - INFO - __main__ -   	EPOCH:   5	MiniBatch:   60
10/13/2020 17:02:04 - INFO - __main__ -   	EPOCH:   5	MiniBatch:   70
10/13/2020 17:02:20 - INFO - __main__ -   	EPOCH:   5	MiniBatch:   80
10/13/2020 17:02:37 - INFO - __main__ -   	EPOCH:   5	MiniBatch:   90
10/13/2020 17:02:54 - INFO - __main__ -   	EPOCH:   5	MiniBatch:  100
10/13/2020 17:03:10 - INFO - __main__ -   	EPOCH:   5	MiniBatch:  110
10/13/2020 17:03:27 - INFO - __main__ -   	EPOCH:   5	MiniBatch:  120
10/13/2020 17:03:44 - INFO - __main__ -   	EPOCH:   5	MiniBatch:  130
10/13/2020 17:04:00 - INFO - __main__ -   	EPOCH:   5	MiniBatch:  140
10/13/2020 17:04:17 - INFO - __main__ -   	EPOCH:   5	MiniBatch:  150
10/13/2020 17:04:34 - INFO - __main__ -   	EPOCH:   5	MiniBatch:  160
10/13/2020 17:04:50 - INFO - __main__ -   	EPOCH:   5	MiniBatch:  170
10/13/2020 17:05:07 - INFO - __main__ -   	EPOCH:   5	MiniBatch:  180
10/13/2020 17:05:24 - INFO - __main__ -   	EPOCH:   5	MiniBatch:  190
10/13/2020 17:05:41 - INFO - __main__ -   	EPOCH:   5	MiniBatch:  200
10/13/2020 17:05:57 - INFO - __main__ -   	EPOCH:   5	MiniBatch:  210
10/13/2020 17:06:14 - INFO - __main__ -   	EPOCH:   5	MiniBatch:  220
10/13/2020 17:06:31 - INFO - __main__ -   	EPOCH:   5	MiniBatch:  230
10/13/2020 17:06:48 - INFO - __main__ -   	EPOCH:   5	MiniBatch:  240
10/13/2020 17:07:04 - INFO - __main__ -   	EPOCH:   5	MiniBatch:  250
10/13/2020 17:07:21 - INFO - __main__ -   	EPOCH:   5	MiniBatch:  260
10/13/2020 17:07:38 - INFO - __main__ -   	EPOCH:   5	MiniBatch:  270
10/13/2020 17:07:55 - INFO - __main__ -   	EPOCH:   5	MiniBatch:  280
10/13/2020 17:08:11 - INFO - __main__ -   	EPOCH:   5	MiniBatch:  290
10/13/2020 17:08:28 - INFO - __main__ -   	EPOCH:   5	MiniBatch:  300
10/13/2020 17:08:45 - INFO - __main__ -   	EPOCH:   5	MiniBatch:  310
10/13/2020 17:09:01 - INFO - __main__ -   	EPOCH:   5	MiniBatch:  320
10/13/2020 17:09:18 - INFO - __main__ -   	EPOCH:   5	MiniBatch:  330
10/13/2020 17:09:35 - INFO - __main__ -   	EPOCH:   5	MiniBatch:  340
10/13/2020 17:09:51 - INFO - __main__ -   	EPOCH:   5	MiniBatch:  350
10/13/2020 17:10:08 - INFO - __main__ -   	EPOCH:   5	MiniBatch:  360
10/13/2020 17:10:25 - INFO - __main__ -   	EPOCH:   5	MiniBatch:  370
10/13/2020 17:10:42 - INFO - __main__ -   	EPOCH:   5	MiniBatch:  380
10/13/2020 17:10:58 - INFO - __main__ -   	EPOCH:   5	MiniBatch:  390
10/13/2020 17:11:15 - INFO - __main__ -   	EPOCH:   5	MiniBatch:  400
10/13/2020 17:11:32 - INFO - __main__ -   	EPOCH:   5	MiniBatch:  410
10/13/2020 17:11:48 - INFO - __main__ -   	EPOCH:   5	MiniBatch:  420
10/13/2020 17:12:05 - INFO - __main__ -   	EPOCH:   5	MiniBatch:  430
10/13/2020 17:12:22 - INFO - __main__ -   	EPOCH:   5	MiniBatch:  440
10/13/2020 17:12:38 - INFO - __main__ -   	EPOCH:   5	MiniBatch:  450
10/13/2020 17:12:55 - INFO - __main__ -   	EPOCH:   5	MiniBatch:  460
10/13/2020 17:13:12 - INFO - __main__ -   	EPOCH:   5	MiniBatch:  470
10/13/2020 17:13:29 - INFO - __main__ -   	EPOCH:   5	MiniBatch:  480
10/13/2020 17:13:45 - INFO - __main__ -   	EPOCH:   5	MiniBatch:  490
10/13/2020 17:13:47 - INFO - __main__ -   	Testing dev set minibatch:    0
10/13/2020 17:13:54 - INFO - __main__ -   	Testing dev set minibatch:   10
10/13/2020 17:14:01 - INFO - __main__ -   	Testing dev set minibatch:   20
10/13/2020 17:14:09 - INFO - __main__ -   	Testing dev set minibatch:   30
10/13/2020 17:14:16 - INFO - __main__ -   	Testing dev set minibatch:   40
10/13/2020 17:14:23 - INFO - __main__ -   	Testing dev set minibatch:   50
10/13/2020 17:14:30 - INFO - __main__ -   	Testing dev set minibatch:   60
10/13/2020 17:14:32 - INFO - __main__ -   
Labels 		Precision	Recall		F1 score	Support
Empty  		0.0000    	0.0000 		0.0000   	69
Deny   		0.0000    	0.0000 		0.0000   	1029
Support		0.0207    	0.0909 		0.0338   	264
Query  		0.1877    	0.0291 		0.0504   	2199
Comment		0.0000    	0.0000 		0.0000   	0

F1-macro	0.0168
10/13/2020 17:14:32 - INFO - __main__ -   
Labels 		Precision	Recall		F1 score	Support
Short  		0.5946    	0.7727 		0.6721   	484
Long   		0.6875    	0.4869 		0.5701   	497

F1-macro	0.6211
10/13/2020 17:14:32 - INFO - __main__ -   	EPOCH:   6	MiniBatch:    0
10/13/2020 17:14:48 - INFO - __main__ -   	EPOCH:   6	MiniBatch:   10
10/13/2020 17:15:05 - INFO - __main__ -   	EPOCH:   6	MiniBatch:   20
10/13/2020 17:15:22 - INFO - __main__ -   	EPOCH:   6	MiniBatch:   30
10/13/2020 17:15:39 - INFO - __main__ -   	EPOCH:   6	MiniBatch:   40
10/13/2020 17:15:55 - INFO - __main__ -   	EPOCH:   6	MiniBatch:   50
10/13/2020 17:16:12 - INFO - __main__ -   	EPOCH:   6	MiniBatch:   60
10/13/2020 17:16:29 - INFO - __main__ -   	EPOCH:   6	MiniBatch:   70
10/13/2020 17:16:45 - INFO - __main__ -   	EPOCH:   6	MiniBatch:   80
10/13/2020 17:17:02 - INFO - __main__ -   	EPOCH:   6	MiniBatch:   90
10/13/2020 17:17:19 - INFO - __main__ -   	EPOCH:   6	MiniBatch:  100
10/13/2020 17:17:35 - INFO - __main__ -   	EPOCH:   6	MiniBatch:  110
10/13/2020 17:17:52 - INFO - __main__ -   	EPOCH:   6	MiniBatch:  120
10/13/2020 17:18:09 - INFO - __main__ -   	EPOCH:   6	MiniBatch:  130
10/13/2020 17:18:26 - INFO - __main__ -   	EPOCH:   6	MiniBatch:  140
10/13/2020 17:18:42 - INFO - __main__ -   	EPOCH:   6	MiniBatch:  150
10/13/2020 17:18:59 - INFO - __main__ -   	EPOCH:   6	MiniBatch:  160
10/13/2020 17:19:16 - INFO - __main__ -   	EPOCH:   6	MiniBatch:  170
10/13/2020 17:19:32 - INFO - __main__ -   	EPOCH:   6	MiniBatch:  180
10/13/2020 17:19:49 - INFO - __main__ -   	EPOCH:   6	MiniBatch:  190
10/13/2020 17:20:06 - INFO - __main__ -   	EPOCH:   6	MiniBatch:  200
10/13/2020 17:20:22 - INFO - __main__ -   	EPOCH:   6	MiniBatch:  210
10/13/2020 17:20:39 - INFO - __main__ -   	EPOCH:   6	MiniBatch:  220
10/13/2020 17:20:56 - INFO - __main__ -   	EPOCH:   6	MiniBatch:  230
10/13/2020 17:21:12 - INFO - __main__ -   	EPOCH:   6	MiniBatch:  240
10/13/2020 17:21:29 - INFO - __main__ -   	EPOCH:   6	MiniBatch:  250
10/13/2020 17:21:46 - INFO - __main__ -   	EPOCH:   6	MiniBatch:  260
10/13/2020 17:22:03 - INFO - __main__ -   	EPOCH:   6	MiniBatch:  270
10/13/2020 17:22:19 - INFO - __main__ -   	EPOCH:   6	MiniBatch:  280
10/13/2020 17:22:36 - INFO - __main__ -   	EPOCH:   6	MiniBatch:  290
10/13/2020 17:22:53 - INFO - __main__ -   	EPOCH:   6	MiniBatch:  300
10/13/2020 17:23:09 - INFO - __main__ -   	EPOCH:   6	MiniBatch:  310
10/13/2020 17:23:26 - INFO - __main__ -   	EPOCH:   6	MiniBatch:  320
10/13/2020 17:23:43 - INFO - __main__ -   	EPOCH:   6	MiniBatch:  330
10/13/2020 17:24:00 - INFO - __main__ -   	EPOCH:   6	MiniBatch:  340
10/13/2020 17:24:16 - INFO - __main__ -   	EPOCH:   6	MiniBatch:  350
10/13/2020 17:24:33 - INFO - __main__ -   	EPOCH:   6	MiniBatch:  360
10/13/2020 17:24:50 - INFO - __main__ -   	EPOCH:   6	MiniBatch:  370
10/13/2020 17:25:06 - INFO - __main__ -   	EPOCH:   6	MiniBatch:  380
10/13/2020 17:25:23 - INFO - __main__ -   	EPOCH:   6	MiniBatch:  390
10/13/2020 17:25:40 - INFO - __main__ -   	EPOCH:   6	MiniBatch:  400
10/13/2020 17:25:57 - INFO - __main__ -   	EPOCH:   6	MiniBatch:  410
10/13/2020 17:26:13 - INFO - __main__ -   	EPOCH:   6	MiniBatch:  420
10/13/2020 17:26:30 - INFO - __main__ -   	EPOCH:   6	MiniBatch:  430
10/13/2020 17:26:47 - INFO - __main__ -   	EPOCH:   6	MiniBatch:  440
10/13/2020 17:27:03 - INFO - __main__ -   	EPOCH:   6	MiniBatch:  450
10/13/2020 17:27:20 - INFO - __main__ -   	EPOCH:   6	MiniBatch:  460
10/13/2020 17:27:37 - INFO - __main__ -   	EPOCH:   6	MiniBatch:  470
10/13/2020 17:27:54 - INFO - __main__ -   	EPOCH:   6	MiniBatch:  480
10/13/2020 17:28:10 - INFO - __main__ -   	EPOCH:   6	MiniBatch:  490
10/13/2020 17:28:12 - INFO - __main__ -   	Testing dev set minibatch:    0
10/13/2020 17:28:19 - INFO - __main__ -   	Testing dev set minibatch:   10
10/13/2020 17:28:26 - INFO - __main__ -   	Testing dev set minibatch:   20
10/13/2020 17:28:33 - INFO - __main__ -   	Testing dev set minibatch:   30
10/13/2020 17:28:41 - INFO - __main__ -   	Testing dev set minibatch:   40
10/13/2020 17:28:48 - INFO - __main__ -   	Testing dev set minibatch:   50
10/13/2020 17:28:55 - INFO - __main__ -   	Testing dev set minibatch:   60
10/13/2020 17:28:57 - INFO - __main__ -   
Labels 		Precision	Recall		F1 score	Support
Empty  		0.0000    	0.0000 		0.0000   	69
Deny   		0.0000    	0.0000 		0.0000   	1029
Support		0.0267    	0.1402 		0.0448   	264
Query  		0.1771    	0.0218 		0.0389   	2199
Comment		0.0000    	0.0000 		0.0000   	0

F1-macro	0.0167
10/13/2020 17:28:57 - INFO - __main__ -   
Labels 		Precision	Recall		F1 score	Support
Short  		0.6872    	0.5992 		0.6402   	484
Long   		0.6530    	0.7344 		0.6913   	497

F1-macro	0.6657
10/13/2020 17:28:57 - INFO - __main__ -   	EPOCH:   7	MiniBatch:    0
10/13/2020 17:29:13 - INFO - __main__ -   	EPOCH:   7	MiniBatch:   10
10/13/2020 17:29:30 - INFO - __main__ -   	EPOCH:   7	MiniBatch:   20
10/13/2020 17:29:47 - INFO - __main__ -   	EPOCH:   7	MiniBatch:   30
10/13/2020 17:30:03 - INFO - __main__ -   	EPOCH:   7	MiniBatch:   40
10/13/2020 17:30:20 - INFO - __main__ -   	EPOCH:   7	MiniBatch:   50
10/13/2020 17:30:37 - INFO - __main__ -   	EPOCH:   7	MiniBatch:   60
10/13/2020 17:30:53 - INFO - __main__ -   	EPOCH:   7	MiniBatch:   70
10/13/2020 17:31:10 - INFO - __main__ -   	EPOCH:   7	MiniBatch:   80
10/13/2020 17:31:27 - INFO - __main__ -   	EPOCH:   7	MiniBatch:   90
10/13/2020 17:31:43 - INFO - __main__ -   	EPOCH:   7	MiniBatch:  100
10/13/2020 17:32:00 - INFO - __main__ -   	EPOCH:   7	MiniBatch:  110
10/13/2020 17:32:17 - INFO - __main__ -   	EPOCH:   7	MiniBatch:  120
10/13/2020 17:32:33 - INFO - __main__ -   	EPOCH:   7	MiniBatch:  130
10/13/2020 17:32:50 - INFO - __main__ -   	EPOCH:   7	MiniBatch:  140
10/13/2020 17:33:07 - INFO - __main__ -   	EPOCH:   7	MiniBatch:  150
10/13/2020 17:33:23 - INFO - __main__ -   	EPOCH:   7	MiniBatch:  160
10/13/2020 17:33:40 - INFO - __main__ -   	EPOCH:   7	MiniBatch:  170
10/13/2020 17:33:57 - INFO - __main__ -   	EPOCH:   7	MiniBatch:  180
10/13/2020 17:34:13 - INFO - __main__ -   	EPOCH:   7	MiniBatch:  190
10/13/2020 17:34:30 - INFO - __main__ -   	EPOCH:   7	MiniBatch:  200
10/13/2020 17:34:47 - INFO - __main__ -   	EPOCH:   7	MiniBatch:  210
10/13/2020 17:35:03 - INFO - __main__ -   	EPOCH:   7	MiniBatch:  220
10/13/2020 17:35:20 - INFO - __main__ -   	EPOCH:   7	MiniBatch:  230
10/13/2020 17:35:37 - INFO - __main__ -   	EPOCH:   7	MiniBatch:  240
10/13/2020 17:35:54 - INFO - __main__ -   	EPOCH:   7	MiniBatch:  250
10/13/2020 17:36:10 - INFO - __main__ -   	EPOCH:   7	MiniBatch:  260
10/13/2020 17:36:27 - INFO - __main__ -   	EPOCH:   7	MiniBatch:  270
10/13/2020 17:36:44 - INFO - __main__ -   	EPOCH:   7	MiniBatch:  280
10/13/2020 17:37:00 - INFO - __main__ -   	EPOCH:   7	MiniBatch:  290
10/13/2020 17:37:17 - INFO - __main__ -   	EPOCH:   7	MiniBatch:  300
10/13/2020 17:37:34 - INFO - __main__ -   	EPOCH:   7	MiniBatch:  310
10/13/2020 17:37:50 - INFO - __main__ -   	EPOCH:   7	MiniBatch:  320
10/13/2020 17:38:07 - INFO - __main__ -   	EPOCH:   7	MiniBatch:  330
10/13/2020 17:38:24 - INFO - __main__ -   	EPOCH:   7	MiniBatch:  340
10/13/2020 17:38:41 - INFO - __main__ -   	EPOCH:   7	MiniBatch:  350
10/13/2020 17:38:57 - INFO - __main__ -   	EPOCH:   7	MiniBatch:  360
10/13/2020 17:39:14 - INFO - __main__ -   	EPOCH:   7	MiniBatch:  370
10/13/2020 17:39:31 - INFO - __main__ -   	EPOCH:   7	MiniBatch:  380
10/13/2020 17:39:47 - INFO - __main__ -   	EPOCH:   7	MiniBatch:  390
10/13/2020 17:40:04 - INFO - __main__ -   	EPOCH:   7	MiniBatch:  400
10/13/2020 17:40:21 - INFO - __main__ -   	EPOCH:   7	MiniBatch:  410
10/13/2020 17:40:38 - INFO - __main__ -   	EPOCH:   7	MiniBatch:  420
10/13/2020 17:40:54 - INFO - __main__ -   	EPOCH:   7	MiniBatch:  430
10/13/2020 17:41:11 - INFO - __main__ -   	EPOCH:   7	MiniBatch:  440
10/13/2020 17:41:28 - INFO - __main__ -   	EPOCH:   7	MiniBatch:  450
10/13/2020 17:41:44 - INFO - __main__ -   	EPOCH:   7	MiniBatch:  460
10/13/2020 17:42:01 - INFO - __main__ -   	EPOCH:   7	MiniBatch:  470
10/13/2020 17:42:18 - INFO - __main__ -   	EPOCH:   7	MiniBatch:  480
10/13/2020 17:42:34 - INFO - __main__ -   	EPOCH:   7	MiniBatch:  490
10/13/2020 17:42:36 - INFO - __main__ -   	Testing dev set minibatch:    0
10/13/2020 17:42:43 - INFO - __main__ -   	Testing dev set minibatch:   10
10/13/2020 17:42:50 - INFO - __main__ -   	Testing dev set minibatch:   20
10/13/2020 17:42:58 - INFO - __main__ -   	Testing dev set minibatch:   30
10/13/2020 17:43:05 - INFO - __main__ -   	Testing dev set minibatch:   40
10/13/2020 17:43:12 - INFO - __main__ -   	Testing dev set minibatch:   50
10/13/2020 17:43:19 - INFO - __main__ -   	Testing dev set minibatch:   60
10/13/2020 17:43:21 - INFO - __main__ -   
Labels 		Precision	Recall		F1 score	Support
Empty  		0.0000    	0.0000 		0.0000   	69
Deny   		0.0000    	0.0000 		0.0000   	1029
Support		0.0250    	0.1250 		0.0416   	264
Query  		0.1647    	0.0186 		0.0335   	2199
Comment		0.0000    	0.0000 		0.0000   	0

F1-macro	0.0150
10/13/2020 17:43:21 - INFO - __main__ -   
Labels 		Precision	Recall		F1 score	Support
Short  		0.6651    	0.5992 		0.6304   	484
Long   		0.6440    	0.7062 		0.6737   	497

F1-macro	0.6521
10/13/2020 17:43:21 - INFO - __main__ -   	EPOCH:   8	MiniBatch:    0
10/13/2020 17:43:37 - INFO - __main__ -   	EPOCH:   8	MiniBatch:   10
10/13/2020 17:43:54 - INFO - __main__ -   	EPOCH:   8	MiniBatch:   20
10/13/2020 17:44:11 - INFO - __main__ -   	EPOCH:   8	MiniBatch:   30
10/13/2020 17:44:28 - INFO - __main__ -   	EPOCH:   8	MiniBatch:   40
10/13/2020 17:44:44 - INFO - __main__ -   	EPOCH:   8	MiniBatch:   50
10/13/2020 17:45:01 - INFO - __main__ -   	EPOCH:   8	MiniBatch:   60
10/13/2020 17:45:18 - INFO - __main__ -   	EPOCH:   8	MiniBatch:   70
10/13/2020 17:45:34 - INFO - __main__ -   	EPOCH:   8	MiniBatch:   80
10/13/2020 17:45:51 - INFO - __main__ -   	EPOCH:   8	MiniBatch:   90
10/13/2020 17:46:08 - INFO - __main__ -   	EPOCH:   8	MiniBatch:  100
10/13/2020 17:46:24 - INFO - __main__ -   	EPOCH:   8	MiniBatch:  110
10/13/2020 17:46:41 - INFO - __main__ -   	EPOCH:   8	MiniBatch:  120
10/13/2020 17:46:58 - INFO - __main__ -   	EPOCH:   8	MiniBatch:  130
10/13/2020 17:47:14 - INFO - __main__ -   	EPOCH:   8	MiniBatch:  140
10/13/2020 17:47:31 - INFO - __main__ -   	EPOCH:   8	MiniBatch:  150
10/13/2020 17:47:48 - INFO - __main__ -   	EPOCH:   8	MiniBatch:  160
10/13/2020 17:48:05 - INFO - __main__ -   	EPOCH:   8	MiniBatch:  170
10/13/2020 17:48:21 - INFO - __main__ -   	EPOCH:   8	MiniBatch:  180
10/13/2020 17:48:38 - INFO - __main__ -   	EPOCH:   8	MiniBatch:  190
10/13/2020 17:48:55 - INFO - __main__ -   	EPOCH:   8	MiniBatch:  200
10/13/2020 17:49:11 - INFO - __main__ -   	EPOCH:   8	MiniBatch:  210
10/13/2020 17:49:28 - INFO - __main__ -   	EPOCH:   8	MiniBatch:  220
10/13/2020 17:49:45 - INFO - __main__ -   	EPOCH:   8	MiniBatch:  230
10/13/2020 17:50:01 - INFO - __main__ -   	EPOCH:   8	MiniBatch:  240
10/13/2020 17:50:18 - INFO - __main__ -   	EPOCH:   8	MiniBatch:  250
10/13/2020 17:50:35 - INFO - __main__ -   	EPOCH:   8	MiniBatch:  260
10/13/2020 17:50:51 - INFO - __main__ -   	EPOCH:   8	MiniBatch:  270
10/13/2020 17:51:08 - INFO - __main__ -   	EPOCH:   8	MiniBatch:  280
10/13/2020 17:51:25 - INFO - __main__ -   	EPOCH:   8	MiniBatch:  290
10/13/2020 17:51:41 - INFO - __main__ -   	EPOCH:   8	MiniBatch:  300
10/13/2020 17:51:58 - INFO - __main__ -   	EPOCH:   8	MiniBatch:  310
10/13/2020 17:52:15 - INFO - __main__ -   	EPOCH:   8	MiniBatch:  320
10/13/2020 17:52:31 - INFO - __main__ -   	EPOCH:   8	MiniBatch:  330
10/13/2020 17:52:48 - INFO - __main__ -   	EPOCH:   8	MiniBatch:  340
10/13/2020 17:53:05 - INFO - __main__ -   	EPOCH:   8	MiniBatch:  350
10/13/2020 17:53:21 - INFO - __main__ -   	EPOCH:   8	MiniBatch:  360
10/13/2020 17:53:38 - INFO - __main__ -   	EPOCH:   8	MiniBatch:  370
10/13/2020 17:53:55 - INFO - __main__ -   	EPOCH:   8	MiniBatch:  380
10/13/2020 17:54:11 - INFO - __main__ -   	EPOCH:   8	MiniBatch:  390
10/13/2020 17:54:28 - INFO - __main__ -   	EPOCH:   8	MiniBatch:  400
10/13/2020 17:54:45 - INFO - __main__ -   	EPOCH:   8	MiniBatch:  410
10/13/2020 17:55:02 - INFO - __main__ -   	EPOCH:   8	MiniBatch:  420
10/13/2020 17:55:19 - INFO - __main__ -   	EPOCH:   8	MiniBatch:  430
10/13/2020 17:55:35 - INFO - __main__ -   	EPOCH:   8	MiniBatch:  440
10/13/2020 17:55:52 - INFO - __main__ -   	EPOCH:   8	MiniBatch:  450
10/13/2020 17:56:09 - INFO - __main__ -   	EPOCH:   8	MiniBatch:  460
10/13/2020 17:56:25 - INFO - __main__ -   	EPOCH:   8	MiniBatch:  470
10/13/2020 17:56:42 - INFO - __main__ -   	EPOCH:   8	MiniBatch:  480
10/13/2020 17:56:59 - INFO - __main__ -   	EPOCH:   8	MiniBatch:  490
10/13/2020 17:57:00 - INFO - __main__ -   	Testing dev set minibatch:    0
10/13/2020 17:57:07 - INFO - __main__ -   	Testing dev set minibatch:   10
10/13/2020 17:57:15 - INFO - __main__ -   	Testing dev set minibatch:   20
10/13/2020 17:57:22 - INFO - __main__ -   	Testing dev set minibatch:   30
10/13/2020 17:57:29 - INFO - __main__ -   	Testing dev set minibatch:   40
10/13/2020 17:57:37 - INFO - __main__ -   	Testing dev set minibatch:   50
10/13/2020 17:57:44 - INFO - __main__ -   	Testing dev set minibatch:   60
10/13/2020 17:57:45 - INFO - __main__ -   
Labels 		Precision	Recall		F1 score	Support
Empty  		0.0000    	0.0000 		0.0000   	69
Deny   		0.0000    	0.0000 		0.0000   	1029
Support		0.0254    	0.1288 		0.0424   	264
Query  		0.1673    	0.0186 		0.0336   	2199
Comment		0.0000    	0.0000 		0.0000   	0

F1-macro	0.0152
10/13/2020 17:57:45 - INFO - __main__ -   
Labels 		Precision	Recall		F1 score	Support
Short  		0.6121    	0.7335 		0.6673   	484
Long   		0.6783    	0.5473 		0.6058   	497

F1-macro	0.6365
10/13/2020 17:57:45 - INFO - __main__ -   	EPOCH:   9	MiniBatch:    0
10/13/2020 17:58:02 - INFO - __main__ -   	EPOCH:   9	MiniBatch:   10
10/13/2020 17:58:18 - INFO - __main__ -   	EPOCH:   9	MiniBatch:   20
10/13/2020 17:58:35 - INFO - __main__ -   	EPOCH:   9	MiniBatch:   30
10/13/2020 17:58:52 - INFO - __main__ -   	EPOCH:   9	MiniBatch:   40
10/13/2020 17:59:08 - INFO - __main__ -   	EPOCH:   9	MiniBatch:   50
10/13/2020 17:59:25 - INFO - __main__ -   	EPOCH:   9	MiniBatch:   60
10/13/2020 17:59:42 - INFO - __main__ -   	EPOCH:   9	MiniBatch:   70
10/13/2020 17:59:58 - INFO - __main__ -   	EPOCH:   9	MiniBatch:   80
10/13/2020 18:00:15 - INFO - __main__ -   	EPOCH:   9	MiniBatch:   90
10/13/2020 18:00:32 - INFO - __main__ -   	EPOCH:   9	MiniBatch:  100
10/13/2020 18:00:48 - INFO - __main__ -   	EPOCH:   9	MiniBatch:  110
10/13/2020 18:01:05 - INFO - __main__ -   	EPOCH:   9	MiniBatch:  120
10/13/2020 18:01:22 - INFO - __main__ -   	EPOCH:   9	MiniBatch:  130
10/13/2020 18:01:39 - INFO - __main__ -   	EPOCH:   9	MiniBatch:  140
10/13/2020 18:01:55 - INFO - __main__ -   	EPOCH:   9	MiniBatch:  150
10/13/2020 18:02:12 - INFO - __main__ -   	EPOCH:   9	MiniBatch:  160
10/13/2020 18:02:29 - INFO - __main__ -   	EPOCH:   9	MiniBatch:  170
10/13/2020 18:02:45 - INFO - __main__ -   	EPOCH:   9	MiniBatch:  180
10/13/2020 18:03:02 - INFO - __main__ -   	EPOCH:   9	MiniBatch:  190
10/13/2020 18:03:19 - INFO - __main__ -   	EPOCH:   9	MiniBatch:  200
10/13/2020 18:03:36 - INFO - __main__ -   	EPOCH:   9	MiniBatch:  210
10/13/2020 18:03:52 - INFO - __main__ -   	EPOCH:   9	MiniBatch:  220
10/13/2020 18:04:09 - INFO - __main__ -   	EPOCH:   9	MiniBatch:  230
10/13/2020 18:04:26 - INFO - __main__ -   	EPOCH:   9	MiniBatch:  240
10/13/2020 18:04:42 - INFO - __main__ -   	EPOCH:   9	MiniBatch:  250
10/13/2020 18:04:59 - INFO - __main__ -   	EPOCH:   9	MiniBatch:  260
10/13/2020 18:05:16 - INFO - __main__ -   	EPOCH:   9	MiniBatch:  270
10/13/2020 18:05:33 - INFO - __main__ -   	EPOCH:   9	MiniBatch:  280
10/13/2020 18:05:49 - INFO - __main__ -   	EPOCH:   9	MiniBatch:  290
10/13/2020 18:06:06 - INFO - __main__ -   	EPOCH:   9	MiniBatch:  300
10/13/2020 18:06:23 - INFO - __main__ -   	EPOCH:   9	MiniBatch:  310
10/13/2020 18:06:40 - INFO - __main__ -   	EPOCH:   9	MiniBatch:  320
10/13/2020 18:06:56 - INFO - __main__ -   	EPOCH:   9	MiniBatch:  330
10/13/2020 18:07:13 - INFO - __main__ -   	EPOCH:   9	MiniBatch:  340
10/13/2020 18:07:30 - INFO - __main__ -   	EPOCH:   9	MiniBatch:  350
10/13/2020 18:07:46 - INFO - __main__ -   	EPOCH:   9	MiniBatch:  360
10/13/2020 18:08:03 - INFO - __main__ -   	EPOCH:   9	MiniBatch:  370
10/13/2020 18:08:20 - INFO - __main__ -   	EPOCH:   9	MiniBatch:  380
10/13/2020 18:08:36 - INFO - __main__ -   	EPOCH:   9	MiniBatch:  390
10/13/2020 18:08:53 - INFO - __main__ -   	EPOCH:   9	MiniBatch:  400
10/13/2020 18:09:10 - INFO - __main__ -   	EPOCH:   9	MiniBatch:  410
10/13/2020 18:09:27 - INFO - __main__ -   	EPOCH:   9	MiniBatch:  420
10/13/2020 18:09:43 - INFO - __main__ -   	EPOCH:   9	MiniBatch:  430
10/13/2020 18:10:00 - INFO - __main__ -   	EPOCH:   9	MiniBatch:  440
10/13/2020 18:10:17 - INFO - __main__ -   	EPOCH:   9	MiniBatch:  450
10/13/2020 18:10:33 - INFO - __main__ -   	EPOCH:   9	MiniBatch:  460
10/13/2020 18:10:50 - INFO - __main__ -   	EPOCH:   9	MiniBatch:  470
10/13/2020 18:11:07 - INFO - __main__ -   	EPOCH:   9	MiniBatch:  480
10/13/2020 18:11:24 - INFO - __main__ -   	EPOCH:   9	MiniBatch:  490
10/13/2020 18:11:25 - INFO - __main__ -   	Testing dev set minibatch:    0
10/13/2020 18:11:32 - INFO - __main__ -   	Testing dev set minibatch:   10
10/13/2020 18:11:40 - INFO - __main__ -   	Testing dev set minibatch:   20
10/13/2020 18:11:47 - INFO - __main__ -   	Testing dev set minibatch:   30
10/13/2020 18:11:54 - INFO - __main__ -   	Testing dev set minibatch:   40
10/13/2020 18:12:01 - INFO - __main__ -   	Testing dev set minibatch:   50
10/13/2020 18:12:09 - INFO - __main__ -   	Testing dev set minibatch:   60
10/13/2020 18:12:10 - INFO - __main__ -   
Labels 		Precision	Recall		F1 score	Support
Empty  		0.0000    	0.0000 		0.0000   	69
Deny   		0.1429    	0.0010 		0.0019   	1029
Support		0.0216    	0.1098 		0.0361   	264
Query  		0.1761    	0.0227 		0.0403   	2199
Comment		0.0000    	0.0000 		0.0000   	0

F1-macro	0.0157
10/13/2020 18:12:10 - INFO - __main__ -   
Labels 		Precision	Recall		F1 score	Support
Short  		0.6309    	0.6322 		0.6316   	484
Long   		0.6411    	0.6398 		0.6405   	497

F1-macro	0.6360
10/13/2020 18:12:10 - INFO - __main__ -   	EPOCH:  10	MiniBatch:    0
10/13/2020 18:12:27 - INFO - __main__ -   	EPOCH:  10	MiniBatch:   10
10/13/2020 18:12:43 - INFO - __main__ -   	EPOCH:  10	MiniBatch:   20
10/13/2020 18:13:00 - INFO - __main__ -   	EPOCH:  10	MiniBatch:   30
10/13/2020 18:13:17 - INFO - __main__ -   	EPOCH:  10	MiniBatch:   40
10/13/2020 18:13:33 - INFO - __main__ -   	EPOCH:  10	MiniBatch:   50
10/13/2020 18:13:50 - INFO - __main__ -   	EPOCH:  10	MiniBatch:   60
10/13/2020 18:14:07 - INFO - __main__ -   	EPOCH:  10	MiniBatch:   70
10/13/2020 18:14:23 - INFO - __main__ -   	EPOCH:  10	MiniBatch:   80
10/13/2020 18:14:40 - INFO - __main__ -   	EPOCH:  10	MiniBatch:   90
10/13/2020 18:14:57 - INFO - __main__ -   	EPOCH:  10	MiniBatch:  100
10/13/2020 18:15:13 - INFO - __main__ -   	EPOCH:  10	MiniBatch:  110
10/13/2020 18:15:30 - INFO - __main__ -   	EPOCH:  10	MiniBatch:  120
10/13/2020 18:15:47 - INFO - __main__ -   	EPOCH:  10	MiniBatch:  130
10/13/2020 18:16:03 - INFO - __main__ -   	EPOCH:  10	MiniBatch:  140
10/13/2020 18:16:20 - INFO - __main__ -   	EPOCH:  10	MiniBatch:  150
10/13/2020 18:16:37 - INFO - __main__ -   	EPOCH:  10	MiniBatch:  160
10/13/2020 18:16:53 - INFO - __main__ -   	EPOCH:  10	MiniBatch:  170
10/13/2020 18:17:10 - INFO - __main__ -   	EPOCH:  10	MiniBatch:  180
10/13/2020 18:17:27 - INFO - __main__ -   	EPOCH:  10	MiniBatch:  190
10/13/2020 18:17:43 - INFO - __main__ -   	EPOCH:  10	MiniBatch:  200
10/13/2020 18:18:00 - INFO - __main__ -   	EPOCH:  10	MiniBatch:  210
10/13/2020 18:18:17 - INFO - __main__ -   	EPOCH:  10	MiniBatch:  220
10/13/2020 18:18:33 - INFO - __main__ -   	EPOCH:  10	MiniBatch:  230
10/13/2020 18:18:50 - INFO - __main__ -   	EPOCH:  10	MiniBatch:  240
10/13/2020 18:19:07 - INFO - __main__ -   	EPOCH:  10	MiniBatch:  250
10/13/2020 18:19:24 - INFO - __main__ -   	EPOCH:  10	MiniBatch:  260
10/13/2020 18:19:40 - INFO - __main__ -   	EPOCH:  10	MiniBatch:  270
10/13/2020 18:19:57 - INFO - __main__ -   	EPOCH:  10	MiniBatch:  280
10/13/2020 18:20:13 - INFO - __main__ -   	EPOCH:  10	MiniBatch:  290
10/13/2020 18:20:30 - INFO - __main__ -   	EPOCH:  10	MiniBatch:  300
10/13/2020 18:20:47 - INFO - __main__ -   	EPOCH:  10	MiniBatch:  310
10/13/2020 18:21:04 - INFO - __main__ -   	EPOCH:  10	MiniBatch:  320
10/13/2020 18:21:20 - INFO - __main__ -   	EPOCH:  10	MiniBatch:  330
10/13/2020 18:21:37 - INFO - __main__ -   	EPOCH:  10	MiniBatch:  340
10/13/2020 18:21:54 - INFO - __main__ -   	EPOCH:  10	MiniBatch:  350
10/13/2020 18:22:10 - INFO - __main__ -   	EPOCH:  10	MiniBatch:  360
10/13/2020 18:22:27 - INFO - __main__ -   	EPOCH:  10	MiniBatch:  370
10/13/2020 18:22:44 - INFO - __main__ -   	EPOCH:  10	MiniBatch:  380
10/13/2020 18:23:01 - INFO - __main__ -   	EPOCH:  10	MiniBatch:  390
10/13/2020 18:23:17 - INFO - __main__ -   	EPOCH:  10	MiniBatch:  400
10/13/2020 18:23:34 - INFO - __main__ -   	EPOCH:  10	MiniBatch:  410
10/13/2020 18:23:51 - INFO - __main__ -   	EPOCH:  10	MiniBatch:  420
10/13/2020 18:24:07 - INFO - __main__ -   	EPOCH:  10	MiniBatch:  430
10/13/2020 18:24:24 - INFO - __main__ -   	EPOCH:  10	MiniBatch:  440
10/13/2020 18:24:41 - INFO - __main__ -   	EPOCH:  10	MiniBatch:  450
10/13/2020 18:24:57 - INFO - __main__ -   	EPOCH:  10	MiniBatch:  460
10/13/2020 18:25:14 - INFO - __main__ -   	EPOCH:  10	MiniBatch:  470
10/13/2020 18:25:31 - INFO - __main__ -   	EPOCH:  10	MiniBatch:  480
10/13/2020 18:25:48 - INFO - __main__ -   	EPOCH:  10	MiniBatch:  490
10/13/2020 18:25:49 - INFO - __main__ -   	Testing dev set minibatch:    0
10/13/2020 18:25:56 - INFO - __main__ -   	Testing dev set minibatch:   10
10/13/2020 18:26:04 - INFO - __main__ -   	Testing dev set minibatch:   20
10/13/2020 18:26:11 - INFO - __main__ -   	Testing dev set minibatch:   30
10/13/2020 18:26:18 - INFO - __main__ -   	Testing dev set minibatch:   40
10/13/2020 18:26:25 - INFO - __main__ -   	Testing dev set minibatch:   50
10/13/2020 18:26:33 - INFO - __main__ -   	Testing dev set minibatch:   60
10/13/2020 18:26:34 - INFO - __main__ -   
Labels 		Precision	Recall		F1 score	Support
Empty  		0.0000    	0.0000 		0.0000   	69
Deny   		0.0000    	0.0000 		0.0000   	1029
Support		0.0231    	0.1136 		0.0384   	264
Query  		0.1915    	0.0246 		0.0435   	2199
Comment		0.0000    	0.0000 		0.0000   	0

F1-macro	0.0164
10/13/2020 18:26:34 - INFO - __main__ -   
Labels 		Precision	Recall		F1 score	Support
Short  		0.6127    	0.6963 		0.6518   	484
Long   		0.6589    	0.5714 		0.6121   	497

F1-macro	0.6320
10/13/2020 18:26:34 - INFO - __main__ -   	EPOCH:  11	MiniBatch:    0
10/13/2020 18:26:51 - INFO - __main__ -   	EPOCH:  11	MiniBatch:   10
10/13/2020 18:27:07 - INFO - __main__ -   	EPOCH:  11	MiniBatch:   20
10/13/2020 18:27:24 - INFO - __main__ -   	EPOCH:  11	MiniBatch:   30
10/13/2020 18:27:41 - INFO - __main__ -   	EPOCH:  11	MiniBatch:   40
10/13/2020 18:27:57 - INFO - __main__ -   	EPOCH:  11	MiniBatch:   50
10/13/2020 18:28:14 - INFO - __main__ -   	EPOCH:  11	MiniBatch:   60
10/13/2020 18:28:31 - INFO - __main__ -   	EPOCH:  11	MiniBatch:   70
10/13/2020 18:28:48 - INFO - __main__ -   	EPOCH:  11	MiniBatch:   80
10/13/2020 18:29:04 - INFO - __main__ -   	EPOCH:  11	MiniBatch:   90
10/13/2020 18:29:21 - INFO - __main__ -   	EPOCH:  11	MiniBatch:  100
10/13/2020 18:29:38 - INFO - __main__ -   	EPOCH:  11	MiniBatch:  110
10/13/2020 18:29:54 - INFO - __main__ -   	EPOCH:  11	MiniBatch:  120
10/13/2020 18:30:11 - INFO - __main__ -   	EPOCH:  11	MiniBatch:  130
10/13/2020 18:30:28 - INFO - __main__ -   	EPOCH:  11	MiniBatch:  140
10/13/2020 18:30:44 - INFO - __main__ -   	EPOCH:  11	MiniBatch:  150
10/13/2020 18:31:01 - INFO - __main__ -   	EPOCH:  11	MiniBatch:  160
10/13/2020 18:31:18 - INFO - __main__ -   	EPOCH:  11	MiniBatch:  170
10/13/2020 18:31:34 - INFO - __main__ -   	EPOCH:  11	MiniBatch:  180
10/13/2020 18:31:51 - INFO - __main__ -   	EPOCH:  11	MiniBatch:  190
10/13/2020 18:32:08 - INFO - __main__ -   	EPOCH:  11	MiniBatch:  200
10/13/2020 18:32:24 - INFO - __main__ -   	EPOCH:  11	MiniBatch:  210
10/13/2020 18:32:41 - INFO - __main__ -   	EPOCH:  11	MiniBatch:  220
10/13/2020 18:32:58 - INFO - __main__ -   	EPOCH:  11	MiniBatch:  230
10/13/2020 18:33:15 - INFO - __main__ -   	EPOCH:  11	MiniBatch:  240
10/13/2020 18:33:31 - INFO - __main__ -   	EPOCH:  11	MiniBatch:  250
10/13/2020 18:33:48 - INFO - __main__ -   	EPOCH:  11	MiniBatch:  260
10/13/2020 18:34:05 - INFO - __main__ -   	EPOCH:  11	MiniBatch:  270
10/13/2020 18:34:21 - INFO - __main__ -   	EPOCH:  11	MiniBatch:  280
10/13/2020 18:34:38 - INFO - __main__ -   	EPOCH:  11	MiniBatch:  290
10/13/2020 18:34:55 - INFO - __main__ -   	EPOCH:  11	MiniBatch:  300
10/13/2020 18:35:11 - INFO - __main__ -   	EPOCH:  11	MiniBatch:  310
10/13/2020 18:35:28 - INFO - __main__ -   	EPOCH:  11	MiniBatch:  320
10/13/2020 18:35:45 - INFO - __main__ -   	EPOCH:  11	MiniBatch:  330
10/13/2020 18:36:01 - INFO - __main__ -   	EPOCH:  11	MiniBatch:  340
10/13/2020 18:36:18 - INFO - __main__ -   	EPOCH:  11	MiniBatch:  350
10/13/2020 18:36:35 - INFO - __main__ -   	EPOCH:  11	MiniBatch:  360
10/13/2020 18:36:52 - INFO - __main__ -   	EPOCH:  11	MiniBatch:  370
10/13/2020 18:37:08 - INFO - __main__ -   	EPOCH:  11	MiniBatch:  380
10/13/2020 18:37:25 - INFO - __main__ -   	EPOCH:  11	MiniBatch:  390
10/13/2020 18:37:42 - INFO - __main__ -   	EPOCH:  11	MiniBatch:  400
10/13/2020 18:37:58 - INFO - __main__ -   	EPOCH:  11	MiniBatch:  410
10/13/2020 18:38:15 - INFO - __main__ -   	EPOCH:  11	MiniBatch:  420
10/13/2020 18:38:32 - INFO - __main__ -   	EPOCH:  11	MiniBatch:  430
10/13/2020 18:38:48 - INFO - __main__ -   	EPOCH:  11	MiniBatch:  440
10/13/2020 18:39:05 - INFO - __main__ -   	EPOCH:  11	MiniBatch:  450
10/13/2020 18:39:22 - INFO - __main__ -   	EPOCH:  11	MiniBatch:  460
10/13/2020 18:39:38 - INFO - __main__ -   	EPOCH:  11	MiniBatch:  470
10/13/2020 18:39:55 - INFO - __main__ -   	EPOCH:  11	MiniBatch:  480
10/13/2020 18:40:12 - INFO - __main__ -   	EPOCH:  11	MiniBatch:  490
10/13/2020 18:40:13 - INFO - __main__ -   	Testing dev set minibatch:    0
10/13/2020 18:40:21 - INFO - __main__ -   	Testing dev set minibatch:   10
10/13/2020 18:40:28 - INFO - __main__ -   	Testing dev set minibatch:   20
10/13/2020 18:40:35 - INFO - __main__ -   	Testing dev set minibatch:   30
10/13/2020 18:40:42 - INFO - __main__ -   	Testing dev set minibatch:   40
10/13/2020 18:40:50 - INFO - __main__ -   	Testing dev set minibatch:   50
10/13/2020 18:40:57 - INFO - __main__ -   	Testing dev set minibatch:   60
10/13/2020 18:40:58 - INFO - __main__ -   
Labels 		Precision	Recall		F1 score	Support
Empty  		0.0000    	0.0000 		0.0000   	69
Deny   		0.1667    	0.0010 		0.0019   	1029
Support		0.0181    	0.0871 		0.0300   	264
Query  		0.1862    	0.0246 		0.0434   	2199
Comment		0.0000    	0.0000 		0.0000   	0

F1-macro	0.0151
10/13/2020 18:40:58 - INFO - __main__ -   
Labels 		Precision	Recall		F1 score	Support
Short  		0.7088    	0.5331 		0.6085   	484
Long   		0.6337    	0.7867 		0.7020   	497

F1-macro	0.6552
10/13/2020 18:40:58 - INFO - __main__ -   	EPOCH:  12	MiniBatch:    0
10/13/2020 18:41:15 - INFO - __main__ -   	EPOCH:  12	MiniBatch:   10
10/13/2020 18:41:31 - INFO - __main__ -   	EPOCH:  12	MiniBatch:   20
10/13/2020 18:41:48 - INFO - __main__ -   	EPOCH:  12	MiniBatch:   30
10/13/2020 18:42:05 - INFO - __main__ -   	EPOCH:  12	MiniBatch:   40
10/13/2020 18:42:22 - INFO - __main__ -   	EPOCH:  12	MiniBatch:   50
10/13/2020 18:42:38 - INFO - __main__ -   	EPOCH:  12	MiniBatch:   60
10/13/2020 18:42:55 - INFO - __main__ -   	EPOCH:  12	MiniBatch:   70
10/13/2020 18:43:12 - INFO - __main__ -   	EPOCH:  12	MiniBatch:   80
10/13/2020 18:43:28 - INFO - __main__ -   	EPOCH:  12	MiniBatch:   90
10/13/2020 18:43:45 - INFO - __main__ -   	EPOCH:  12	MiniBatch:  100
10/13/2020 18:44:02 - INFO - __main__ -   	EPOCH:  12	MiniBatch:  110
10/13/2020 18:44:18 - INFO - __main__ -   	EPOCH:  12	MiniBatch:  120
10/13/2020 18:44:35 - INFO - __main__ -   	EPOCH:  12	MiniBatch:  130
10/13/2020 18:44:52 - INFO - __main__ -   	EPOCH:  12	MiniBatch:  140
10/13/2020 18:45:08 - INFO - __main__ -   	EPOCH:  12	MiniBatch:  150
10/13/2020 18:45:25 - INFO - __main__ -   	EPOCH:  12	MiniBatch:  160
10/13/2020 18:45:42 - INFO - __main__ -   	EPOCH:  12	MiniBatch:  170
10/13/2020 18:45:59 - INFO - __main__ -   	EPOCH:  12	MiniBatch:  180
10/13/2020 18:46:15 - INFO - __main__ -   	EPOCH:  12	MiniBatch:  190
10/13/2020 18:46:32 - INFO - __main__ -   	EPOCH:  12	MiniBatch:  200
10/13/2020 18:46:49 - INFO - __main__ -   	EPOCH:  12	MiniBatch:  210
10/13/2020 18:47:05 - INFO - __main__ -   	EPOCH:  12	MiniBatch:  220
10/13/2020 18:47:22 - INFO - __main__ -   	EPOCH:  12	MiniBatch:  230
10/13/2020 18:47:39 - INFO - __main__ -   	EPOCH:  12	MiniBatch:  240
10/13/2020 18:47:55 - INFO - __main__ -   	EPOCH:  12	MiniBatch:  250
10/13/2020 18:48:12 - INFO - __main__ -   	EPOCH:  12	MiniBatch:  260
10/13/2020 18:48:29 - INFO - __main__ -   	EPOCH:  12	MiniBatch:  270
10/13/2020 18:48:45 - INFO - __main__ -   	EPOCH:  12	MiniBatch:  280
10/13/2020 18:49:02 - INFO - __main__ -   	EPOCH:  12	MiniBatch:  290
10/13/2020 18:49:19 - INFO - __main__ -   	EPOCH:  12	MiniBatch:  300
10/13/2020 18:49:35 - INFO - __main__ -   	EPOCH:  12	MiniBatch:  310
10/13/2020 18:49:52 - INFO - __main__ -   	EPOCH:  12	MiniBatch:  320
10/13/2020 18:50:09 - INFO - __main__ -   	EPOCH:  12	MiniBatch:  330
10/13/2020 18:50:25 - INFO - __main__ -   	EPOCH:  12	MiniBatch:  340
10/13/2020 18:50:42 - INFO - __main__ -   	EPOCH:  12	MiniBatch:  350
10/13/2020 18:50:59 - INFO - __main__ -   	EPOCH:  12	MiniBatch:  360
10/13/2020 18:51:15 - INFO - __main__ -   	EPOCH:  12	MiniBatch:  370
10/13/2020 18:51:32 - INFO - __main__ -   	EPOCH:  12	MiniBatch:  380
10/13/2020 18:51:49 - INFO - __main__ -   	EPOCH:  12	MiniBatch:  390
10/13/2020 18:52:05 - INFO - __main__ -   	EPOCH:  12	MiniBatch:  400
10/13/2020 18:52:22 - INFO - __main__ -   	EPOCH:  12	MiniBatch:  410
10/13/2020 18:52:39 - INFO - __main__ -   	EPOCH:  12	MiniBatch:  420
10/13/2020 18:52:55 - INFO - __main__ -   	EPOCH:  12	MiniBatch:  430
10/13/2020 18:53:12 - INFO - __main__ -   	EPOCH:  12	MiniBatch:  440
10/13/2020 18:53:29 - INFO - __main__ -   	EPOCH:  12	MiniBatch:  450
10/13/2020 18:53:46 - INFO - __main__ -   	EPOCH:  12	MiniBatch:  460
10/13/2020 18:54:03 - INFO - __main__ -   	EPOCH:  12	MiniBatch:  470
10/13/2020 18:54:19 - INFO - __main__ -   	EPOCH:  12	MiniBatch:  480
10/13/2020 18:54:36 - INFO - __main__ -   	EPOCH:  12	MiniBatch:  490
10/13/2020 18:54:37 - INFO - __main__ -   	Testing dev set minibatch:    0
10/13/2020 18:54:45 - INFO - __main__ -   	Testing dev set minibatch:   10
10/13/2020 18:54:52 - INFO - __main__ -   	Testing dev set minibatch:   20
10/13/2020 18:54:59 - INFO - __main__ -   	Testing dev set minibatch:   30
10/13/2020 18:55:07 - INFO - __main__ -   	Testing dev set minibatch:   40
10/13/2020 18:55:14 - INFO - __main__ -   	Testing dev set minibatch:   50
10/13/2020 18:55:21 - INFO - __main__ -   	Testing dev set minibatch:   60
10/13/2020 18:55:22 - INFO - __main__ -   
Labels 		Precision	Recall		F1 score	Support
Empty  		0.0000    	0.0000 		0.0000   	69
Deny   		0.0000    	0.0000 		0.0000   	1029
Support		0.0195    	0.0909 		0.0321   	264
Query  		0.1660    	0.0200 		0.0357   	2199
Comment		0.0000    	0.0000 		0.0000   	0

F1-macro	0.0136
10/13/2020 18:55:22 - INFO - __main__ -   
Labels 		Precision	Recall		F1 score	Support
Short  		0.6645    	0.6467 		0.6555   	484
Long   		0.6647    	0.6821 		0.6733   	497

F1-macro	0.6644
10/13/2020 18:55:22 - INFO - __main__ -   	EPOCH:  13	MiniBatch:    0
10/13/2020 18:55:39 - INFO - __main__ -   	EPOCH:  13	MiniBatch:   10
10/13/2020 18:55:56 - INFO - __main__ -   	EPOCH:  13	MiniBatch:   20
10/13/2020 18:56:13 - INFO - __main__ -   	EPOCH:  13	MiniBatch:   30
10/13/2020 18:56:29 - INFO - __main__ -   	EPOCH:  13	MiniBatch:   40
10/13/2020 18:56:46 - INFO - __main__ -   	EPOCH:  13	MiniBatch:   50
10/13/2020 18:57:03 - INFO - __main__ -   	EPOCH:  13	MiniBatch:   60
10/13/2020 18:57:19 - INFO - __main__ -   	EPOCH:  13	MiniBatch:   70
10/13/2020 18:57:36 - INFO - __main__ -   	EPOCH:  13	MiniBatch:   80
10/13/2020 18:57:53 - INFO - __main__ -   	EPOCH:  13	MiniBatch:   90
10/13/2020 18:58:09 - INFO - __main__ -   	EPOCH:  13	MiniBatch:  100
10/13/2020 18:58:26 - INFO - __main__ -   	EPOCH:  13	MiniBatch:  110
10/13/2020 18:58:43 - INFO - __main__ -   	EPOCH:  13	MiniBatch:  120
10/13/2020 18:58:59 - INFO - __main__ -   	EPOCH:  13	MiniBatch:  130
10/13/2020 18:59:16 - INFO - __main__ -   	EPOCH:  13	MiniBatch:  140
10/13/2020 18:59:33 - INFO - __main__ -   	EPOCH:  13	MiniBatch:  150
10/13/2020 18:59:49 - INFO - __main__ -   	EPOCH:  13	MiniBatch:  160
10/13/2020 19:00:06 - INFO - __main__ -   	EPOCH:  13	MiniBatch:  170
10/13/2020 19:00:23 - INFO - __main__ -   	EPOCH:  13	MiniBatch:  180
10/13/2020 19:00:40 - INFO - __main__ -   	EPOCH:  13	MiniBatch:  190
10/13/2020 19:00:56 - INFO - __main__ -   	EPOCH:  13	MiniBatch:  200
10/13/2020 19:01:13 - INFO - __main__ -   	EPOCH:  13	MiniBatch:  210
10/13/2020 19:01:30 - INFO - __main__ -   	EPOCH:  13	MiniBatch:  220
10/13/2020 19:01:46 - INFO - __main__ -   	EPOCH:  13	MiniBatch:  230
10/13/2020 19:02:03 - INFO - __main__ -   	EPOCH:  13	MiniBatch:  240
10/13/2020 19:02:20 - INFO - __main__ -   	EPOCH:  13	MiniBatch:  250
10/13/2020 19:02:36 - INFO - __main__ -   	EPOCH:  13	MiniBatch:  260
10/13/2020 19:02:53 - INFO - __main__ -   	EPOCH:  13	MiniBatch:  270
10/13/2020 19:03:10 - INFO - __main__ -   	EPOCH:  13	MiniBatch:  280
10/13/2020 19:03:26 - INFO - __main__ -   	EPOCH:  13	MiniBatch:  290
10/13/2020 19:03:43 - INFO - __main__ -   	EPOCH:  13	MiniBatch:  300
10/13/2020 19:04:00 - INFO - __main__ -   	EPOCH:  13	MiniBatch:  310
10/13/2020 19:04:16 - INFO - __main__ -   	EPOCH:  13	MiniBatch:  320
10/13/2020 19:04:33 - INFO - __main__ -   	EPOCH:  13	MiniBatch:  330
10/13/2020 19:04:50 - INFO - __main__ -   	EPOCH:  13	MiniBatch:  340
10/13/2020 19:05:07 - INFO - __main__ -   	EPOCH:  13	MiniBatch:  350
10/13/2020 19:05:23 - INFO - __main__ -   	EPOCH:  13	MiniBatch:  360
10/13/2020 19:05:40 - INFO - __main__ -   	EPOCH:  13	MiniBatch:  370
10/13/2020 19:05:57 - INFO - __main__ -   	EPOCH:  13	MiniBatch:  380
10/13/2020 19:06:13 - INFO - __main__ -   	EPOCH:  13	MiniBatch:  390
10/13/2020 19:06:30 - INFO - __main__ -   	EPOCH:  13	MiniBatch:  400
10/13/2020 19:06:47 - INFO - __main__ -   	EPOCH:  13	MiniBatch:  410
10/13/2020 19:07:03 - INFO - __main__ -   	EPOCH:  13	MiniBatch:  420
10/13/2020 19:07:20 - INFO - __main__ -   	EPOCH:  13	MiniBatch:  430
10/13/2020 19:07:37 - INFO - __main__ -   	EPOCH:  13	MiniBatch:  440
10/13/2020 19:07:53 - INFO - __main__ -   	EPOCH:  13	MiniBatch:  450
10/13/2020 19:08:10 - INFO - __main__ -   	EPOCH:  13	MiniBatch:  460
10/13/2020 19:08:27 - INFO - __main__ -   	EPOCH:  13	MiniBatch:  470
10/13/2020 19:08:43 - INFO - __main__ -   	EPOCH:  13	MiniBatch:  480
10/13/2020 19:09:00 - INFO - __main__ -   	EPOCH:  13	MiniBatch:  490
10/13/2020 19:09:02 - INFO - __main__ -   	Testing dev set minibatch:    0
10/13/2020 19:09:09 - INFO - __main__ -   	Testing dev set minibatch:   10
10/13/2020 19:09:16 - INFO - __main__ -   	Testing dev set minibatch:   20
10/13/2020 19:09:23 - INFO - __main__ -   	Testing dev set minibatch:   30
10/13/2020 19:09:31 - INFO - __main__ -   	Testing dev set minibatch:   40
10/13/2020 19:09:38 - INFO - __main__ -   	Testing dev set minibatch:   50
10/13/2020 19:09:45 - INFO - __main__ -   	Testing dev set minibatch:   60
10/13/2020 19:09:47 - INFO - __main__ -   
Labels 		Precision	Recall		F1 score	Support
Empty  		0.0000    	0.0000 		0.0000   	69
Deny   		0.0625    	0.0010 		0.0019   	1029
Support		0.0258    	0.1326 		0.0432   	264
Query  		0.1600    	0.0182 		0.0327   	2199
Comment		0.0000    	0.0000 		0.0000   	0

F1-macro	0.0156
10/13/2020 19:09:47 - INFO - __main__ -   
Labels 		Precision	Recall		F1 score	Support
Short  		0.6987    	0.5413 		0.6100   	484
Long   		0.6337    	0.7726 		0.6963   	497

F1-macro	0.6531
10/13/2020 19:09:47 - INFO - __main__ -   	EPOCH:  14	MiniBatch:    0
10/13/2020 19:10:03 - INFO - __main__ -   	EPOCH:  14	MiniBatch:   10
10/13/2020 19:10:20 - INFO - __main__ -   	EPOCH:  14	MiniBatch:   20
10/13/2020 19:10:37 - INFO - __main__ -   	EPOCH:  14	MiniBatch:   30
10/13/2020 19:10:53 - INFO - __main__ -   	EPOCH:  14	MiniBatch:   40
10/13/2020 19:11:10 - INFO - __main__ -   	EPOCH:  14	MiniBatch:   50
10/13/2020 19:11:27 - INFO - __main__ -   	EPOCH:  14	MiniBatch:   60
10/13/2020 19:11:43 - INFO - __main__ -   	EPOCH:  14	MiniBatch:   70
10/13/2020 19:12:00 - INFO - __main__ -   	EPOCH:  14	MiniBatch:   80
10/13/2020 19:12:17 - INFO - __main__ -   	EPOCH:  14	MiniBatch:   90
10/13/2020 19:12:33 - INFO - __main__ -   	EPOCH:  14	MiniBatch:  100
10/13/2020 19:12:50 - INFO - __main__ -   	EPOCH:  14	MiniBatch:  110
10/13/2020 19:13:07 - INFO - __main__ -   	EPOCH:  14	MiniBatch:  120
10/13/2020 19:13:23 - INFO - __main__ -   	EPOCH:  14	MiniBatch:  130
10/13/2020 19:13:40 - INFO - __main__ -   	EPOCH:  14	MiniBatch:  140
10/13/2020 19:13:57 - INFO - __main__ -   	EPOCH:  14	MiniBatch:  150
10/13/2020 19:14:13 - INFO - __main__ -   	EPOCH:  14	MiniBatch:  160
10/13/2020 19:14:30 - INFO - __main__ -   	EPOCH:  14	MiniBatch:  170
10/13/2020 19:14:47 - INFO - __main__ -   	EPOCH:  14	MiniBatch:  180
10/13/2020 19:15:03 - INFO - __main__ -   	EPOCH:  14	MiniBatch:  190
10/13/2020 19:15:20 - INFO - __main__ -   	EPOCH:  14	MiniBatch:  200
10/13/2020 19:15:37 - INFO - __main__ -   	EPOCH:  14	MiniBatch:  210
10/13/2020 19:15:54 - INFO - __main__ -   	EPOCH:  14	MiniBatch:  220
10/13/2020 19:16:10 - INFO - __main__ -   	EPOCH:  14	MiniBatch:  230
10/13/2020 19:16:27 - INFO - __main__ -   	EPOCH:  14	MiniBatch:  240
10/13/2020 19:16:44 - INFO - __main__ -   	EPOCH:  14	MiniBatch:  250
10/13/2020 19:17:00 - INFO - __main__ -   	EPOCH:  14	MiniBatch:  260
10/13/2020 19:17:17 - INFO - __main__ -   	EPOCH:  14	MiniBatch:  270
10/13/2020 19:17:34 - INFO - __main__ -   	EPOCH:  14	MiniBatch:  280
10/13/2020 19:17:50 - INFO - __main__ -   	EPOCH:  14	MiniBatch:  290
10/13/2020 19:18:07 - INFO - __main__ -   	EPOCH:  14	MiniBatch:  300
10/13/2020 19:18:24 - INFO - __main__ -   	EPOCH:  14	MiniBatch:  310
10/13/2020 19:18:40 - INFO - __main__ -   	EPOCH:  14	MiniBatch:  320
10/13/2020 19:18:57 - INFO - __main__ -   	EPOCH:  14	MiniBatch:  330
10/13/2020 19:19:14 - INFO - __main__ -   	EPOCH:  14	MiniBatch:  340
10/13/2020 19:19:30 - INFO - __main__ -   	EPOCH:  14	MiniBatch:  350
10/13/2020 19:19:47 - INFO - __main__ -   	EPOCH:  14	MiniBatch:  360
10/13/2020 19:20:04 - INFO - __main__ -   	EPOCH:  14	MiniBatch:  370
10/13/2020 19:20:20 - INFO - __main__ -   	EPOCH:  14	MiniBatch:  380
10/13/2020 19:20:37 - INFO - __main__ -   	EPOCH:  14	MiniBatch:  390
10/13/2020 19:20:54 - INFO - __main__ -   	EPOCH:  14	MiniBatch:  400
10/13/2020 19:21:10 - INFO - __main__ -   	EPOCH:  14	MiniBatch:  410
10/13/2020 19:21:27 - INFO - __main__ -   	EPOCH:  14	MiniBatch:  420
10/13/2020 19:21:44 - INFO - __main__ -   	EPOCH:  14	MiniBatch:  430
10/13/2020 19:22:00 - INFO - __main__ -   	EPOCH:  14	MiniBatch:  440
10/13/2020 19:22:17 - INFO - __main__ -   	EPOCH:  14	MiniBatch:  450
10/13/2020 19:22:34 - INFO - __main__ -   	EPOCH:  14	MiniBatch:  460
10/13/2020 19:22:50 - INFO - __main__ -   	EPOCH:  14	MiniBatch:  470
10/13/2020 19:23:07 - INFO - __main__ -   	EPOCH:  14	MiniBatch:  480
10/13/2020 19:23:24 - INFO - __main__ -   	EPOCH:  14	MiniBatch:  490
10/13/2020 19:23:25 - INFO - __main__ -   	Testing dev set minibatch:    0
10/13/2020 19:23:33 - INFO - __main__ -   	Testing dev set minibatch:   10
10/13/2020 19:23:40 - INFO - __main__ -   	Testing dev set minibatch:   20
10/13/2020 19:23:47 - INFO - __main__ -   	Testing dev set minibatch:   30
10/13/2020 19:23:54 - INFO - __main__ -   	Testing dev set minibatch:   40
10/13/2020 19:24:02 - INFO - __main__ -   	Testing dev set minibatch:   50
10/13/2020 19:24:09 - INFO - __main__ -   	Testing dev set minibatch:   60
10/13/2020 19:24:10 - INFO - __main__ -   
Labels 		Precision	Recall		F1 score	Support
Empty  		0.0000    	0.0000 		0.0000   	69
Deny   		0.0000    	0.0000 		0.0000   	1029
Support		0.0268    	0.1364 		0.0447   	264
Query  		0.2051    	0.0255 		0.0453   	2199
Comment		0.0000    	0.0000 		0.0000   	0

F1-macro	0.0180
10/13/2020 19:24:10 - INFO - __main__ -   
Labels 		Precision	Recall		F1 score	Support
Short  		0.6881    	0.5744 		0.6261   	484
Long   		0.6430    	0.7465 		0.6909   	497

F1-macro	0.6585
10/13/2020 19:24:10 - INFO - __main__ -   	EPOCH:  15	MiniBatch:    0
10/13/2020 19:24:27 - INFO - __main__ -   	EPOCH:  15	MiniBatch:   10
10/13/2020 19:24:44 - INFO - __main__ -   	EPOCH:  15	MiniBatch:   20
10/13/2020 19:25:00 - INFO - __main__ -   	EPOCH:  15	MiniBatch:   30
10/13/2020 19:25:17 - INFO - __main__ -   	EPOCH:  15	MiniBatch:   40
10/13/2020 19:25:34 - INFO - __main__ -   	EPOCH:  15	MiniBatch:   50
10/13/2020 19:25:50 - INFO - __main__ -   	EPOCH:  15	MiniBatch:   60
10/13/2020 19:26:07 - INFO - __main__ -   	EPOCH:  15	MiniBatch:   70
10/13/2020 19:26:24 - INFO - __main__ -   	EPOCH:  15	MiniBatch:   80
10/13/2020 19:26:40 - INFO - __main__ -   	EPOCH:  15	MiniBatch:   90
10/13/2020 19:26:57 - INFO - __main__ -   	EPOCH:  15	MiniBatch:  100
10/13/2020 19:27:14 - INFO - __main__ -   	EPOCH:  15	MiniBatch:  110
10/13/2020 19:27:30 - INFO - __main__ -   	EPOCH:  15	MiniBatch:  120
10/13/2020 19:27:47 - INFO - __main__ -   	EPOCH:  15	MiniBatch:  130
10/13/2020 19:28:04 - INFO - __main__ -   	EPOCH:  15	MiniBatch:  140
10/13/2020 19:28:20 - INFO - __main__ -   	EPOCH:  15	MiniBatch:  150
10/13/2020 19:28:37 - INFO - __main__ -   	EPOCH:  15	MiniBatch:  160
10/13/2020 19:28:54 - INFO - __main__ -   	EPOCH:  15	MiniBatch:  170
10/13/2020 19:29:10 - INFO - __main__ -   	EPOCH:  15	MiniBatch:  180
10/13/2020 19:29:27 - INFO - __main__ -   	EPOCH:  15	MiniBatch:  190
10/13/2020 19:29:44 - INFO - __main__ -   	EPOCH:  15	MiniBatch:  200
10/13/2020 19:30:00 - INFO - __main__ -   	EPOCH:  15	MiniBatch:  210
10/13/2020 19:30:17 - INFO - __main__ -   	EPOCH:  15	MiniBatch:  220
10/13/2020 19:30:34 - INFO - __main__ -   	EPOCH:  15	MiniBatch:  230
10/13/2020 19:30:50 - INFO - __main__ -   	EPOCH:  15	MiniBatch:  240
10/13/2020 19:31:07 - INFO - __main__ -   	EPOCH:  15	MiniBatch:  250
10/13/2020 19:31:24 - INFO - __main__ -   	EPOCH:  15	MiniBatch:  260
10/13/2020 19:31:41 - INFO - __main__ -   	EPOCH:  15	MiniBatch:  270
10/13/2020 19:31:58 - INFO - __main__ -   	EPOCH:  15	MiniBatch:  280
10/13/2020 19:32:14 - INFO - __main__ -   	EPOCH:  15	MiniBatch:  290
10/13/2020 19:32:31 - INFO - __main__ -   	EPOCH:  15	MiniBatch:  300
10/13/2020 19:32:48 - INFO - __main__ -   	EPOCH:  15	MiniBatch:  310
10/13/2020 19:33:04 - INFO - __main__ -   	EPOCH:  15	MiniBatch:  320
10/13/2020 19:33:21 - INFO - __main__ -   	EPOCH:  15	MiniBatch:  330
10/13/2020 19:33:38 - INFO - __main__ -   	EPOCH:  15	MiniBatch:  340
10/13/2020 19:33:55 - INFO - __main__ -   	EPOCH:  15	MiniBatch:  350
10/13/2020 19:34:11 - INFO - __main__ -   	EPOCH:  15	MiniBatch:  360
10/13/2020 19:34:28 - INFO - __main__ -   	EPOCH:  15	MiniBatch:  370
10/13/2020 19:34:45 - INFO - __main__ -   	EPOCH:  15	MiniBatch:  380
10/13/2020 19:35:01 - INFO - __main__ -   	EPOCH:  15	MiniBatch:  390
10/13/2020 19:35:18 - INFO - __main__ -   	EPOCH:  15	MiniBatch:  400
10/13/2020 19:35:35 - INFO - __main__ -   	EPOCH:  15	MiniBatch:  410
10/13/2020 19:35:51 - INFO - __main__ -   	EPOCH:  15	MiniBatch:  420
10/13/2020 19:36:08 - INFO - __main__ -   	EPOCH:  15	MiniBatch:  430
10/13/2020 19:36:25 - INFO - __main__ -   	EPOCH:  15	MiniBatch:  440
10/13/2020 19:36:41 - INFO - __main__ -   	EPOCH:  15	MiniBatch:  450
10/13/2020 19:36:58 - INFO - __main__ -   	EPOCH:  15	MiniBatch:  460
10/13/2020 19:37:15 - INFO - __main__ -   	EPOCH:  15	MiniBatch:  470
10/13/2020 19:37:31 - INFO - __main__ -   	EPOCH:  15	MiniBatch:  480
10/13/2020 19:37:48 - INFO - __main__ -   	EPOCH:  15	MiniBatch:  490
10/13/2020 19:37:49 - INFO - __main__ -   	Testing dev set minibatch:    0
10/13/2020 19:37:57 - INFO - __main__ -   	Testing dev set minibatch:   10
10/13/2020 19:38:04 - INFO - __main__ -   	Testing dev set minibatch:   20
10/13/2020 19:38:11 - INFO - __main__ -   	Testing dev set minibatch:   30
10/13/2020 19:38:19 - INFO - __main__ -   	Testing dev set minibatch:   40
10/13/2020 19:38:26 - INFO - __main__ -   	Testing dev set minibatch:   50
10/13/2020 19:38:33 - INFO - __main__ -   	Testing dev set minibatch:   60
10/13/2020 19:38:34 - INFO - __main__ -   
Labels 		Precision	Recall		F1 score	Support
Empty  		0.0000    	0.0000 		0.0000   	69
Deny   		0.0000    	0.0000 		0.0000   	1029
Support		0.0312    	0.1515 		0.0517   	264
Query  		0.1522    	0.0159 		0.0288   	2199
Comment		0.0000    	0.0000 		0.0000   	0

F1-macro	0.0161
10/13/2020 19:38:34 - INFO - __main__ -   
Labels 		Precision	Recall		F1 score	Support
Short  		0.6014    	0.6921 		0.6436   	484
Long   		0.6486    	0.5533 		0.5972   	497

F1-macro	0.6204
10/13/2020 19:38:34 - INFO - __main__ -   	EPOCH:  16	MiniBatch:    0
10/13/2020 19:38:51 - INFO - __main__ -   	EPOCH:  16	MiniBatch:   10
10/13/2020 19:39:08 - INFO - __main__ -   	EPOCH:  16	MiniBatch:   20
10/13/2020 19:39:24 - INFO - __main__ -   	EPOCH:  16	MiniBatch:   30
10/13/2020 19:39:41 - INFO - __main__ -   	EPOCH:  16	MiniBatch:   40
10/13/2020 19:39:58 - INFO - __main__ -   	EPOCH:  16	MiniBatch:   50
10/13/2020 19:40:15 - INFO - __main__ -   	EPOCH:  16	MiniBatch:   60
10/13/2020 19:40:31 - INFO - __main__ -   	EPOCH:  16	MiniBatch:   70
10/13/2020 19:40:48 - INFO - __main__ -   	EPOCH:  16	MiniBatch:   80
10/13/2020 19:41:05 - INFO - __main__ -   	EPOCH:  16	MiniBatch:   90
10/13/2020 19:41:21 - INFO - __main__ -   	EPOCH:  16	MiniBatch:  100
10/13/2020 19:41:38 - INFO - __main__ -   	EPOCH:  16	MiniBatch:  110
10/13/2020 19:41:55 - INFO - __main__ -   	EPOCH:  16	MiniBatch:  120
10/13/2020 19:42:11 - INFO - __main__ -   	EPOCH:  16	MiniBatch:  130
10/13/2020 19:42:28 - INFO - __main__ -   	EPOCH:  16	MiniBatch:  140
10/13/2020 19:42:45 - INFO - __main__ -   	EPOCH:  16	MiniBatch:  150
10/13/2020 19:43:02 - INFO - __main__ -   	EPOCH:  16	MiniBatch:  160
10/13/2020 19:43:18 - INFO - __main__ -   	EPOCH:  16	MiniBatch:  170
10/13/2020 19:43:35 - INFO - __main__ -   	EPOCH:  16	MiniBatch:  180
10/13/2020 19:43:52 - INFO - __main__ -   	EPOCH:  16	MiniBatch:  190
10/13/2020 19:44:08 - INFO - __main__ -   	EPOCH:  16	MiniBatch:  200
10/13/2020 19:44:25 - INFO - __main__ -   	EPOCH:  16	MiniBatch:  210
10/13/2020 19:44:42 - INFO - __main__ -   	EPOCH:  16	MiniBatch:  220
10/13/2020 19:44:58 - INFO - __main__ -   	EPOCH:  16	MiniBatch:  230
10/13/2020 19:45:15 - INFO - __main__ -   	EPOCH:  16	MiniBatch:  240
10/13/2020 19:45:32 - INFO - __main__ -   	EPOCH:  16	MiniBatch:  250
10/13/2020 19:45:49 - INFO - __main__ -   	EPOCH:  16	MiniBatch:  260
10/13/2020 19:46:05 - INFO - __main__ -   	EPOCH:  16	MiniBatch:  270
10/13/2020 19:46:22 - INFO - __main__ -   	EPOCH:  16	MiniBatch:  280
10/13/2020 19:46:39 - INFO - __main__ -   	EPOCH:  16	MiniBatch:  290
10/13/2020 19:46:55 - INFO - __main__ -   	EPOCH:  16	MiniBatch:  300
10/13/2020 19:47:12 - INFO - __main__ -   	EPOCH:  16	MiniBatch:  310
10/13/2020 19:47:29 - INFO - __main__ -   	EPOCH:  16	MiniBatch:  320
10/13/2020 19:47:45 - INFO - __main__ -   	EPOCH:  16	MiniBatch:  330
10/13/2020 19:48:02 - INFO - __main__ -   	EPOCH:  16	MiniBatch:  340
10/13/2020 19:48:19 - INFO - __main__ -   	EPOCH:  16	MiniBatch:  350
10/13/2020 19:48:36 - INFO - __main__ -   	EPOCH:  16	MiniBatch:  360
10/13/2020 19:48:52 - INFO - __main__ -   	EPOCH:  16	MiniBatch:  370
10/13/2020 19:49:09 - INFO - __main__ -   	EPOCH:  16	MiniBatch:  380
10/13/2020 19:49:26 - INFO - __main__ -   	EPOCH:  16	MiniBatch:  390
10/13/2020 19:49:42 - INFO - __main__ -   	EPOCH:  16	MiniBatch:  400
10/13/2020 19:49:59 - INFO - __main__ -   	EPOCH:  16	MiniBatch:  410
10/13/2020 19:50:16 - INFO - __main__ -   	EPOCH:  16	MiniBatch:  420
10/13/2020 19:50:32 - INFO - __main__ -   	EPOCH:  16	MiniBatch:  430
10/13/2020 19:50:49 - INFO - __main__ -   	EPOCH:  16	MiniBatch:  440
10/13/2020 19:51:06 - INFO - __main__ -   	EPOCH:  16	MiniBatch:  450
10/13/2020 19:51:22 - INFO - __main__ -   	EPOCH:  16	MiniBatch:  460
10/13/2020 19:51:39 - INFO - __main__ -   	EPOCH:  16	MiniBatch:  470
10/13/2020 19:51:56 - INFO - __main__ -   	EPOCH:  16	MiniBatch:  480
10/13/2020 19:52:13 - INFO - __main__ -   	EPOCH:  16	MiniBatch:  490
10/13/2020 19:52:14 - INFO - __main__ -   	Testing dev set minibatch:    0
10/13/2020 19:52:21 - INFO - __main__ -   	Testing dev set minibatch:   10
10/13/2020 19:52:28 - INFO - __main__ -   	Testing dev set minibatch:   20
10/13/2020 19:52:36 - INFO - __main__ -   	Testing dev set minibatch:   30
10/13/2020 19:52:43 - INFO - __main__ -   	Testing dev set minibatch:   40
10/13/2020 19:52:50 - INFO - __main__ -   	Testing dev set minibatch:   50
10/13/2020 19:52:58 - INFO - __main__ -   	Testing dev set minibatch:   60
10/13/2020 19:52:59 - INFO - __main__ -   
Labels 		Precision	Recall		F1 score	Support
Empty  		0.0000    	0.0000 		0.0000   	69
Deny   		0.1250    	0.0010 		0.0019   	1029
Support		0.0215    	0.1023 		0.0355   	264
Query  		0.1523    	0.0177 		0.0318   	2199
Comment		0.0000    	0.0000 		0.0000   	0

F1-macro	0.0138
10/13/2020 19:52:59 - INFO - __main__ -   
Labels 		Precision	Recall		F1 score	Support
Short  		0.6603    	0.5702 		0.6120   	484
Long   		0.6306    	0.7143 		0.6698   	497

F1-macro	0.6409
10/13/2020 19:52:59 - INFO - __main__ -   	EPOCH:  17	MiniBatch:    0
10/13/2020 19:53:15 - INFO - __main__ -   	EPOCH:  17	MiniBatch:   10
10/13/2020 19:53:32 - INFO - __main__ -   	EPOCH:  17	MiniBatch:   20
10/13/2020 19:53:49 - INFO - __main__ -   	EPOCH:  17	MiniBatch:   30
10/13/2020 19:54:06 - INFO - __main__ -   	EPOCH:  17	MiniBatch:   40
10/13/2020 19:54:22 - INFO - __main__ -   	EPOCH:  17	MiniBatch:   50
10/13/2020 19:54:39 - INFO - __main__ -   	EPOCH:  17	MiniBatch:   60
10/13/2020 19:54:55 - INFO - __main__ -   	EPOCH:  17	MiniBatch:   70
10/13/2020 19:55:12 - INFO - __main__ -   	EPOCH:  17	MiniBatch:   80
10/13/2020 19:55:29 - INFO - __main__ -   	EPOCH:  17	MiniBatch:   90
10/13/2020 19:55:46 - INFO - __main__ -   	EPOCH:  17	MiniBatch:  100
10/13/2020 19:56:02 - INFO - __main__ -   	EPOCH:  17	MiniBatch:  110
10/13/2020 19:56:19 - INFO - __main__ -   	EPOCH:  17	MiniBatch:  120
10/13/2020 19:56:36 - INFO - __main__ -   	EPOCH:  17	MiniBatch:  130
10/13/2020 19:56:52 - INFO - __main__ -   	EPOCH:  17	MiniBatch:  140
10/13/2020 19:57:09 - INFO - __main__ -   	EPOCH:  17	MiniBatch:  150
10/13/2020 19:57:26 - INFO - __main__ -   	EPOCH:  17	MiniBatch:  160
10/13/2020 19:57:43 - INFO - __main__ -   	EPOCH:  17	MiniBatch:  170
10/13/2020 19:57:59 - INFO - __main__ -   	EPOCH:  17	MiniBatch:  180
10/13/2020 19:58:16 - INFO - __main__ -   	EPOCH:  17	MiniBatch:  190
10/13/2020 19:58:33 - INFO - __main__ -   	EPOCH:  17	MiniBatch:  200
10/13/2020 19:58:49 - INFO - __main__ -   	EPOCH:  17	MiniBatch:  210
10/13/2020 19:59:06 - INFO - __main__ -   	EPOCH:  17	MiniBatch:  220
10/13/2020 19:59:23 - INFO - __main__ -   	EPOCH:  17	MiniBatch:  230
10/13/2020 19:59:39 - INFO - __main__ -   	EPOCH:  17	MiniBatch:  240
10/13/2020 19:59:56 - INFO - __main__ -   	EPOCH:  17	MiniBatch:  250
10/13/2020 20:00:13 - INFO - __main__ -   	EPOCH:  17	MiniBatch:  260
10/13/2020 20:00:29 - INFO - __main__ -   	EPOCH:  17	MiniBatch:  270
10/13/2020 20:00:46 - INFO - __main__ -   	EPOCH:  17	MiniBatch:  280
10/13/2020 20:01:03 - INFO - __main__ -   	EPOCH:  17	MiniBatch:  290
10/13/2020 20:01:19 - INFO - __main__ -   	EPOCH:  17	MiniBatch:  300
10/13/2020 20:01:36 - INFO - __main__ -   	EPOCH:  17	MiniBatch:  310
10/13/2020 20:01:53 - INFO - __main__ -   	EPOCH:  17	MiniBatch:  320
10/13/2020 20:02:09 - INFO - __main__ -   	EPOCH:  17	MiniBatch:  330
10/13/2020 20:02:26 - INFO - __main__ -   	EPOCH:  17	MiniBatch:  340
10/13/2020 20:02:43 - INFO - __main__ -   	EPOCH:  17	MiniBatch:  350
10/13/2020 20:02:59 - INFO - __main__ -   	EPOCH:  17	MiniBatch:  360
10/13/2020 20:03:16 - INFO - __main__ -   	EPOCH:  17	MiniBatch:  370
10/13/2020 20:03:33 - INFO - __main__ -   	EPOCH:  17	MiniBatch:  380
10/13/2020 20:03:49 - INFO - __main__ -   	EPOCH:  17	MiniBatch:  390
10/13/2020 20:04:06 - INFO - __main__ -   	EPOCH:  17	MiniBatch:  400
10/13/2020 20:04:23 - INFO - __main__ -   	EPOCH:  17	MiniBatch:  410
10/13/2020 20:04:39 - INFO - __main__ -   	EPOCH:  17	MiniBatch:  420
10/13/2020 20:04:56 - INFO - __main__ -   	EPOCH:  17	MiniBatch:  430
10/13/2020 20:05:13 - INFO - __main__ -   	EPOCH:  17	MiniBatch:  440
10/13/2020 20:05:29 - INFO - __main__ -   	EPOCH:  17	MiniBatch:  450
10/13/2020 20:05:46 - INFO - __main__ -   	EPOCH:  17	MiniBatch:  460
10/13/2020 20:06:03 - INFO - __main__ -   	EPOCH:  17	MiniBatch:  470
10/13/2020 20:06:19 - INFO - __main__ -   	EPOCH:  17	MiniBatch:  480
10/13/2020 20:06:36 - INFO - __main__ -   	EPOCH:  17	MiniBatch:  490
10/13/2020 20:06:37 - INFO - __main__ -   	Testing dev set minibatch:    0
10/13/2020 20:06:45 - INFO - __main__ -   	Testing dev set minibatch:   10
10/13/2020 20:06:52 - INFO - __main__ -   	Testing dev set minibatch:   20
10/13/2020 20:06:59 - INFO - __main__ -   	Testing dev set minibatch:   30
10/13/2020 20:07:07 - INFO - __main__ -   	Testing dev set minibatch:   40
10/13/2020 20:07:14 - INFO - __main__ -   	Testing dev set minibatch:   50
10/13/2020 20:07:21 - INFO - __main__ -   	Testing dev set minibatch:   60
10/13/2020 20:07:22 - INFO - __main__ -   
Labels 		Precision	Recall		F1 score	Support
Empty  		0.0000    	0.0000 		0.0000   	69
Deny   		0.0000    	0.0000 		0.0000   	1029
Support		0.0260    	0.1288 		0.0433   	264
Query  		0.1986    	0.0250 		0.0444   	2199
Comment		0.0000    	0.0000 		0.0000   	0

F1-macro	0.0175
10/13/2020 20:07:22 - INFO - __main__ -   
Labels 		Precision	Recall		F1 score	Support
Short  		0.6840    	0.5723 		0.6232   	484
Long   		0.6406    	0.7425 		0.6878   	497

F1-macro	0.6555
10/13/2020 20:07:22 - INFO - __main__ -   	EPOCH:  18	MiniBatch:    0
10/13/2020 20:07:39 - INFO - __main__ -   	EPOCH:  18	MiniBatch:   10
10/13/2020 20:07:56 - INFO - __main__ -   	EPOCH:  18	MiniBatch:   20
10/13/2020 20:08:13 - INFO - __main__ -   	EPOCH:  18	MiniBatch:   30
10/13/2020 20:08:29 - INFO - __main__ -   	EPOCH:  18	MiniBatch:   40
10/13/2020 20:08:46 - INFO - __main__ -   	EPOCH:  18	MiniBatch:   50
10/13/2020 20:09:03 - INFO - __main__ -   	EPOCH:  18	MiniBatch:   60
10/13/2020 20:09:19 - INFO - __main__ -   	EPOCH:  18	MiniBatch:   70
10/13/2020 20:09:36 - INFO - __main__ -   	EPOCH:  18	MiniBatch:   80
10/13/2020 20:09:53 - INFO - __main__ -   	EPOCH:  18	MiniBatch:   90
10/13/2020 20:10:09 - INFO - __main__ -   	EPOCH:  18	MiniBatch:  100
10/13/2020 20:10:26 - INFO - __main__ -   	EPOCH:  18	MiniBatch:  110
10/13/2020 20:10:43 - INFO - __main__ -   	EPOCH:  18	MiniBatch:  120
10/13/2020 20:10:59 - INFO - __main__ -   	EPOCH:  18	MiniBatch:  130
10/13/2020 20:11:16 - INFO - __main__ -   	EPOCH:  18	MiniBatch:  140
10/13/2020 20:11:33 - INFO - __main__ -   	EPOCH:  18	MiniBatch:  150
10/13/2020 20:11:49 - INFO - __main__ -   	EPOCH:  18	MiniBatch:  160
10/13/2020 20:12:06 - INFO - __main__ -   	EPOCH:  18	MiniBatch:  170
10/13/2020 20:12:23 - INFO - __main__ -   	EPOCH:  18	MiniBatch:  180
10/13/2020 20:12:39 - INFO - __main__ -   	EPOCH:  18	MiniBatch:  190
10/13/2020 20:12:56 - INFO - __main__ -   	EPOCH:  18	MiniBatch:  200
10/13/2020 20:13:13 - INFO - __main__ -   	EPOCH:  18	MiniBatch:  210
10/13/2020 20:13:29 - INFO - __main__ -   	EPOCH:  18	MiniBatch:  220
10/13/2020 20:13:46 - INFO - __main__ -   	EPOCH:  18	MiniBatch:  230
10/13/2020 20:14:03 - INFO - __main__ -   	EPOCH:  18	MiniBatch:  240
10/13/2020 20:14:19 - INFO - __main__ -   	EPOCH:  18	MiniBatch:  250
10/13/2020 20:14:36 - INFO - __main__ -   	EPOCH:  18	MiniBatch:  260
10/13/2020 20:14:53 - INFO - __main__ -   	EPOCH:  18	MiniBatch:  270
10/13/2020 20:15:10 - INFO - __main__ -   	EPOCH:  18	MiniBatch:  280
10/13/2020 20:15:26 - INFO - __main__ -   	EPOCH:  18	MiniBatch:  290
10/13/2020 20:15:43 - INFO - __main__ -   	EPOCH:  18	MiniBatch:  300
10/13/2020 20:16:00 - INFO - __main__ -   	EPOCH:  18	MiniBatch:  310
10/13/2020 20:16:16 - INFO - __main__ -   	EPOCH:  18	MiniBatch:  320
10/13/2020 20:16:33 - INFO - __main__ -   	EPOCH:  18	MiniBatch:  330
10/13/2020 20:16:50 - INFO - __main__ -   	EPOCH:  18	MiniBatch:  340
10/13/2020 20:17:06 - INFO - __main__ -   	EPOCH:  18	MiniBatch:  350
10/13/2020 20:17:23 - INFO - __main__ -   	EPOCH:  18	MiniBatch:  360
10/13/2020 20:17:40 - INFO - __main__ -   	EPOCH:  18	MiniBatch:  370
10/13/2020 20:17:56 - INFO - __main__ -   	EPOCH:  18	MiniBatch:  380
10/13/2020 20:18:13 - INFO - __main__ -   	EPOCH:  18	MiniBatch:  390
10/13/2020 20:18:30 - INFO - __main__ -   	EPOCH:  18	MiniBatch:  400
10/13/2020 20:18:46 - INFO - __main__ -   	EPOCH:  18	MiniBatch:  410
10/13/2020 20:19:03 - INFO - __main__ -   	EPOCH:  18	MiniBatch:  420
10/13/2020 20:19:20 - INFO - __main__ -   	EPOCH:  18	MiniBatch:  430
10/13/2020 20:19:36 - INFO - __main__ -   	EPOCH:  18	MiniBatch:  440
10/13/2020 20:19:53 - INFO - __main__ -   	EPOCH:  18	MiniBatch:  450
10/13/2020 20:20:10 - INFO - __main__ -   	EPOCH:  18	MiniBatch:  460
10/13/2020 20:20:26 - INFO - __main__ -   	EPOCH:  18	MiniBatch:  470
10/13/2020 20:20:43 - INFO - __main__ -   	EPOCH:  18	MiniBatch:  480
10/13/2020 20:21:00 - INFO - __main__ -   	EPOCH:  18	MiniBatch:  490
10/13/2020 20:21:01 - INFO - __main__ -   	Testing dev set minibatch:    0
10/13/2020 20:21:08 - INFO - __main__ -   	Testing dev set minibatch:   10
10/13/2020 20:21:16 - INFO - __main__ -   	Testing dev set minibatch:   20
10/13/2020 20:21:23 - INFO - __main__ -   	Testing dev set minibatch:   30
10/13/2020 20:21:30 - INFO - __main__ -   	Testing dev set minibatch:   40
10/13/2020 20:21:38 - INFO - __main__ -   	Testing dev set minibatch:   50
10/13/2020 20:21:45 - INFO - __main__ -   	Testing dev set minibatch:   60
10/13/2020 20:21:46 - INFO - __main__ -   
Labels 		Precision	Recall		F1 score	Support
Empty  		0.0000    	0.0000 		0.0000   	69
Deny   		0.0000    	0.0000 		0.0000   	1029
Support		0.0250    	0.1174 		0.0412   	264
Query  		0.1336    	0.0132 		0.0240   	2199
Comment		0.0000    	0.0000 		0.0000   	0

F1-macro	0.0130
10/13/2020 20:21:46 - INFO - __main__ -   
Labels 		Precision	Recall		F1 score	Support
Short  		0.6099    	0.7107 		0.6565   	484
Long   		0.6643    	0.5573 		0.6061   	497

F1-macro	0.6313
10/13/2020 20:21:46 - INFO - __main__ -   	EPOCH:  19	MiniBatch:    0
10/13/2020 20:22:03 - INFO - __main__ -   	EPOCH:  19	MiniBatch:   10
10/13/2020 20:22:19 - INFO - __main__ -   	EPOCH:  19	MiniBatch:   20
10/13/2020 20:22:36 - INFO - __main__ -   	EPOCH:  19	MiniBatch:   30
10/13/2020 20:22:53 - INFO - __main__ -   	EPOCH:  19	MiniBatch:   40
10/13/2020 20:23:09 - INFO - __main__ -   	EPOCH:  19	MiniBatch:   50
10/13/2020 20:23:26 - INFO - __main__ -   	EPOCH:  19	MiniBatch:   60
10/13/2020 20:23:43 - INFO - __main__ -   	EPOCH:  19	MiniBatch:   70
10/13/2020 20:23:59 - INFO - __main__ -   	EPOCH:  19	MiniBatch:   80
10/13/2020 20:24:16 - INFO - __main__ -   	EPOCH:  19	MiniBatch:   90
10/13/2020 20:24:33 - INFO - __main__ -   	EPOCH:  19	MiniBatch:  100
10/13/2020 20:24:49 - INFO - __main__ -   	EPOCH:  19	MiniBatch:  110
10/13/2020 20:25:06 - INFO - __main__ -   	EPOCH:  19	MiniBatch:  120
10/13/2020 20:25:23 - INFO - __main__ -   	EPOCH:  19	MiniBatch:  130
10/13/2020 20:25:39 - INFO - __main__ -   	EPOCH:  19	MiniBatch:  140
10/13/2020 20:25:56 - INFO - __main__ -   	EPOCH:  19	MiniBatch:  150
10/13/2020 20:26:13 - INFO - __main__ -   	EPOCH:  19	MiniBatch:  160
10/13/2020 20:26:29 - INFO - __main__ -   	EPOCH:  19	MiniBatch:  170
10/13/2020 20:26:46 - INFO - __main__ -   	EPOCH:  19	MiniBatch:  180
10/13/2020 20:27:03 - INFO - __main__ -   	EPOCH:  19	MiniBatch:  190
10/13/2020 20:27:19 - INFO - __main__ -   	EPOCH:  19	MiniBatch:  200
10/13/2020 20:27:36 - INFO - __main__ -   	EPOCH:  19	MiniBatch:  210
10/13/2020 20:27:53 - INFO - __main__ -   	EPOCH:  19	MiniBatch:  220
10/13/2020 20:28:10 - INFO - __main__ -   	EPOCH:  19	MiniBatch:  230
10/13/2020 20:28:26 - INFO - __main__ -   	EPOCH:  19	MiniBatch:  240
10/13/2020 20:28:43 - INFO - __main__ -   	EPOCH:  19	MiniBatch:  250
10/13/2020 20:28:59 - INFO - __main__ -   	EPOCH:  19	MiniBatch:  260
10/13/2020 20:29:16 - INFO - __main__ -   	EPOCH:  19	MiniBatch:  270
10/13/2020 20:29:33 - INFO - __main__ -   	EPOCH:  19	MiniBatch:  280
10/13/2020 20:29:50 - INFO - __main__ -   	EPOCH:  19	MiniBatch:  290
10/13/2020 20:30:06 - INFO - __main__ -   	EPOCH:  19	MiniBatch:  300
10/13/2020 20:30:23 - INFO - __main__ -   	EPOCH:  19	MiniBatch:  310
10/13/2020 20:30:40 - INFO - __main__ -   	EPOCH:  19	MiniBatch:  320
10/13/2020 20:30:56 - INFO - __main__ -   	EPOCH:  19	MiniBatch:  330
10/13/2020 20:31:13 - INFO - __main__ -   	EPOCH:  19	MiniBatch:  340
10/13/2020 20:31:29 - INFO - __main__ -   	EPOCH:  19	MiniBatch:  350
10/13/2020 20:31:46 - INFO - __main__ -   	EPOCH:  19	MiniBatch:  360
10/13/2020 20:32:03 - INFO - __main__ -   	EPOCH:  19	MiniBatch:  370
10/13/2020 20:32:20 - INFO - __main__ -   	EPOCH:  19	MiniBatch:  380
10/13/2020 20:32:36 - INFO - __main__ -   	EPOCH:  19	MiniBatch:  390
10/13/2020 20:32:53 - INFO - __main__ -   	EPOCH:  19	MiniBatch:  400
10/13/2020 20:33:10 - INFO - __main__ -   	EPOCH:  19	MiniBatch:  410
10/13/2020 20:33:27 - INFO - __main__ -   	EPOCH:  19	MiniBatch:  420
10/13/2020 20:33:43 - INFO - __main__ -   	EPOCH:  19	MiniBatch:  430
10/13/2020 20:34:00 - INFO - __main__ -   	EPOCH:  19	MiniBatch:  440
10/13/2020 20:34:17 - INFO - __main__ -   	EPOCH:  19	MiniBatch:  450
10/13/2020 20:34:34 - INFO - __main__ -   	EPOCH:  19	MiniBatch:  460
10/13/2020 20:34:50 - INFO - __main__ -   	EPOCH:  19	MiniBatch:  470
10/13/2020 20:35:07 - INFO - __main__ -   	EPOCH:  19	MiniBatch:  480
10/13/2020 20:35:24 - INFO - __main__ -   	EPOCH:  19	MiniBatch:  490
10/13/2020 20:35:25 - INFO - __main__ -   	Testing dev set minibatch:    0
10/13/2020 20:35:33 - INFO - __main__ -   	Testing dev set minibatch:   10
10/13/2020 20:35:40 - INFO - __main__ -   	Testing dev set minibatch:   20
10/13/2020 20:35:47 - INFO - __main__ -   	Testing dev set minibatch:   30
10/13/2020 20:35:55 - INFO - __main__ -   	Testing dev set minibatch:   40
10/13/2020 20:36:02 - INFO - __main__ -   	Testing dev set minibatch:   50
10/13/2020 20:36:09 - INFO - __main__ -   	Testing dev set minibatch:   60
10/13/2020 20:36:10 - INFO - __main__ -   
Labels 		Precision	Recall		F1 score	Support
Empty  		0.0000    	0.0000 		0.0000   	69
Deny   		0.0000    	0.0000 		0.0000   	1029
Support		0.0199    	0.0871 		0.0324   	264
Query  		0.1787    	0.0214 		0.0382   	2199
Comment		0.0000    	0.0000 		0.0000   	0

F1-macro	0.0141
10/13/2020 20:36:10 - INFO - __main__ -   
Labels 		Precision	Recall		F1 score	Support
Short  		0.6481    	0.6240 		0.6358   	484
Long   		0.6466    	0.6700 		0.6581   	497

F1-macro	0.6469
10/13/2020 20:36:11 - INFO - __main__ -   	Testing test set minibatch:    0
10/13/2020 20:36:18 - INFO - __main__ -   	Testing test set minibatch:   10
10/13/2020 20:36:25 - INFO - __main__ -   	Testing test set minibatch:   20
10/13/2020 20:36:32 - INFO - __main__ -   	Testing test set minibatch:   30
10/13/2020 20:36:40 - INFO - __main__ -   	Testing test set minibatch:   40
10/13/2020 20:36:47 - INFO - __main__ -   	Testing test set minibatch:   50
10/13/2020 20:36:54 - INFO - __main__ -   	Testing test set minibatch:   60
10/13/2020 20:36:55 - INFO - __main__ -   Time elapsed: 17355.55s
