10/14/2020 00:50:34 - INFO - __main__ -   Running on 4 GPUs
10/14/2020 00:50:34 - INFO - __main__ -   
===== Hyperparameters ======
10/14/2020 00:50:34 - INFO - __main__ -   BATCH_SIZE_TRAIN: 16
10/14/2020 00:50:34 - INFO - __main__ -   LEARNING_RATE: 0.000500
10/14/2020 00:50:34 - INFO - __main__ -   MOMENTUM: 0.250000
10/14/2020 00:50:34 - INFO - __main__ -   MAX_POST_LENGTH: 256
10/14/2020 00:50:34 - INFO - __main__ -   MAX_POST_PER_THREAD: 4
10/14/2020 00:50:34 - INFO - __main__ -   THREAD_LENGTH_DIVIDER: 9
10/14/2020 00:50:34 - INFO - __main__ -   
===== Loading data ======
10/14/2020 00:50:34 - INFO - __main__ -   Opening training data: encoded_shuffled_train_4_256.pkl
10/14/2020 00:50:34 - INFO - __main__ -   Opening dev data: encoded_shuffled_dev_4_256.pkl
10/14/2020 00:50:34 - INFO - __main__ -   Opening test data: encoded_shuffled_test_4_256.pkl
10/14/2020 00:50:34 - INFO - root -   loading from pickle file
10/14/2020 00:50:34 - INFO - root -   loading from pickle file
10/14/2020 00:50:34 - INFO - root -   loading from pickle file
10/14/2020 00:50:34 - INFO - __main__ -   Converting pickle data into dataloaders
10/14/2020 00:50:35 - INFO - __main__ -   	EPOCH:   0	MiniBatch:    0
10/14/2020 00:50:58 - INFO - __main__ -   	EPOCH:   0	MiniBatch:   10
10/14/2020 00:51:15 - INFO - __main__ -   	EPOCH:   0	MiniBatch:   20
10/14/2020 00:51:31 - INFO - __main__ -   	EPOCH:   0	MiniBatch:   30
10/14/2020 00:51:48 - INFO - __main__ -   	EPOCH:   0	MiniBatch:   40
10/14/2020 00:52:05 - INFO - __main__ -   	EPOCH:   0	MiniBatch:   50
10/14/2020 00:52:21 - INFO - __main__ -   	EPOCH:   0	MiniBatch:   60
10/14/2020 00:52:38 - INFO - __main__ -   	EPOCH:   0	MiniBatch:   70
10/14/2020 00:52:55 - INFO - __main__ -   	EPOCH:   0	MiniBatch:   80
10/14/2020 00:53:11 - INFO - __main__ -   	EPOCH:   0	MiniBatch:   90
10/14/2020 00:53:28 - INFO - __main__ -   	EPOCH:   0	MiniBatch:  100
10/14/2020 00:53:45 - INFO - __main__ -   	EPOCH:   0	MiniBatch:  110
10/14/2020 00:54:02 - INFO - __main__ -   	EPOCH:   0	MiniBatch:  120
10/14/2020 00:54:19 - INFO - __main__ -   	EPOCH:   0	MiniBatch:  130
10/14/2020 00:54:35 - INFO - __main__ -   	EPOCH:   0	MiniBatch:  140
10/14/2020 00:54:52 - INFO - __main__ -   	EPOCH:   0	MiniBatch:  150
10/14/2020 00:55:09 - INFO - __main__ -   	EPOCH:   0	MiniBatch:  160
10/14/2020 00:55:25 - INFO - __main__ -   	EPOCH:   0	MiniBatch:  170
10/14/2020 00:55:42 - INFO - __main__ -   	EPOCH:   0	MiniBatch:  180
10/14/2020 00:55:59 - INFO - __main__ -   	EPOCH:   0	MiniBatch:  190
10/14/2020 00:56:16 - INFO - __main__ -   	EPOCH:   0	MiniBatch:  200
10/14/2020 00:56:32 - INFO - __main__ -   	EPOCH:   0	MiniBatch:  210
10/14/2020 00:56:49 - INFO - __main__ -   	EPOCH:   0	MiniBatch:  220
10/14/2020 00:57:06 - INFO - __main__ -   	EPOCH:   0	MiniBatch:  230
10/14/2020 00:57:22 - INFO - __main__ -   	EPOCH:   0	MiniBatch:  240
10/14/2020 00:57:39 - INFO - __main__ -   	EPOCH:   0	MiniBatch:  250
10/14/2020 00:57:56 - INFO - __main__ -   	EPOCH:   0	MiniBatch:  260
10/14/2020 00:58:13 - INFO - __main__ -   	EPOCH:   0	MiniBatch:  270
10/14/2020 00:58:29 - INFO - __main__ -   	EPOCH:   0	MiniBatch:  280
10/14/2020 00:58:46 - INFO - __main__ -   	EPOCH:   0	MiniBatch:  290
10/14/2020 00:59:03 - INFO - __main__ -   	EPOCH:   0	MiniBatch:  300
10/14/2020 00:59:19 - INFO - __main__ -   	EPOCH:   0	MiniBatch:  310
10/14/2020 00:59:36 - INFO - __main__ -   	EPOCH:   0	MiniBatch:  320
10/14/2020 00:59:53 - INFO - __main__ -   	EPOCH:   0	MiniBatch:  330
10/14/2020 01:00:10 - INFO - __main__ -   	EPOCH:   0	MiniBatch:  340
10/14/2020 01:00:26 - INFO - __main__ -   	EPOCH:   0	MiniBatch:  350
10/14/2020 01:00:43 - INFO - __main__ -   	EPOCH:   0	MiniBatch:  360
10/14/2020 01:01:00 - INFO - __main__ -   	EPOCH:   0	MiniBatch:  370
10/14/2020 01:01:17 - INFO - __main__ -   	EPOCH:   0	MiniBatch:  380
10/14/2020 01:01:33 - INFO - __main__ -   	EPOCH:   0	MiniBatch:  390
10/14/2020 01:01:50 - INFO - __main__ -   	EPOCH:   0	MiniBatch:  400
10/14/2020 01:02:07 - INFO - __main__ -   	EPOCH:   0	MiniBatch:  410
10/14/2020 01:02:24 - INFO - __main__ -   	EPOCH:   0	MiniBatch:  420
10/14/2020 01:02:40 - INFO - __main__ -   	EPOCH:   0	MiniBatch:  430
10/14/2020 01:02:57 - INFO - __main__ -   	EPOCH:   0	MiniBatch:  440
10/14/2020 01:03:14 - INFO - __main__ -   	EPOCH:   0	MiniBatch:  450
10/14/2020 01:03:30 - INFO - __main__ -   	EPOCH:   0	MiniBatch:  460
10/14/2020 01:03:47 - INFO - __main__ -   	EPOCH:   0	MiniBatch:  470
10/14/2020 01:04:04 - INFO - __main__ -   	EPOCH:   0	MiniBatch:  480
10/14/2020 01:04:21 - INFO - __main__ -   	EPOCH:   0	MiniBatch:  490
10/14/2020 01:04:22 - INFO - __main__ -   	Testing dev set minibatch:    0
10/14/2020 01:04:29 - INFO - __main__ -   	Testing dev set minibatch:   10
10/14/2020 01:04:37 - INFO - __main__ -   	Testing dev set minibatch:   20
10/14/2020 01:04:44 - INFO - __main__ -   	Testing dev set minibatch:   30
10/14/2020 01:04:51 - INFO - __main__ -   	Testing dev set minibatch:   40
10/14/2020 01:04:58 - INFO - __main__ -   	Testing dev set minibatch:   50
10/14/2020 01:05:06 - INFO - __main__ -   	Testing dev set minibatch:   60
10/14/2020 01:05:07 - INFO - __main__ -   
Labels 		Precision	Recall		F1 score	Support
Empty  		0.0000    	0.0000 		0.0000   	69
Deny   		0.0000    	0.0000 		0.0000   	1029
Support		0.0300    	0.1553 		0.0502   	264
Query  		0.0000    	0.0000 		0.0000   	2199
Comment		0.0000    	0.0000 		0.0000   	0

F1-macro	0.0100
10/14/2020 01:05:07 - INFO - __main__ -   
Labels 		Precision	Recall		F1 score	Support
Short  		0.8092    	0.2190 		0.3447   	484
Long   		0.5553    	0.9497 		0.7008   	497

F1-macro	0.5228
10/14/2020 01:05:07 - INFO - root -   Saving best model
10/14/2020 01:05:08 - INFO - __main__ -   	EPOCH:   1	MiniBatch:    0
10/14/2020 01:05:25 - INFO - __main__ -   	EPOCH:   1	MiniBatch:   10
10/14/2020 01:05:42 - INFO - __main__ -   	EPOCH:   1	MiniBatch:   20
10/14/2020 01:05:58 - INFO - __main__ -   	EPOCH:   1	MiniBatch:   30
10/14/2020 01:06:15 - INFO - __main__ -   	EPOCH:   1	MiniBatch:   40
10/14/2020 01:06:32 - INFO - __main__ -   	EPOCH:   1	MiniBatch:   50
10/14/2020 01:06:49 - INFO - __main__ -   	EPOCH:   1	MiniBatch:   60
10/14/2020 01:07:05 - INFO - __main__ -   	EPOCH:   1	MiniBatch:   70
10/14/2020 01:07:22 - INFO - __main__ -   	EPOCH:   1	MiniBatch:   80
10/14/2020 01:07:39 - INFO - __main__ -   	EPOCH:   1	MiniBatch:   90
10/14/2020 01:07:55 - INFO - __main__ -   	EPOCH:   1	MiniBatch:  100
10/14/2020 01:08:12 - INFO - __main__ -   	EPOCH:   1	MiniBatch:  110
10/14/2020 01:08:29 - INFO - __main__ -   	EPOCH:   1	MiniBatch:  120
10/14/2020 01:08:45 - INFO - __main__ -   	EPOCH:   1	MiniBatch:  130
10/14/2020 01:09:02 - INFO - __main__ -   	EPOCH:   1	MiniBatch:  140
10/14/2020 01:09:19 - INFO - __main__ -   	EPOCH:   1	MiniBatch:  150
10/14/2020 01:09:36 - INFO - __main__ -   	EPOCH:   1	MiniBatch:  160
10/14/2020 01:09:52 - INFO - __main__ -   	EPOCH:   1	MiniBatch:  170
10/14/2020 01:10:09 - INFO - __main__ -   	EPOCH:   1	MiniBatch:  180
10/14/2020 01:10:26 - INFO - __main__ -   	EPOCH:   1	MiniBatch:  190
10/14/2020 01:10:43 - INFO - __main__ -   	EPOCH:   1	MiniBatch:  200
10/14/2020 01:10:59 - INFO - __main__ -   	EPOCH:   1	MiniBatch:  210
10/14/2020 01:11:16 - INFO - __main__ -   	EPOCH:   1	MiniBatch:  220
10/14/2020 01:11:33 - INFO - __main__ -   	EPOCH:   1	MiniBatch:  230
10/14/2020 01:11:49 - INFO - __main__ -   	EPOCH:   1	MiniBatch:  240
10/14/2020 01:12:06 - INFO - __main__ -   	EPOCH:   1	MiniBatch:  250
10/14/2020 01:12:23 - INFO - __main__ -   	EPOCH:   1	MiniBatch:  260
10/14/2020 01:12:40 - INFO - __main__ -   	EPOCH:   1	MiniBatch:  270
10/14/2020 01:12:57 - INFO - __main__ -   	EPOCH:   1	MiniBatch:  280
10/14/2020 01:13:13 - INFO - __main__ -   	EPOCH:   1	MiniBatch:  290
10/14/2020 01:13:30 - INFO - __main__ -   	EPOCH:   1	MiniBatch:  300
10/14/2020 01:13:47 - INFO - __main__ -   	EPOCH:   1	MiniBatch:  310
10/14/2020 01:14:03 - INFO - __main__ -   	EPOCH:   1	MiniBatch:  320
10/14/2020 01:14:20 - INFO - __main__ -   	EPOCH:   1	MiniBatch:  330
10/14/2020 01:14:37 - INFO - __main__ -   	EPOCH:   1	MiniBatch:  340
10/14/2020 01:14:54 - INFO - __main__ -   	EPOCH:   1	MiniBatch:  350
10/14/2020 01:15:10 - INFO - __main__ -   	EPOCH:   1	MiniBatch:  360
10/14/2020 01:15:27 - INFO - __main__ -   	EPOCH:   1	MiniBatch:  370
10/14/2020 01:15:44 - INFO - __main__ -   	EPOCH:   1	MiniBatch:  380
10/14/2020 01:16:00 - INFO - __main__ -   	EPOCH:   1	MiniBatch:  390
10/14/2020 01:16:17 - INFO - __main__ -   	EPOCH:   1	MiniBatch:  400
10/14/2020 01:16:34 - INFO - __main__ -   	EPOCH:   1	MiniBatch:  410
10/14/2020 01:16:50 - INFO - __main__ -   	EPOCH:   1	MiniBatch:  420
10/14/2020 01:17:07 - INFO - __main__ -   	EPOCH:   1	MiniBatch:  430
10/14/2020 01:17:24 - INFO - __main__ -   	EPOCH:   1	MiniBatch:  440
10/14/2020 01:17:41 - INFO - __main__ -   	EPOCH:   1	MiniBatch:  450
10/14/2020 01:17:57 - INFO - __main__ -   	EPOCH:   1	MiniBatch:  460
10/14/2020 01:18:14 - INFO - __main__ -   	EPOCH:   1	MiniBatch:  470
10/14/2020 01:18:31 - INFO - __main__ -   	EPOCH:   1	MiniBatch:  480
10/14/2020 01:18:47 - INFO - __main__ -   	EPOCH:   1	MiniBatch:  490
10/14/2020 01:18:49 - INFO - __main__ -   	Testing dev set minibatch:    0
10/14/2020 01:18:56 - INFO - __main__ -   	Testing dev set minibatch:   10
10/14/2020 01:19:03 - INFO - __main__ -   	Testing dev set minibatch:   20
10/14/2020 01:19:11 - INFO - __main__ -   	Testing dev set minibatch:   30
10/14/2020 01:19:18 - INFO - __main__ -   	Testing dev set minibatch:   40
10/14/2020 01:19:25 - INFO - __main__ -   	Testing dev set minibatch:   50
10/14/2020 01:19:32 - INFO - __main__ -   	Testing dev set minibatch:   60
10/14/2020 01:19:34 - INFO - __main__ -   
Labels 		Precision	Recall		F1 score	Support
Empty  		0.0000    	0.0000 		0.0000   	69
Deny   		0.0000    	0.0000 		0.0000   	1029
Support		0.0301    	0.1553 		0.0504   	264
Query  		0.1871    	0.0236 		0.0420   	2199
Comment		0.0000    	0.0000 		0.0000   	0

F1-macro	0.0185
10/14/2020 01:19:34 - INFO - __main__ -   
Labels 		Precision	Recall		F1 score	Support
Short  		0.7273    	0.5455 		0.6234   	484
Long   		0.6440    	0.8008 		0.7139   	497

F1-macro	0.6686
10/14/2020 01:19:34 - INFO - root -   Saving best model
10/14/2020 01:19:38 - INFO - __main__ -   	EPOCH:   2	MiniBatch:    0
10/14/2020 01:19:55 - INFO - __main__ -   	EPOCH:   2	MiniBatch:   10
10/14/2020 01:20:11 - INFO - __main__ -   	EPOCH:   2	MiniBatch:   20
10/14/2020 01:20:28 - INFO - __main__ -   	EPOCH:   2	MiniBatch:   30
10/14/2020 01:20:45 - INFO - __main__ -   	EPOCH:   2	MiniBatch:   40
10/14/2020 01:21:02 - INFO - __main__ -   	EPOCH:   2	MiniBatch:   50
10/14/2020 01:21:18 - INFO - __main__ -   	EPOCH:   2	MiniBatch:   60
10/14/2020 01:21:35 - INFO - __main__ -   	EPOCH:   2	MiniBatch:   70
10/14/2020 01:21:52 - INFO - __main__ -   	EPOCH:   2	MiniBatch:   80
10/14/2020 01:22:08 - INFO - __main__ -   	EPOCH:   2	MiniBatch:   90
10/14/2020 01:22:25 - INFO - __main__ -   	EPOCH:   2	MiniBatch:  100
10/14/2020 01:22:42 - INFO - __main__ -   	EPOCH:   2	MiniBatch:  110
10/14/2020 01:22:59 - INFO - __main__ -   	EPOCH:   2	MiniBatch:  120
10/14/2020 01:23:15 - INFO - __main__ -   	EPOCH:   2	MiniBatch:  130
10/14/2020 01:23:32 - INFO - __main__ -   	EPOCH:   2	MiniBatch:  140
10/14/2020 01:23:49 - INFO - __main__ -   	EPOCH:   2	MiniBatch:  150
10/14/2020 01:24:06 - INFO - __main__ -   	EPOCH:   2	MiniBatch:  160
10/14/2020 01:24:22 - INFO - __main__ -   	EPOCH:   2	MiniBatch:  170
10/14/2020 01:24:39 - INFO - __main__ -   	EPOCH:   2	MiniBatch:  180
10/14/2020 01:24:56 - INFO - __main__ -   	EPOCH:   2	MiniBatch:  190
10/14/2020 01:25:12 - INFO - __main__ -   	EPOCH:   2	MiniBatch:  200
10/14/2020 01:25:29 - INFO - __main__ -   	EPOCH:   2	MiniBatch:  210
10/14/2020 01:25:46 - INFO - __main__ -   	EPOCH:   2	MiniBatch:  220
10/14/2020 01:26:02 - INFO - __main__ -   	EPOCH:   2	MiniBatch:  230
10/14/2020 01:26:19 - INFO - __main__ -   	EPOCH:   2	MiniBatch:  240
10/14/2020 01:26:36 - INFO - __main__ -   	EPOCH:   2	MiniBatch:  250
10/14/2020 01:26:53 - INFO - __main__ -   	EPOCH:   2	MiniBatch:  260
10/14/2020 01:27:09 - INFO - __main__ -   	EPOCH:   2	MiniBatch:  270
10/14/2020 01:27:26 - INFO - __main__ -   	EPOCH:   2	MiniBatch:  280
10/14/2020 01:27:43 - INFO - __main__ -   	EPOCH:   2	MiniBatch:  290
10/14/2020 01:27:59 - INFO - __main__ -   	EPOCH:   2	MiniBatch:  300
10/14/2020 01:28:16 - INFO - __main__ -   	EPOCH:   2	MiniBatch:  310
10/14/2020 01:28:33 - INFO - __main__ -   	EPOCH:   2	MiniBatch:  320
10/14/2020 01:28:49 - INFO - __main__ -   	EPOCH:   2	MiniBatch:  330
10/14/2020 01:29:06 - INFO - __main__ -   	EPOCH:   2	MiniBatch:  340
10/14/2020 01:29:23 - INFO - __main__ -   	EPOCH:   2	MiniBatch:  350
10/14/2020 01:29:40 - INFO - __main__ -   	EPOCH:   2	MiniBatch:  360
10/14/2020 01:29:56 - INFO - __main__ -   	EPOCH:   2	MiniBatch:  370
10/14/2020 01:30:13 - INFO - __main__ -   	EPOCH:   2	MiniBatch:  380
10/14/2020 01:30:30 - INFO - __main__ -   	EPOCH:   2	MiniBatch:  390
10/14/2020 01:30:46 - INFO - __main__ -   	EPOCH:   2	MiniBatch:  400
10/14/2020 01:31:03 - INFO - __main__ -   	EPOCH:   2	MiniBatch:  410
10/14/2020 01:31:20 - INFO - __main__ -   	EPOCH:   2	MiniBatch:  420
10/14/2020 01:31:37 - INFO - __main__ -   	EPOCH:   2	MiniBatch:  430
10/14/2020 01:31:53 - INFO - __main__ -   	EPOCH:   2	MiniBatch:  440
10/14/2020 01:32:10 - INFO - __main__ -   	EPOCH:   2	MiniBatch:  450
10/14/2020 01:32:27 - INFO - __main__ -   	EPOCH:   2	MiniBatch:  460
10/14/2020 01:32:43 - INFO - __main__ -   	EPOCH:   2	MiniBatch:  470
10/14/2020 01:33:00 - INFO - __main__ -   	EPOCH:   2	MiniBatch:  480
10/14/2020 01:33:17 - INFO - __main__ -   	EPOCH:   2	MiniBatch:  490
10/14/2020 01:33:18 - INFO - __main__ -   	Testing dev set minibatch:    0
10/14/2020 01:33:26 - INFO - __main__ -   	Testing dev set minibatch:   10
10/14/2020 01:33:33 - INFO - __main__ -   	Testing dev set minibatch:   20
10/14/2020 01:33:40 - INFO - __main__ -   	Testing dev set minibatch:   30
10/14/2020 01:33:47 - INFO - __main__ -   	Testing dev set minibatch:   40
10/14/2020 01:33:55 - INFO - __main__ -   	Testing dev set minibatch:   50
10/14/2020 01:34:02 - INFO - __main__ -   	Testing dev set minibatch:   60
10/14/2020 01:34:03 - INFO - __main__ -   
Labels 		Precision	Recall		F1 score	Support
Empty  		0.0000    	0.0000 		0.0000   	69
Deny   		0.0000    	0.0000 		0.0000   	1029
Support		0.0269    	0.1212 		0.0441   	264
Query  		0.1613    	0.0205 		0.0363   	2199
Comment		0.0000    	0.0000 		0.0000   	0

F1-macro	0.0161
10/14/2020 01:34:03 - INFO - __main__ -   
Labels 		Precision	Recall		F1 score	Support
Short  		0.7829    	0.4917 		0.6041   	484
Long   		0.6366    	0.8672 		0.7342   	497

F1-macro	0.6692
10/14/2020 01:34:03 - INFO - __main__ -   	EPOCH:   3	MiniBatch:    0
10/14/2020 01:34:20 - INFO - __main__ -   	EPOCH:   3	MiniBatch:   10
10/14/2020 01:34:36 - INFO - __main__ -   	EPOCH:   3	MiniBatch:   20
10/14/2020 01:34:53 - INFO - __main__ -   	EPOCH:   3	MiniBatch:   30
10/14/2020 01:35:10 - INFO - __main__ -   	EPOCH:   3	MiniBatch:   40
10/14/2020 01:35:26 - INFO - __main__ -   	EPOCH:   3	MiniBatch:   50
10/14/2020 01:35:43 - INFO - __main__ -   	EPOCH:   3	MiniBatch:   60
10/14/2020 01:36:00 - INFO - __main__ -   	EPOCH:   3	MiniBatch:   70
10/14/2020 01:36:17 - INFO - __main__ -   	EPOCH:   3	MiniBatch:   80
10/14/2020 01:36:33 - INFO - __main__ -   	EPOCH:   3	MiniBatch:   90
10/14/2020 01:36:50 - INFO - __main__ -   	EPOCH:   3	MiniBatch:  100
10/14/2020 01:37:07 - INFO - __main__ -   	EPOCH:   3	MiniBatch:  110
10/14/2020 01:37:23 - INFO - __main__ -   	EPOCH:   3	MiniBatch:  120
10/14/2020 01:37:40 - INFO - __main__ -   	EPOCH:   3	MiniBatch:  130
10/14/2020 01:37:57 - INFO - __main__ -   	EPOCH:   3	MiniBatch:  140
10/14/2020 01:38:13 - INFO - __main__ -   	EPOCH:   3	MiniBatch:  150
10/14/2020 01:38:30 - INFO - __main__ -   	EPOCH:   3	MiniBatch:  160
10/14/2020 01:38:47 - INFO - __main__ -   	EPOCH:   3	MiniBatch:  170
10/14/2020 01:39:03 - INFO - __main__ -   	EPOCH:   3	MiniBatch:  180
10/14/2020 01:39:20 - INFO - __main__ -   	EPOCH:   3	MiniBatch:  190
10/14/2020 01:39:37 - INFO - __main__ -   	EPOCH:   3	MiniBatch:  200
10/14/2020 01:39:54 - INFO - __main__ -   	EPOCH:   3	MiniBatch:  210
10/14/2020 01:40:10 - INFO - __main__ -   	EPOCH:   3	MiniBatch:  220
10/14/2020 01:40:27 - INFO - __main__ -   	EPOCH:   3	MiniBatch:  230
10/14/2020 01:40:44 - INFO - __main__ -   	EPOCH:   3	MiniBatch:  240
10/14/2020 01:41:01 - INFO - __main__ -   	EPOCH:   3	MiniBatch:  250
10/14/2020 01:41:17 - INFO - __main__ -   	EPOCH:   3	MiniBatch:  260
10/14/2020 01:41:34 - INFO - __main__ -   	EPOCH:   3	MiniBatch:  270
10/14/2020 01:41:51 - INFO - __main__ -   	EPOCH:   3	MiniBatch:  280
10/14/2020 01:42:07 - INFO - __main__ -   	EPOCH:   3	MiniBatch:  290
10/14/2020 01:42:24 - INFO - __main__ -   	EPOCH:   3	MiniBatch:  300
10/14/2020 01:42:41 - INFO - __main__ -   	EPOCH:   3	MiniBatch:  310
10/14/2020 01:42:58 - INFO - __main__ -   	EPOCH:   3	MiniBatch:  320
10/14/2020 01:43:14 - INFO - __main__ -   	EPOCH:   3	MiniBatch:  330
10/14/2020 01:43:31 - INFO - __main__ -   	EPOCH:   3	MiniBatch:  340
10/14/2020 01:43:48 - INFO - __main__ -   	EPOCH:   3	MiniBatch:  350
10/14/2020 01:44:05 - INFO - __main__ -   	EPOCH:   3	MiniBatch:  360
10/14/2020 01:44:21 - INFO - __main__ -   	EPOCH:   3	MiniBatch:  370
10/14/2020 01:44:38 - INFO - __main__ -   	EPOCH:   3	MiniBatch:  380
10/14/2020 01:44:55 - INFO - __main__ -   	EPOCH:   3	MiniBatch:  390
10/14/2020 01:45:12 - INFO - __main__ -   	EPOCH:   3	MiniBatch:  400
10/14/2020 01:45:28 - INFO - __main__ -   	EPOCH:   3	MiniBatch:  410
10/14/2020 01:45:45 - INFO - __main__ -   	EPOCH:   3	MiniBatch:  420
10/14/2020 01:46:02 - INFO - __main__ -   	EPOCH:   3	MiniBatch:  430
10/14/2020 01:46:18 - INFO - __main__ -   	EPOCH:   3	MiniBatch:  440
10/14/2020 01:46:35 - INFO - __main__ -   	EPOCH:   3	MiniBatch:  450
10/14/2020 01:46:52 - INFO - __main__ -   	EPOCH:   3	MiniBatch:  460
10/14/2020 01:47:09 - INFO - __main__ -   	EPOCH:   3	MiniBatch:  470
10/14/2020 01:47:25 - INFO - __main__ -   	EPOCH:   3	MiniBatch:  480
10/14/2020 01:47:42 - INFO - __main__ -   	EPOCH:   3	MiniBatch:  490
10/14/2020 01:47:44 - INFO - __main__ -   	Testing dev set minibatch:    0
10/14/2020 01:47:51 - INFO - __main__ -   	Testing dev set minibatch:   10
10/14/2020 01:47:58 - INFO - __main__ -   	Testing dev set minibatch:   20
10/14/2020 01:48:05 - INFO - __main__ -   	Testing dev set minibatch:   30
10/14/2020 01:48:13 - INFO - __main__ -   	Testing dev set minibatch:   40
10/14/2020 01:48:20 - INFO - __main__ -   	Testing dev set minibatch:   50
10/14/2020 01:48:27 - INFO - __main__ -   	Testing dev set minibatch:   60
10/14/2020 01:48:28 - INFO - __main__ -   
Labels 		Precision	Recall		F1 score	Support
Empty  		0.0000    	0.0000 		0.0000   	69
Deny   		0.0000    	0.0000 		0.0000   	1029
Support		0.0208    	0.0985 		0.0343   	264
Query  		0.1647    	0.0259 		0.0448   	2199
Comment		0.0000    	0.0000 		0.0000   	0

F1-macro	0.0158
10/14/2020 01:48:28 - INFO - __main__ -   
Labels 		Precision	Recall		F1 score	Support
Short  		0.6745    	0.5909 		0.6300   	484
Long   		0.6445    	0.7223 		0.6812   	497

F1-macro	0.6556
10/14/2020 01:48:28 - INFO - __main__ -   	EPOCH:   4	MiniBatch:    0
10/14/2020 01:48:45 - INFO - __main__ -   	EPOCH:   4	MiniBatch:   10
10/14/2020 01:49:02 - INFO - __main__ -   	EPOCH:   4	MiniBatch:   20
10/14/2020 01:49:18 - INFO - __main__ -   	EPOCH:   4	MiniBatch:   30
10/14/2020 01:49:35 - INFO - __main__ -   	EPOCH:   4	MiniBatch:   40
10/14/2020 01:49:52 - INFO - __main__ -   	EPOCH:   4	MiniBatch:   50
10/14/2020 01:50:09 - INFO - __main__ -   	EPOCH:   4	MiniBatch:   60
10/14/2020 01:50:25 - INFO - __main__ -   	EPOCH:   4	MiniBatch:   70
10/14/2020 01:50:42 - INFO - __main__ -   	EPOCH:   4	MiniBatch:   80
10/14/2020 01:50:59 - INFO - __main__ -   	EPOCH:   4	MiniBatch:   90
10/14/2020 01:51:15 - INFO - __main__ -   	EPOCH:   4	MiniBatch:  100
10/14/2020 01:51:32 - INFO - __main__ -   	EPOCH:   4	MiniBatch:  110
10/14/2020 01:51:49 - INFO - __main__ -   	EPOCH:   4	MiniBatch:  120
10/14/2020 01:52:05 - INFO - __main__ -   	EPOCH:   4	MiniBatch:  130
10/14/2020 01:52:22 - INFO - __main__ -   	EPOCH:   4	MiniBatch:  140
10/14/2020 01:52:39 - INFO - __main__ -   	EPOCH:   4	MiniBatch:  150
10/14/2020 01:52:56 - INFO - __main__ -   	EPOCH:   4	MiniBatch:  160
10/14/2020 01:53:12 - INFO - __main__ -   	EPOCH:   4	MiniBatch:  170
10/14/2020 01:53:29 - INFO - __main__ -   	EPOCH:   4	MiniBatch:  180
10/14/2020 01:53:46 - INFO - __main__ -   	EPOCH:   4	MiniBatch:  190
10/14/2020 01:54:02 - INFO - __main__ -   	EPOCH:   4	MiniBatch:  200
10/14/2020 01:54:19 - INFO - __main__ -   	EPOCH:   4	MiniBatch:  210
10/14/2020 01:54:36 - INFO - __main__ -   	EPOCH:   4	MiniBatch:  220
10/14/2020 01:54:52 - INFO - __main__ -   	EPOCH:   4	MiniBatch:  230
10/14/2020 01:55:09 - INFO - __main__ -   	EPOCH:   4	MiniBatch:  240
10/14/2020 01:55:26 - INFO - __main__ -   	EPOCH:   4	MiniBatch:  250
10/14/2020 01:55:42 - INFO - __main__ -   	EPOCH:   4	MiniBatch:  260
10/14/2020 01:55:59 - INFO - __main__ -   	EPOCH:   4	MiniBatch:  270
10/14/2020 01:56:16 - INFO - __main__ -   	EPOCH:   4	MiniBatch:  280
10/14/2020 01:56:33 - INFO - __main__ -   	EPOCH:   4	MiniBatch:  290
10/14/2020 01:56:49 - INFO - __main__ -   	EPOCH:   4	MiniBatch:  300
10/14/2020 01:57:06 - INFO - __main__ -   	EPOCH:   4	MiniBatch:  310
10/14/2020 01:57:23 - INFO - __main__ -   	EPOCH:   4	MiniBatch:  320
10/14/2020 01:57:39 - INFO - __main__ -   	EPOCH:   4	MiniBatch:  330
10/14/2020 01:57:56 - INFO - __main__ -   	EPOCH:   4	MiniBatch:  340
10/14/2020 01:58:13 - INFO - __main__ -   	EPOCH:   4	MiniBatch:  350
10/14/2020 01:58:29 - INFO - __main__ -   	EPOCH:   4	MiniBatch:  360
10/14/2020 01:58:46 - INFO - __main__ -   	EPOCH:   4	MiniBatch:  370
10/14/2020 01:59:03 - INFO - __main__ -   	EPOCH:   4	MiniBatch:  380
10/14/2020 01:59:20 - INFO - __main__ -   	EPOCH:   4	MiniBatch:  390
10/14/2020 01:59:36 - INFO - __main__ -   	EPOCH:   4	MiniBatch:  400
10/14/2020 01:59:53 - INFO - __main__ -   	EPOCH:   4	MiniBatch:  410
10/14/2020 02:00:10 - INFO - __main__ -   	EPOCH:   4	MiniBatch:  420
10/14/2020 02:00:26 - INFO - __main__ -   	EPOCH:   4	MiniBatch:  430
10/14/2020 02:00:43 - INFO - __main__ -   	EPOCH:   4	MiniBatch:  440
10/14/2020 02:01:00 - INFO - __main__ -   	EPOCH:   4	MiniBatch:  450
10/14/2020 02:01:16 - INFO - __main__ -   	EPOCH:   4	MiniBatch:  460
10/14/2020 02:01:33 - INFO - __main__ -   	EPOCH:   4	MiniBatch:  470
10/14/2020 02:01:50 - INFO - __main__ -   	EPOCH:   4	MiniBatch:  480
10/14/2020 02:02:06 - INFO - __main__ -   	EPOCH:   4	MiniBatch:  490
10/14/2020 02:02:08 - INFO - __main__ -   	Testing dev set minibatch:    0
10/14/2020 02:02:15 - INFO - __main__ -   	Testing dev set minibatch:   10
10/14/2020 02:02:22 - INFO - __main__ -   	Testing dev set minibatch:   20
10/14/2020 02:02:30 - INFO - __main__ -   	Testing dev set minibatch:   30
10/14/2020 02:02:37 - INFO - __main__ -   	Testing dev set minibatch:   40
10/14/2020 02:02:44 - INFO - __main__ -   	Testing dev set minibatch:   50
10/14/2020 02:02:52 - INFO - __main__ -   	Testing dev set minibatch:   60
10/14/2020 02:02:53 - INFO - __main__ -   
Labels 		Precision	Recall		F1 score	Support
Empty  		0.0000    	0.0000 		0.0000   	69
Deny   		0.0000    	0.0000 		0.0000   	1029
Support		0.0243    	0.1174 		0.0402   	264
Query  		0.1643    	0.0214 		0.0378   	2199
Comment		0.0000    	0.0000 		0.0000   	0

F1-macro	0.0156
10/14/2020 02:02:53 - INFO - __main__ -   
Labels 		Precision	Recall		F1 score	Support
Short  		0.5798    	0.8182 		0.6787   	484
Long   		0.7047    	0.4225 		0.5283   	497

F1-macro	0.6035
10/14/2020 02:02:53 - INFO - __main__ -   	EPOCH:   5	MiniBatch:    0
10/14/2020 02:03:10 - INFO - __main__ -   	EPOCH:   5	MiniBatch:   10
10/14/2020 02:03:26 - INFO - __main__ -   	EPOCH:   5	MiniBatch:   20
10/14/2020 02:03:43 - INFO - __main__ -   	EPOCH:   5	MiniBatch:   30
10/14/2020 02:04:00 - INFO - __main__ -   	EPOCH:   5	MiniBatch:   40
10/14/2020 02:04:16 - INFO - __main__ -   	EPOCH:   5	MiniBatch:   50
10/14/2020 02:04:33 - INFO - __main__ -   	EPOCH:   5	MiniBatch:   60
10/14/2020 02:04:50 - INFO - __main__ -   	EPOCH:   5	MiniBatch:   70
10/14/2020 02:05:06 - INFO - __main__ -   	EPOCH:   5	MiniBatch:   80
10/14/2020 02:05:23 - INFO - __main__ -   	EPOCH:   5	MiniBatch:   90
10/14/2020 02:05:40 - INFO - __main__ -   	EPOCH:   5	MiniBatch:  100
10/14/2020 02:05:56 - INFO - __main__ -   	EPOCH:   5	MiniBatch:  110
10/14/2020 02:06:13 - INFO - __main__ -   	EPOCH:   5	MiniBatch:  120
10/14/2020 02:06:30 - INFO - __main__ -   	EPOCH:   5	MiniBatch:  130
10/14/2020 02:06:47 - INFO - __main__ -   	EPOCH:   5	MiniBatch:  140
10/14/2020 02:07:03 - INFO - __main__ -   	EPOCH:   5	MiniBatch:  150
10/14/2020 02:07:20 - INFO - __main__ -   	EPOCH:   5	MiniBatch:  160
10/14/2020 02:07:37 - INFO - __main__ -   	EPOCH:   5	MiniBatch:  170
10/14/2020 02:07:53 - INFO - __main__ -   	EPOCH:   5	MiniBatch:  180
10/14/2020 02:08:10 - INFO - __main__ -   	EPOCH:   5	MiniBatch:  190
10/14/2020 02:08:27 - INFO - __main__ -   	EPOCH:   5	MiniBatch:  200
10/14/2020 02:08:43 - INFO - __main__ -   	EPOCH:   5	MiniBatch:  210
10/14/2020 02:09:00 - INFO - __main__ -   	EPOCH:   5	MiniBatch:  220
10/14/2020 02:09:17 - INFO - __main__ -   	EPOCH:   5	MiniBatch:  230
10/14/2020 02:09:34 - INFO - __main__ -   	EPOCH:   5	MiniBatch:  240
10/14/2020 02:09:50 - INFO - __main__ -   	EPOCH:   5	MiniBatch:  250
10/14/2020 02:10:07 - INFO - __main__ -   	EPOCH:   5	MiniBatch:  260
10/14/2020 02:10:24 - INFO - __main__ -   	EPOCH:   5	MiniBatch:  270
10/14/2020 02:10:41 - INFO - __main__ -   	EPOCH:   5	MiniBatch:  280
10/14/2020 02:10:57 - INFO - __main__ -   	EPOCH:   5	MiniBatch:  290
10/14/2020 02:11:14 - INFO - __main__ -   	EPOCH:   5	MiniBatch:  300
10/14/2020 02:11:31 - INFO - __main__ -   	EPOCH:   5	MiniBatch:  310
10/14/2020 02:11:47 - INFO - __main__ -   	EPOCH:   5	MiniBatch:  320
10/14/2020 02:12:04 - INFO - __main__ -   	EPOCH:   5	MiniBatch:  330
10/14/2020 02:12:21 - INFO - __main__ -   	EPOCH:   5	MiniBatch:  340
10/14/2020 02:12:38 - INFO - __main__ -   	EPOCH:   5	MiniBatch:  350
10/14/2020 02:12:54 - INFO - __main__ -   	EPOCH:   5	MiniBatch:  360
10/14/2020 02:13:11 - INFO - __main__ -   	EPOCH:   5	MiniBatch:  370
10/14/2020 02:13:28 - INFO - __main__ -   	EPOCH:   5	MiniBatch:  380
10/14/2020 02:13:44 - INFO - __main__ -   	EPOCH:   5	MiniBatch:  390
10/14/2020 02:14:01 - INFO - __main__ -   	EPOCH:   5	MiniBatch:  400
10/14/2020 02:14:18 - INFO - __main__ -   	EPOCH:   5	MiniBatch:  410
10/14/2020 02:14:34 - INFO - __main__ -   	EPOCH:   5	MiniBatch:  420
10/14/2020 02:14:51 - INFO - __main__ -   	EPOCH:   5	MiniBatch:  430
10/14/2020 02:15:08 - INFO - __main__ -   	EPOCH:   5	MiniBatch:  440
10/14/2020 02:15:25 - INFO - __main__ -   	EPOCH:   5	MiniBatch:  450
10/14/2020 02:15:41 - INFO - __main__ -   	EPOCH:   5	MiniBatch:  460
10/14/2020 02:15:58 - INFO - __main__ -   	EPOCH:   5	MiniBatch:  470
10/14/2020 02:16:15 - INFO - __main__ -   	EPOCH:   5	MiniBatch:  480
10/14/2020 02:16:32 - INFO - __main__ -   	EPOCH:   5	MiniBatch:  490
10/14/2020 02:16:33 - INFO - __main__ -   	Testing dev set minibatch:    0
10/14/2020 02:16:40 - INFO - __main__ -   	Testing dev set minibatch:   10
10/14/2020 02:16:48 - INFO - __main__ -   	Testing dev set minibatch:   20
10/14/2020 02:16:55 - INFO - __main__ -   	Testing dev set minibatch:   30
10/14/2020 02:17:02 - INFO - __main__ -   	Testing dev set minibatch:   40
10/14/2020 02:17:09 - INFO - __main__ -   	Testing dev set minibatch:   50
10/14/2020 02:17:17 - INFO - __main__ -   	Testing dev set minibatch:   60
10/14/2020 02:17:18 - INFO - __main__ -   
Labels 		Precision	Recall		F1 score	Support
Empty  		0.0000    	0.0000 		0.0000   	69
Deny   		0.0000    	0.0000 		0.0000   	1029
Support		0.0340    	0.1932 		0.0579   	264
Query  		0.1705    	0.0200 		0.0358   	2199
Comment		0.0000    	0.0000 		0.0000   	0

F1-macro	0.0187
10/14/2020 02:17:18 - INFO - __main__ -   
Labels 		Precision	Recall		F1 score	Support
Short  		0.7702    	0.4917 		0.6003   	484
Long   		0.6339    	0.8571 		0.7288   	497

F1-macro	0.6645
10/14/2020 02:17:18 - INFO - __main__ -   	EPOCH:   6	MiniBatch:    0
10/14/2020 02:17:35 - INFO - __main__ -   	EPOCH:   6	MiniBatch:   10
10/14/2020 02:17:51 - INFO - __main__ -   	EPOCH:   6	MiniBatch:   20
10/14/2020 02:18:08 - INFO - __main__ -   	EPOCH:   6	MiniBatch:   30
10/14/2020 02:18:25 - INFO - __main__ -   	EPOCH:   6	MiniBatch:   40
10/14/2020 02:18:42 - INFO - __main__ -   	EPOCH:   6	MiniBatch:   50
10/14/2020 02:18:58 - INFO - __main__ -   	EPOCH:   6	MiniBatch:   60
10/14/2020 02:19:15 - INFO - __main__ -   	EPOCH:   6	MiniBatch:   70
10/14/2020 02:19:32 - INFO - __main__ -   	EPOCH:   6	MiniBatch:   80
10/14/2020 02:19:48 - INFO - __main__ -   	EPOCH:   6	MiniBatch:   90
10/14/2020 02:20:05 - INFO - __main__ -   	EPOCH:   6	MiniBatch:  100
10/14/2020 02:20:22 - INFO - __main__ -   	EPOCH:   6	MiniBatch:  110
10/14/2020 02:20:39 - INFO - __main__ -   	EPOCH:   6	MiniBatch:  120
10/14/2020 02:20:55 - INFO - __main__ -   	EPOCH:   6	MiniBatch:  130
10/14/2020 02:21:12 - INFO - __main__ -   	EPOCH:   6	MiniBatch:  140
10/14/2020 02:21:29 - INFO - __main__ -   	EPOCH:   6	MiniBatch:  150
10/14/2020 02:21:46 - INFO - __main__ -   	EPOCH:   6	MiniBatch:  160
10/14/2020 02:22:02 - INFO - __main__ -   	EPOCH:   6	MiniBatch:  170
10/14/2020 02:22:19 - INFO - __main__ -   	EPOCH:   6	MiniBatch:  180
10/14/2020 02:22:36 - INFO - __main__ -   	EPOCH:   6	MiniBatch:  190
10/14/2020 02:22:52 - INFO - __main__ -   	EPOCH:   6	MiniBatch:  200
10/14/2020 02:23:09 - INFO - __main__ -   	EPOCH:   6	MiniBatch:  210
10/14/2020 02:23:26 - INFO - __main__ -   	EPOCH:   6	MiniBatch:  220
10/14/2020 02:23:43 - INFO - __main__ -   	EPOCH:   6	MiniBatch:  230
10/14/2020 02:23:59 - INFO - __main__ -   	EPOCH:   6	MiniBatch:  240
10/14/2020 02:24:16 - INFO - __main__ -   	EPOCH:   6	MiniBatch:  250
10/14/2020 02:24:33 - INFO - __main__ -   	EPOCH:   6	MiniBatch:  260
10/14/2020 02:24:50 - INFO - __main__ -   	EPOCH:   6	MiniBatch:  270
10/14/2020 02:25:06 - INFO - __main__ -   	EPOCH:   6	MiniBatch:  280
10/14/2020 02:25:23 - INFO - __main__ -   	EPOCH:   6	MiniBatch:  290
10/14/2020 02:25:40 - INFO - __main__ -   	EPOCH:   6	MiniBatch:  300
10/14/2020 02:25:56 - INFO - __main__ -   	EPOCH:   6	MiniBatch:  310
10/14/2020 02:26:13 - INFO - __main__ -   	EPOCH:   6	MiniBatch:  320
10/14/2020 02:26:30 - INFO - __main__ -   	EPOCH:   6	MiniBatch:  330
10/14/2020 02:26:47 - INFO - __main__ -   	EPOCH:   6	MiniBatch:  340
10/14/2020 02:27:03 - INFO - __main__ -   	EPOCH:   6	MiniBatch:  350
10/14/2020 02:27:20 - INFO - __main__ -   	EPOCH:   6	MiniBatch:  360
10/14/2020 02:27:37 - INFO - __main__ -   	EPOCH:   6	MiniBatch:  370
10/14/2020 02:27:53 - INFO - __main__ -   	EPOCH:   6	MiniBatch:  380
10/14/2020 02:28:10 - INFO - __main__ -   	EPOCH:   6	MiniBatch:  390
10/14/2020 02:28:27 - INFO - __main__ -   	EPOCH:   6	MiniBatch:  400
10/14/2020 02:28:44 - INFO - __main__ -   	EPOCH:   6	MiniBatch:  410
10/14/2020 02:29:00 - INFO - __main__ -   	EPOCH:   6	MiniBatch:  420
10/14/2020 02:29:17 - INFO - __main__ -   	EPOCH:   6	MiniBatch:  430
10/14/2020 02:29:34 - INFO - __main__ -   	EPOCH:   6	MiniBatch:  440
10/14/2020 02:29:50 - INFO - __main__ -   	EPOCH:   6	MiniBatch:  450
10/14/2020 02:30:07 - INFO - __main__ -   	EPOCH:   6	MiniBatch:  460
10/14/2020 02:30:24 - INFO - __main__ -   	EPOCH:   6	MiniBatch:  470
10/14/2020 02:30:40 - INFO - __main__ -   	EPOCH:   6	MiniBatch:  480
10/14/2020 02:30:57 - INFO - __main__ -   	EPOCH:   6	MiniBatch:  490
10/14/2020 02:30:59 - INFO - __main__ -   	Testing dev set minibatch:    0
10/14/2020 02:31:06 - INFO - __main__ -   	Testing dev set minibatch:   10
10/14/2020 02:31:13 - INFO - __main__ -   	Testing dev set minibatch:   20
10/14/2020 02:31:21 - INFO - __main__ -   	Testing dev set minibatch:   30
10/14/2020 02:31:28 - INFO - __main__ -   	Testing dev set minibatch:   40
10/14/2020 02:31:35 - INFO - __main__ -   	Testing dev set minibatch:   50
10/14/2020 02:31:42 - INFO - __main__ -   	Testing dev set minibatch:   60
10/14/2020 02:31:44 - INFO - __main__ -   
Labels 		Precision	Recall		F1 score	Support
Empty  		0.0000    	0.0000 		0.0000   	69
Deny   		0.0000    	0.0000 		0.0000   	1029
Support		0.0260    	0.1364 		0.0437   	264
Query  		0.1621    	0.0214 		0.0378   	2199
Comment		0.0000    	0.0000 		0.0000   	0

F1-macro	0.0163
10/14/2020 02:31:44 - INFO - __main__ -   
Labels 		Precision	Recall		F1 score	Support
Short  		0.8195    	0.4504 		0.5813   	484
Long   		0.6280    	0.9034 		0.7409   	497

F1-macro	0.6611
10/14/2020 02:31:44 - INFO - __main__ -   	EPOCH:   7	MiniBatch:    0
10/14/2020 02:32:00 - INFO - __main__ -   	EPOCH:   7	MiniBatch:   10
10/14/2020 02:32:17 - INFO - __main__ -   	EPOCH:   7	MiniBatch:   20
10/14/2020 02:32:34 - INFO - __main__ -   	EPOCH:   7	MiniBatch:   30
10/14/2020 02:32:50 - INFO - __main__ -   	EPOCH:   7	MiniBatch:   40
10/14/2020 02:33:07 - INFO - __main__ -   	EPOCH:   7	MiniBatch:   50
10/14/2020 02:33:24 - INFO - __main__ -   	EPOCH:   7	MiniBatch:   60
10/14/2020 02:33:41 - INFO - __main__ -   	EPOCH:   7	MiniBatch:   70
10/14/2020 02:33:57 - INFO - __main__ -   	EPOCH:   7	MiniBatch:   80
10/14/2020 02:34:14 - INFO - __main__ -   	EPOCH:   7	MiniBatch:   90
10/14/2020 02:34:31 - INFO - __main__ -   	EPOCH:   7	MiniBatch:  100
10/14/2020 02:34:47 - INFO - __main__ -   	EPOCH:   7	MiniBatch:  110
10/14/2020 02:35:04 - INFO - __main__ -   	EPOCH:   7	MiniBatch:  120
10/14/2020 02:35:21 - INFO - __main__ -   	EPOCH:   7	MiniBatch:  130
10/14/2020 02:35:37 - INFO - __main__ -   	EPOCH:   7	MiniBatch:  140
10/14/2020 02:35:54 - INFO - __main__ -   	EPOCH:   7	MiniBatch:  150
10/14/2020 02:36:11 - INFO - __main__ -   	EPOCH:   7	MiniBatch:  160
10/14/2020 02:36:28 - INFO - __main__ -   	EPOCH:   7	MiniBatch:  170
10/14/2020 02:36:44 - INFO - __main__ -   	EPOCH:   7	MiniBatch:  180
10/14/2020 02:37:01 - INFO - __main__ -   	EPOCH:   7	MiniBatch:  190
10/14/2020 02:37:18 - INFO - __main__ -   	EPOCH:   7	MiniBatch:  200
10/14/2020 02:37:34 - INFO - __main__ -   	EPOCH:   7	MiniBatch:  210
10/14/2020 02:37:51 - INFO - __main__ -   	EPOCH:   7	MiniBatch:  220
10/14/2020 02:38:08 - INFO - __main__ -   	EPOCH:   7	MiniBatch:  230
10/14/2020 02:38:24 - INFO - __main__ -   	EPOCH:   7	MiniBatch:  240
10/14/2020 02:38:41 - INFO - __main__ -   	EPOCH:   7	MiniBatch:  250
10/14/2020 02:38:58 - INFO - __main__ -   	EPOCH:   7	MiniBatch:  260
10/14/2020 02:39:15 - INFO - __main__ -   	EPOCH:   7	MiniBatch:  270
10/14/2020 02:39:32 - INFO - __main__ -   	EPOCH:   7	MiniBatch:  280
10/14/2020 02:39:48 - INFO - __main__ -   	EPOCH:   7	MiniBatch:  290
10/14/2020 02:40:05 - INFO - __main__ -   	EPOCH:   7	MiniBatch:  300
10/14/2020 02:40:22 - INFO - __main__ -   	EPOCH:   7	MiniBatch:  310
10/14/2020 02:40:39 - INFO - __main__ -   	EPOCH:   7	MiniBatch:  320
10/14/2020 02:40:55 - INFO - __main__ -   	EPOCH:   7	MiniBatch:  330
10/14/2020 02:41:12 - INFO - __main__ -   	EPOCH:   7	MiniBatch:  340
10/14/2020 02:41:29 - INFO - __main__ -   	EPOCH:   7	MiniBatch:  350
10/14/2020 02:41:45 - INFO - __main__ -   	EPOCH:   7	MiniBatch:  360
10/14/2020 02:42:02 - INFO - __main__ -   	EPOCH:   7	MiniBatch:  370
10/14/2020 02:42:19 - INFO - __main__ -   	EPOCH:   7	MiniBatch:  380
10/14/2020 02:42:35 - INFO - __main__ -   	EPOCH:   7	MiniBatch:  390
10/14/2020 02:42:52 - INFO - __main__ -   	EPOCH:   7	MiniBatch:  400
10/14/2020 02:43:09 - INFO - __main__ -   	EPOCH:   7	MiniBatch:  410
10/14/2020 02:43:26 - INFO - __main__ -   	EPOCH:   7	MiniBatch:  420
10/14/2020 02:43:42 - INFO - __main__ -   	EPOCH:   7	MiniBatch:  430
10/14/2020 02:43:59 - INFO - __main__ -   	EPOCH:   7	MiniBatch:  440
10/14/2020 02:44:16 - INFO - __main__ -   	EPOCH:   7	MiniBatch:  450
10/14/2020 02:44:32 - INFO - __main__ -   	EPOCH:   7	MiniBatch:  460
10/14/2020 02:44:49 - INFO - __main__ -   	EPOCH:   7	MiniBatch:  470
10/14/2020 02:45:06 - INFO - __main__ -   	EPOCH:   7	MiniBatch:  480
10/14/2020 02:45:22 - INFO - __main__ -   	EPOCH:   7	MiniBatch:  490
10/14/2020 02:45:24 - INFO - __main__ -   	Testing dev set minibatch:    0
10/14/2020 02:45:31 - INFO - __main__ -   	Testing dev set minibatch:   10
10/14/2020 02:45:38 - INFO - __main__ -   	Testing dev set minibatch:   20
10/14/2020 02:45:46 - INFO - __main__ -   	Testing dev set minibatch:   30
10/14/2020 02:45:53 - INFO - __main__ -   	Testing dev set minibatch:   40
10/14/2020 02:46:00 - INFO - __main__ -   	Testing dev set minibatch:   50
10/14/2020 02:46:08 - INFO - __main__ -   	Testing dev set minibatch:   60
10/14/2020 02:46:09 - INFO - __main__ -   
Labels 		Precision	Recall		F1 score	Support
Empty  		0.0000    	0.0000 		0.0000   	69
Deny   		0.0000    	0.0000 		0.0000   	1029
Support		0.0227    	0.1098 		0.0376   	264
Query  		0.1830    	0.0264 		0.0461   	2199
Comment		0.0000    	0.0000 		0.0000   	0

F1-macro	0.0167
10/14/2020 02:46:09 - INFO - __main__ -   
Labels 		Precision	Recall		F1 score	Support
Short  		0.7188    	0.5227 		0.6053   	484
Long   		0.6328    	0.8008 		0.7069   	497

F1-macro	0.6561
10/14/2020 02:46:09 - INFO - __main__ -   	EPOCH:   8	MiniBatch:    0
10/14/2020 02:46:25 - INFO - __main__ -   	EPOCH:   8	MiniBatch:   10
10/14/2020 02:46:42 - INFO - __main__ -   	EPOCH:   8	MiniBatch:   20
10/14/2020 02:46:59 - INFO - __main__ -   	EPOCH:   8	MiniBatch:   30
10/14/2020 02:47:16 - INFO - __main__ -   	EPOCH:   8	MiniBatch:   40
10/14/2020 02:47:32 - INFO - __main__ -   	EPOCH:   8	MiniBatch:   50
10/14/2020 02:47:49 - INFO - __main__ -   	EPOCH:   8	MiniBatch:   60
10/14/2020 02:48:06 - INFO - __main__ -   	EPOCH:   8	MiniBatch:   70
10/14/2020 02:48:23 - INFO - __main__ -   	EPOCH:   8	MiniBatch:   80
10/14/2020 02:48:39 - INFO - __main__ -   	EPOCH:   8	MiniBatch:   90
10/14/2020 02:48:56 - INFO - __main__ -   	EPOCH:   8	MiniBatch:  100
10/14/2020 02:49:13 - INFO - __main__ -   	EPOCH:   8	MiniBatch:  110
10/14/2020 02:49:29 - INFO - __main__ -   	EPOCH:   8	MiniBatch:  120
10/14/2020 02:49:46 - INFO - __main__ -   	EPOCH:   8	MiniBatch:  130
10/14/2020 02:50:03 - INFO - __main__ -   	EPOCH:   8	MiniBatch:  140
10/14/2020 02:50:20 - INFO - __main__ -   	EPOCH:   8	MiniBatch:  150
10/14/2020 02:50:36 - INFO - __main__ -   	EPOCH:   8	MiniBatch:  160
10/14/2020 02:50:53 - INFO - __main__ -   	EPOCH:   8	MiniBatch:  170
10/14/2020 02:51:10 - INFO - __main__ -   	EPOCH:   8	MiniBatch:  180
10/14/2020 02:51:26 - INFO - __main__ -   	EPOCH:   8	MiniBatch:  190
10/14/2020 02:51:43 - INFO - __main__ -   	EPOCH:   8	MiniBatch:  200
10/14/2020 02:52:00 - INFO - __main__ -   	EPOCH:   8	MiniBatch:  210
10/14/2020 02:52:16 - INFO - __main__ -   	EPOCH:   8	MiniBatch:  220
10/14/2020 02:52:33 - INFO - __main__ -   	EPOCH:   8	MiniBatch:  230
10/14/2020 02:52:50 - INFO - __main__ -   	EPOCH:   8	MiniBatch:  240
10/14/2020 02:53:07 - INFO - __main__ -   	EPOCH:   8	MiniBatch:  250
10/14/2020 02:53:23 - INFO - __main__ -   	EPOCH:   8	MiniBatch:  260
10/14/2020 02:53:40 - INFO - __main__ -   	EPOCH:   8	MiniBatch:  270
10/14/2020 02:53:57 - INFO - __main__ -   	EPOCH:   8	MiniBatch:  280
10/14/2020 02:54:13 - INFO - __main__ -   	EPOCH:   8	MiniBatch:  290
10/14/2020 02:54:30 - INFO - __main__ -   	EPOCH:   8	MiniBatch:  300
10/14/2020 02:54:47 - INFO - __main__ -   	EPOCH:   8	MiniBatch:  310
10/14/2020 02:55:03 - INFO - __main__ -   	EPOCH:   8	MiniBatch:  320
10/14/2020 02:55:20 - INFO - __main__ -   	EPOCH:   8	MiniBatch:  330
10/14/2020 02:55:37 - INFO - __main__ -   	EPOCH:   8	MiniBatch:  340
10/14/2020 02:55:54 - INFO - __main__ -   	EPOCH:   8	MiniBatch:  350
10/14/2020 02:56:10 - INFO - __main__ -   	EPOCH:   8	MiniBatch:  360
10/14/2020 02:56:27 - INFO - __main__ -   	EPOCH:   8	MiniBatch:  370
10/14/2020 02:56:44 - INFO - __main__ -   	EPOCH:   8	MiniBatch:  380
10/14/2020 02:57:01 - INFO - __main__ -   	EPOCH:   8	MiniBatch:  390
10/14/2020 02:57:17 - INFO - __main__ -   	EPOCH:   8	MiniBatch:  400
10/14/2020 02:57:34 - INFO - __main__ -   	EPOCH:   8	MiniBatch:  410
10/14/2020 02:57:51 - INFO - __main__ -   	EPOCH:   8	MiniBatch:  420
10/14/2020 02:58:08 - INFO - __main__ -   	EPOCH:   8	MiniBatch:  430
10/14/2020 02:58:24 - INFO - __main__ -   	EPOCH:   8	MiniBatch:  440
10/14/2020 02:58:41 - INFO - __main__ -   	EPOCH:   8	MiniBatch:  450
10/14/2020 02:58:58 - INFO - __main__ -   	EPOCH:   8	MiniBatch:  460
10/14/2020 02:59:14 - INFO - __main__ -   	EPOCH:   8	MiniBatch:  470
10/14/2020 02:59:31 - INFO - __main__ -   	EPOCH:   8	MiniBatch:  480
10/14/2020 02:59:48 - INFO - __main__ -   	EPOCH:   8	MiniBatch:  490
10/14/2020 02:59:49 - INFO - __main__ -   	Testing dev set minibatch:    0
10/14/2020 02:59:56 - INFO - __main__ -   	Testing dev set minibatch:   10
10/14/2020 03:00:04 - INFO - __main__ -   	Testing dev set minibatch:   20
10/14/2020 03:00:11 - INFO - __main__ -   	Testing dev set minibatch:   30
10/14/2020 03:00:18 - INFO - __main__ -   	Testing dev set minibatch:   40
10/14/2020 03:00:26 - INFO - __main__ -   	Testing dev set minibatch:   50
10/14/2020 03:00:33 - INFO - __main__ -   	Testing dev set minibatch:   60
10/14/2020 03:00:34 - INFO - __main__ -   
Labels 		Precision	Recall		F1 score	Support
Empty  		0.0000    	0.0000 		0.0000   	69
Deny   		0.0000    	0.0000 		0.0000   	1029
Support		0.0223    	0.1098 		0.0370   	264
Query  		0.1835    	0.0264 		0.0461   	2199
Comment		0.0000    	0.0000 		0.0000   	0

F1-macro	0.0166
10/14/2020 03:00:34 - INFO - __main__ -   
Labels 		Precision	Recall		F1 score	Support
Short  		0.7316    	0.5124 		0.6027   	484
Long   		0.6324    	0.8169 		0.7129   	497

F1-macro	0.6578
10/14/2020 03:00:34 - INFO - __main__ -   	EPOCH:   9	MiniBatch:    0
10/14/2020 03:00:51 - INFO - __main__ -   	EPOCH:   9	MiniBatch:   10
10/14/2020 03:01:07 - INFO - __main__ -   	EPOCH:   9	MiniBatch:   20
10/14/2020 03:01:24 - INFO - __main__ -   	EPOCH:   9	MiniBatch:   30
10/14/2020 03:01:41 - INFO - __main__ -   	EPOCH:   9	MiniBatch:   40
10/14/2020 03:01:58 - INFO - __main__ -   	EPOCH:   9	MiniBatch:   50
10/14/2020 03:02:14 - INFO - __main__ -   	EPOCH:   9	MiniBatch:   60
10/14/2020 03:02:31 - INFO - __main__ -   	EPOCH:   9	MiniBatch:   70
10/14/2020 03:02:48 - INFO - __main__ -   	EPOCH:   9	MiniBatch:   80
10/14/2020 03:03:05 - INFO - __main__ -   	EPOCH:   9	MiniBatch:   90
10/14/2020 03:03:21 - INFO - __main__ -   	EPOCH:   9	MiniBatch:  100
10/14/2020 03:03:38 - INFO - __main__ -   	EPOCH:   9	MiniBatch:  110
10/14/2020 03:03:55 - INFO - __main__ -   	EPOCH:   9	MiniBatch:  120
10/14/2020 03:04:11 - INFO - __main__ -   	EPOCH:   9	MiniBatch:  130
10/14/2020 03:04:28 - INFO - __main__ -   	EPOCH:   9	MiniBatch:  140
10/14/2020 03:04:45 - INFO - __main__ -   	EPOCH:   9	MiniBatch:  150
10/14/2020 03:05:01 - INFO - __main__ -   	EPOCH:   9	MiniBatch:  160
10/14/2020 03:05:18 - INFO - __main__ -   	EPOCH:   9	MiniBatch:  170
10/14/2020 03:05:35 - INFO - __main__ -   	EPOCH:   9	MiniBatch:  180
10/14/2020 03:05:51 - INFO - __main__ -   	EPOCH:   9	MiniBatch:  190
10/14/2020 03:06:08 - INFO - __main__ -   	EPOCH:   9	MiniBatch:  200
10/14/2020 03:06:25 - INFO - __main__ -   	EPOCH:   9	MiniBatch:  210
10/14/2020 03:06:42 - INFO - __main__ -   	EPOCH:   9	MiniBatch:  220
10/14/2020 03:06:58 - INFO - __main__ -   	EPOCH:   9	MiniBatch:  230
10/14/2020 03:07:15 - INFO - __main__ -   	EPOCH:   9	MiniBatch:  240
10/14/2020 03:07:32 - INFO - __main__ -   	EPOCH:   9	MiniBatch:  250
10/14/2020 03:07:48 - INFO - __main__ -   	EPOCH:   9	MiniBatch:  260
10/14/2020 03:08:05 - INFO - __main__ -   	EPOCH:   9	MiniBatch:  270
10/14/2020 03:08:22 - INFO - __main__ -   	EPOCH:   9	MiniBatch:  280
10/14/2020 03:08:38 - INFO - __main__ -   	EPOCH:   9	MiniBatch:  290
10/14/2020 03:08:55 - INFO - __main__ -   	EPOCH:   9	MiniBatch:  300
10/14/2020 03:09:12 - INFO - __main__ -   	EPOCH:   9	MiniBatch:  310
10/14/2020 03:09:28 - INFO - __main__ -   	EPOCH:   9	MiniBatch:  320
10/14/2020 03:09:45 - INFO - __main__ -   	EPOCH:   9	MiniBatch:  330
10/14/2020 03:10:02 - INFO - __main__ -   	EPOCH:   9	MiniBatch:  340
10/14/2020 03:10:19 - INFO - __main__ -   	EPOCH:   9	MiniBatch:  350
10/14/2020 03:10:35 - INFO - __main__ -   	EPOCH:   9	MiniBatch:  360
10/14/2020 03:10:52 - INFO - __main__ -   	EPOCH:   9	MiniBatch:  370
10/14/2020 03:11:09 - INFO - __main__ -   	EPOCH:   9	MiniBatch:  380
10/14/2020 03:11:25 - INFO - __main__ -   	EPOCH:   9	MiniBatch:  390
10/14/2020 03:11:42 - INFO - __main__ -   	EPOCH:   9	MiniBatch:  400
10/14/2020 03:11:59 - INFO - __main__ -   	EPOCH:   9	MiniBatch:  410
10/14/2020 03:12:16 - INFO - __main__ -   	EPOCH:   9	MiniBatch:  420
10/14/2020 03:12:32 - INFO - __main__ -   	EPOCH:   9	MiniBatch:  430
10/14/2020 03:12:49 - INFO - __main__ -   	EPOCH:   9	MiniBatch:  440
10/14/2020 03:13:06 - INFO - __main__ -   	EPOCH:   9	MiniBatch:  450
10/14/2020 03:13:22 - INFO - __main__ -   	EPOCH:   9	MiniBatch:  460
10/14/2020 03:13:39 - INFO - __main__ -   	EPOCH:   9	MiniBatch:  470
10/14/2020 03:13:56 - INFO - __main__ -   	EPOCH:   9	MiniBatch:  480
10/14/2020 03:14:12 - INFO - __main__ -   	EPOCH:   9	MiniBatch:  490
10/14/2020 03:14:14 - INFO - __main__ -   	Testing dev set minibatch:    0
10/14/2020 03:14:21 - INFO - __main__ -   	Testing dev set minibatch:   10
10/14/2020 03:14:28 - INFO - __main__ -   	Testing dev set minibatch:   20
10/14/2020 03:14:36 - INFO - __main__ -   	Testing dev set minibatch:   30
10/14/2020 03:14:43 - INFO - __main__ -   	Testing dev set minibatch:   40
10/14/2020 03:14:50 - INFO - __main__ -   	Testing dev set minibatch:   50
10/14/2020 03:14:57 - INFO - __main__ -   	Testing dev set minibatch:   60
10/14/2020 03:14:59 - INFO - __main__ -   
Labels 		Precision	Recall		F1 score	Support
Empty  		0.0000    	0.0000 		0.0000   	69
Deny   		0.0000    	0.0000 		0.0000   	1029
Support		0.0210    	0.1023 		0.0349   	264
Query  		0.1839    	0.0250 		0.0440   	2199
Comment		0.0000    	0.0000 		0.0000   	0

F1-macro	0.0158
10/14/2020 03:14:59 - INFO - __main__ -   
Labels 		Precision	Recall		F1 score	Support
Short  		0.7619    	0.4959 		0.6008   	484
Long   		0.6336    	0.8491 		0.7257   	497

F1-macro	0.6632
10/14/2020 03:14:59 - INFO - __main__ -   	EPOCH:  10	MiniBatch:    0
10/14/2020 03:15:15 - INFO - __main__ -   	EPOCH:  10	MiniBatch:   10
10/14/2020 03:15:32 - INFO - __main__ -   	EPOCH:  10	MiniBatch:   20
10/14/2020 03:15:49 - INFO - __main__ -   	EPOCH:  10	MiniBatch:   30
10/14/2020 03:16:05 - INFO - __main__ -   	EPOCH:  10	MiniBatch:   40
10/14/2020 03:16:22 - INFO - __main__ -   	EPOCH:  10	MiniBatch:   50
10/14/2020 03:16:39 - INFO - __main__ -   	EPOCH:  10	MiniBatch:   60
10/14/2020 03:16:55 - INFO - __main__ -   	EPOCH:  10	MiniBatch:   70
10/14/2020 03:17:12 - INFO - __main__ -   	EPOCH:  10	MiniBatch:   80
10/14/2020 03:17:29 - INFO - __main__ -   	EPOCH:  10	MiniBatch:   90
10/14/2020 03:17:45 - INFO - __main__ -   	EPOCH:  10	MiniBatch:  100
10/14/2020 03:18:02 - INFO - __main__ -   	EPOCH:  10	MiniBatch:  110
10/14/2020 03:18:19 - INFO - __main__ -   	EPOCH:  10	MiniBatch:  120
10/14/2020 03:18:36 - INFO - __main__ -   	EPOCH:  10	MiniBatch:  130
10/14/2020 03:18:52 - INFO - __main__ -   	EPOCH:  10	MiniBatch:  140
10/14/2020 03:19:09 - INFO - __main__ -   	EPOCH:  10	MiniBatch:  150
10/14/2020 03:19:26 - INFO - __main__ -   	EPOCH:  10	MiniBatch:  160
10/14/2020 03:19:42 - INFO - __main__ -   	EPOCH:  10	MiniBatch:  170
10/14/2020 03:19:59 - INFO - __main__ -   	EPOCH:  10	MiniBatch:  180
10/14/2020 03:20:16 - INFO - __main__ -   	EPOCH:  10	MiniBatch:  190
10/14/2020 03:20:32 - INFO - __main__ -   	EPOCH:  10	MiniBatch:  200
10/14/2020 03:20:49 - INFO - __main__ -   	EPOCH:  10	MiniBatch:  210
10/14/2020 03:21:06 - INFO - __main__ -   	EPOCH:  10	MiniBatch:  220
10/14/2020 03:21:23 - INFO - __main__ -   	EPOCH:  10	MiniBatch:  230
10/14/2020 03:21:39 - INFO - __main__ -   	EPOCH:  10	MiniBatch:  240
10/14/2020 03:21:56 - INFO - __main__ -   	EPOCH:  10	MiniBatch:  250
10/14/2020 03:22:13 - INFO - __main__ -   	EPOCH:  10	MiniBatch:  260
10/14/2020 03:22:29 - INFO - __main__ -   	EPOCH:  10	MiniBatch:  270
10/14/2020 03:22:46 - INFO - __main__ -   	EPOCH:  10	MiniBatch:  280
10/14/2020 03:23:03 - INFO - __main__ -   	EPOCH:  10	MiniBatch:  290
10/14/2020 03:23:20 - INFO - __main__ -   	EPOCH:  10	MiniBatch:  300
10/14/2020 03:23:36 - INFO - __main__ -   	EPOCH:  10	MiniBatch:  310
10/14/2020 03:23:53 - INFO - __main__ -   	EPOCH:  10	MiniBatch:  320
10/14/2020 03:24:10 - INFO - __main__ -   	EPOCH:  10	MiniBatch:  330
10/14/2020 03:24:26 - INFO - __main__ -   	EPOCH:  10	MiniBatch:  340
10/14/2020 03:24:43 - INFO - __main__ -   	EPOCH:  10	MiniBatch:  350
10/14/2020 03:25:00 - INFO - __main__ -   	EPOCH:  10	MiniBatch:  360
10/14/2020 03:25:17 - INFO - __main__ -   	EPOCH:  10	MiniBatch:  370
10/14/2020 03:25:33 - INFO - __main__ -   	EPOCH:  10	MiniBatch:  380
10/14/2020 03:25:50 - INFO - __main__ -   	EPOCH:  10	MiniBatch:  390
10/14/2020 03:26:07 - INFO - __main__ -   	EPOCH:  10	MiniBatch:  400
10/14/2020 03:26:23 - INFO - __main__ -   	EPOCH:  10	MiniBatch:  410
10/14/2020 03:26:40 - INFO - __main__ -   	EPOCH:  10	MiniBatch:  420
10/14/2020 03:26:57 - INFO - __main__ -   	EPOCH:  10	MiniBatch:  430
10/14/2020 03:27:13 - INFO - __main__ -   	EPOCH:  10	MiniBatch:  440
10/14/2020 03:27:30 - INFO - __main__ -   	EPOCH:  10	MiniBatch:  450
10/14/2020 03:27:47 - INFO - __main__ -   	EPOCH:  10	MiniBatch:  460
10/14/2020 03:28:03 - INFO - __main__ -   	EPOCH:  10	MiniBatch:  470
10/14/2020 03:28:20 - INFO - __main__ -   	EPOCH:  10	MiniBatch:  480
10/14/2020 03:28:37 - INFO - __main__ -   	EPOCH:  10	MiniBatch:  490
10/14/2020 03:28:38 - INFO - __main__ -   	Testing dev set minibatch:    0
10/14/2020 03:28:46 - INFO - __main__ -   	Testing dev set minibatch:   10
10/14/2020 03:28:53 - INFO - __main__ -   	Testing dev set minibatch:   20
10/14/2020 03:29:00 - INFO - __main__ -   	Testing dev set minibatch:   30
10/14/2020 03:29:07 - INFO - __main__ -   	Testing dev set minibatch:   40
10/14/2020 03:29:15 - INFO - __main__ -   	Testing dev set minibatch:   50
10/14/2020 03:29:22 - INFO - __main__ -   	Testing dev set minibatch:   60
10/14/2020 03:29:23 - INFO - __main__ -   
Labels 		Precision	Recall		F1 score	Support
Empty  		0.0000    	0.0000 		0.0000   	69
Deny   		0.0000    	0.0000 		0.0000   	1029
Support		0.0188    	0.0909 		0.0312   	264
Query  		0.1836    	0.0255 		0.0447   	2199
Comment		0.0000    	0.0000 		0.0000   	0

F1-macro	0.0152
10/14/2020 03:29:23 - INFO - __main__ -   
Labels 		Precision	Recall		F1 score	Support
Short  		0.7944    	0.4711 		0.5914   	484
Long   		0.6311    	0.8813 		0.7355   	497

F1-macro	0.6635
10/14/2020 03:29:23 - INFO - __main__ -   	EPOCH:  11	MiniBatch:    0
10/14/2020 03:29:40 - INFO - __main__ -   	EPOCH:  11	MiniBatch:   10
10/14/2020 03:29:57 - INFO - __main__ -   	EPOCH:  11	MiniBatch:   20
10/14/2020 03:30:13 - INFO - __main__ -   	EPOCH:  11	MiniBatch:   30
10/14/2020 03:30:30 - INFO - __main__ -   	EPOCH:  11	MiniBatch:   40
10/14/2020 03:30:47 - INFO - __main__ -   	EPOCH:  11	MiniBatch:   50
10/14/2020 03:31:03 - INFO - __main__ -   	EPOCH:  11	MiniBatch:   60
10/14/2020 03:31:20 - INFO - __main__ -   	EPOCH:  11	MiniBatch:   70
10/14/2020 03:31:37 - INFO - __main__ -   	EPOCH:  11	MiniBatch:   80
10/14/2020 03:31:54 - INFO - __main__ -   	EPOCH:  11	MiniBatch:   90
10/14/2020 03:32:10 - INFO - __main__ -   	EPOCH:  11	MiniBatch:  100
10/14/2020 03:32:27 - INFO - __main__ -   	EPOCH:  11	MiniBatch:  110
10/14/2020 03:32:44 - INFO - __main__ -   	EPOCH:  11	MiniBatch:  120
10/14/2020 03:33:00 - INFO - __main__ -   	EPOCH:  11	MiniBatch:  130
10/14/2020 03:33:17 - INFO - __main__ -   	EPOCH:  11	MiniBatch:  140
10/14/2020 03:33:34 - INFO - __main__ -   	EPOCH:  11	MiniBatch:  150
10/14/2020 03:33:51 - INFO - __main__ -   	EPOCH:  11	MiniBatch:  160
10/14/2020 03:34:07 - INFO - __main__ -   	EPOCH:  11	MiniBatch:  170
10/14/2020 03:34:24 - INFO - __main__ -   	EPOCH:  11	MiniBatch:  180
10/14/2020 03:34:41 - INFO - __main__ -   	EPOCH:  11	MiniBatch:  190
10/14/2020 03:34:57 - INFO - __main__ -   	EPOCH:  11	MiniBatch:  200
10/14/2020 03:35:14 - INFO - __main__ -   	EPOCH:  11	MiniBatch:  210
10/14/2020 03:35:31 - INFO - __main__ -   	EPOCH:  11	MiniBatch:  220
10/14/2020 03:35:48 - INFO - __main__ -   	EPOCH:  11	MiniBatch:  230
10/14/2020 03:36:04 - INFO - __main__ -   	EPOCH:  11	MiniBatch:  240
10/14/2020 03:36:21 - INFO - __main__ -   	EPOCH:  11	MiniBatch:  250
10/14/2020 03:36:38 - INFO - __main__ -   	EPOCH:  11	MiniBatch:  260
10/14/2020 03:36:54 - INFO - __main__ -   	EPOCH:  11	MiniBatch:  270
10/14/2020 03:37:11 - INFO - __main__ -   	EPOCH:  11	MiniBatch:  280
10/14/2020 03:37:28 - INFO - __main__ -   	EPOCH:  11	MiniBatch:  290
10/14/2020 03:37:45 - INFO - __main__ -   	EPOCH:  11	MiniBatch:  300
10/14/2020 03:38:01 - INFO - __main__ -   	EPOCH:  11	MiniBatch:  310
10/14/2020 03:38:18 - INFO - __main__ -   	EPOCH:  11	MiniBatch:  320
10/14/2020 03:38:35 - INFO - __main__ -   	EPOCH:  11	MiniBatch:  330
10/14/2020 03:38:52 - INFO - __main__ -   	EPOCH:  11	MiniBatch:  340
10/14/2020 03:39:08 - INFO - __main__ -   	EPOCH:  11	MiniBatch:  350
10/14/2020 03:39:25 - INFO - __main__ -   	EPOCH:  11	MiniBatch:  360
10/14/2020 03:39:42 - INFO - __main__ -   	EPOCH:  11	MiniBatch:  370
10/14/2020 03:39:59 - INFO - __main__ -   	EPOCH:  11	MiniBatch:  380
10/14/2020 03:40:15 - INFO - __main__ -   	EPOCH:  11	MiniBatch:  390
10/14/2020 03:40:32 - INFO - __main__ -   	EPOCH:  11	MiniBatch:  400
10/14/2020 03:40:49 - INFO - __main__ -   	EPOCH:  11	MiniBatch:  410
10/14/2020 03:41:05 - INFO - __main__ -   	EPOCH:  11	MiniBatch:  420
10/14/2020 03:41:22 - INFO - __main__ -   	EPOCH:  11	MiniBatch:  430
10/14/2020 03:41:39 - INFO - __main__ -   	EPOCH:  11	MiniBatch:  440
10/14/2020 03:41:56 - INFO - __main__ -   	EPOCH:  11	MiniBatch:  450
10/14/2020 03:42:12 - INFO - __main__ -   	EPOCH:  11	MiniBatch:  460
10/14/2020 03:42:29 - INFO - __main__ -   	EPOCH:  11	MiniBatch:  470
10/14/2020 03:42:46 - INFO - __main__ -   	EPOCH:  11	MiniBatch:  480
10/14/2020 03:43:02 - INFO - __main__ -   	EPOCH:  11	MiniBatch:  490
10/14/2020 03:43:04 - INFO - __main__ -   	Testing dev set minibatch:    0
10/14/2020 03:43:11 - INFO - __main__ -   	Testing dev set minibatch:   10
10/14/2020 03:43:18 - INFO - __main__ -   	Testing dev set minibatch:   20
10/14/2020 03:43:26 - INFO - __main__ -   	Testing dev set minibatch:   30
10/14/2020 03:43:33 - INFO - __main__ -   	Testing dev set minibatch:   40
10/14/2020 03:43:40 - INFO - __main__ -   	Testing dev set minibatch:   50
10/14/2020 03:43:48 - INFO - __main__ -   	Testing dev set minibatch:   60
10/14/2020 03:43:49 - INFO - __main__ -   
Labels 		Precision	Recall		F1 score	Support
Empty  		0.0000    	0.0000 		0.0000   	69
Deny   		0.0000    	0.0000 		0.0000   	1029
Support		0.0239    	0.1250 		0.0402   	264
Query  		0.1892    	0.0255 		0.0449   	2199
Comment		0.0000    	0.0000 		0.0000   	0

F1-macro	0.0170
10/14/2020 03:43:49 - INFO - __main__ -   
Labels 		Precision	Recall		F1 score	Support
Short  		0.6064    	0.7479 		0.6698   	484
Long   		0.6823    	0.5272 		0.5948   	497

F1-macro	0.6323
10/14/2020 03:43:49 - INFO - __main__ -   	EPOCH:  12	MiniBatch:    0
10/14/2020 03:44:05 - INFO - __main__ -   	EPOCH:  12	MiniBatch:   10
10/14/2020 03:44:22 - INFO - __main__ -   	EPOCH:  12	MiniBatch:   20
10/14/2020 03:44:39 - INFO - __main__ -   	EPOCH:  12	MiniBatch:   30
10/14/2020 03:44:56 - INFO - __main__ -   	EPOCH:  12	MiniBatch:   40
10/14/2020 03:45:12 - INFO - __main__ -   	EPOCH:  12	MiniBatch:   50
10/14/2020 03:45:29 - INFO - __main__ -   	EPOCH:  12	MiniBatch:   60
10/14/2020 03:45:46 - INFO - __main__ -   	EPOCH:  12	MiniBatch:   70
10/14/2020 03:46:02 - INFO - __main__ -   	EPOCH:  12	MiniBatch:   80
10/14/2020 03:46:19 - INFO - __main__ -   	EPOCH:  12	MiniBatch:   90
10/14/2020 03:46:36 - INFO - __main__ -   	EPOCH:  12	MiniBatch:  100
10/14/2020 03:46:52 - INFO - __main__ -   	EPOCH:  12	MiniBatch:  110
10/14/2020 03:47:09 - INFO - __main__ -   	EPOCH:  12	MiniBatch:  120
10/14/2020 03:47:26 - INFO - __main__ -   	EPOCH:  12	MiniBatch:  130
10/14/2020 03:47:42 - INFO - __main__ -   	EPOCH:  12	MiniBatch:  140
10/14/2020 03:47:59 - INFO - __main__ -   	EPOCH:  12	MiniBatch:  150
10/14/2020 03:48:16 - INFO - __main__ -   	EPOCH:  12	MiniBatch:  160
10/14/2020 03:48:32 - INFO - __main__ -   	EPOCH:  12	MiniBatch:  170
10/14/2020 03:48:49 - INFO - __main__ -   	EPOCH:  12	MiniBatch:  180
10/14/2020 03:49:06 - INFO - __main__ -   	EPOCH:  12	MiniBatch:  190
10/14/2020 03:49:22 - INFO - __main__ -   	EPOCH:  12	MiniBatch:  200
10/14/2020 03:49:39 - INFO - __main__ -   	EPOCH:  12	MiniBatch:  210
10/14/2020 03:49:56 - INFO - __main__ -   	EPOCH:  12	MiniBatch:  220
10/14/2020 03:50:12 - INFO - __main__ -   	EPOCH:  12	MiniBatch:  230
10/14/2020 03:50:29 - INFO - __main__ -   	EPOCH:  12	MiniBatch:  240
10/14/2020 03:50:46 - INFO - __main__ -   	EPOCH:  12	MiniBatch:  250
10/14/2020 03:51:03 - INFO - __main__ -   	EPOCH:  12	MiniBatch:  260
10/14/2020 03:51:19 - INFO - __main__ -   	EPOCH:  12	MiniBatch:  270
10/14/2020 03:51:36 - INFO - __main__ -   	EPOCH:  12	MiniBatch:  280
10/14/2020 03:51:53 - INFO - __main__ -   	EPOCH:  12	MiniBatch:  290
10/14/2020 03:52:09 - INFO - __main__ -   	EPOCH:  12	MiniBatch:  300
10/14/2020 03:52:26 - INFO - __main__ -   	EPOCH:  12	MiniBatch:  310
10/14/2020 03:52:43 - INFO - __main__ -   	EPOCH:  12	MiniBatch:  320
10/14/2020 03:52:59 - INFO - __main__ -   	EPOCH:  12	MiniBatch:  330
10/14/2020 03:53:16 - INFO - __main__ -   	EPOCH:  12	MiniBatch:  340
10/14/2020 03:53:33 - INFO - __main__ -   	EPOCH:  12	MiniBatch:  350
10/14/2020 03:53:50 - INFO - __main__ -   	EPOCH:  12	MiniBatch:  360
10/14/2020 03:54:06 - INFO - __main__ -   	EPOCH:  12	MiniBatch:  370
10/14/2020 03:54:23 - INFO - __main__ -   	EPOCH:  12	MiniBatch:  380
10/14/2020 03:54:40 - INFO - __main__ -   	EPOCH:  12	MiniBatch:  390
10/14/2020 03:54:56 - INFO - __main__ -   	EPOCH:  12	MiniBatch:  400
10/14/2020 03:55:13 - INFO - __main__ -   	EPOCH:  12	MiniBatch:  410
10/14/2020 03:55:30 - INFO - __main__ -   	EPOCH:  12	MiniBatch:  420
10/14/2020 03:55:46 - INFO - __main__ -   	EPOCH:  12	MiniBatch:  430
10/14/2020 03:56:03 - INFO - __main__ -   	EPOCH:  12	MiniBatch:  440
10/14/2020 03:56:20 - INFO - __main__ -   	EPOCH:  12	MiniBatch:  450
10/14/2020 03:56:36 - INFO - __main__ -   	EPOCH:  12	MiniBatch:  460
10/14/2020 03:56:53 - INFO - __main__ -   	EPOCH:  12	MiniBatch:  470
10/14/2020 03:57:10 - INFO - __main__ -   	EPOCH:  12	MiniBatch:  480
10/14/2020 03:57:26 - INFO - __main__ -   	EPOCH:  12	MiniBatch:  490
10/14/2020 03:57:28 - INFO - __main__ -   	Testing dev set minibatch:    0
10/14/2020 03:57:35 - INFO - __main__ -   	Testing dev set minibatch:   10
10/14/2020 03:57:42 - INFO - __main__ -   	Testing dev set minibatch:   20
10/14/2020 03:57:50 - INFO - __main__ -   	Testing dev set minibatch:   30
10/14/2020 03:57:57 - INFO - __main__ -   	Testing dev set minibatch:   40
10/14/2020 03:58:04 - INFO - __main__ -   	Testing dev set minibatch:   50
10/14/2020 03:58:11 - INFO - __main__ -   	Testing dev set minibatch:   60
10/14/2020 03:58:13 - INFO - __main__ -   
Labels 		Precision	Recall		F1 score	Support
Empty  		0.0000    	0.0000 		0.0000   	69
Deny   		0.0000    	0.0000 		0.0000   	1029
Support		0.0277    	0.1326 		0.0458   	264
Query  		0.1834    	0.0241 		0.0426   	2199
Comment		0.0000    	0.0000 		0.0000   	0

F1-macro	0.0177
10/14/2020 03:58:13 - INFO - __main__ -   
Labels 		Precision	Recall		F1 score	Support
Short  		0.5776    	0.7996 		0.6707   	484
Long   		0.6881    	0.4306 		0.5297   	497

F1-macro	0.6002
10/14/2020 03:58:13 - INFO - __main__ -   	EPOCH:  13	MiniBatch:    0
10/14/2020 03:58:29 - INFO - __main__ -   	EPOCH:  13	MiniBatch:   10
10/14/2020 03:58:46 - INFO - __main__ -   	EPOCH:  13	MiniBatch:   20
10/14/2020 03:59:03 - INFO - __main__ -   	EPOCH:  13	MiniBatch:   30
10/14/2020 03:59:19 - INFO - __main__ -   	EPOCH:  13	MiniBatch:   40
10/14/2020 03:59:36 - INFO - __main__ -   	EPOCH:  13	MiniBatch:   50
10/14/2020 03:59:53 - INFO - __main__ -   	EPOCH:  13	MiniBatch:   60
10/14/2020 04:00:09 - INFO - __main__ -   	EPOCH:  13	MiniBatch:   70
10/14/2020 04:00:26 - INFO - __main__ -   	EPOCH:  13	MiniBatch:   80
10/14/2020 04:00:43 - INFO - __main__ -   	EPOCH:  13	MiniBatch:   90
10/14/2020 04:00:59 - INFO - __main__ -   	EPOCH:  13	MiniBatch:  100
10/14/2020 04:01:16 - INFO - __main__ -   	EPOCH:  13	MiniBatch:  110
10/14/2020 04:01:33 - INFO - __main__ -   	EPOCH:  13	MiniBatch:  120
10/14/2020 04:01:49 - INFO - __main__ -   	EPOCH:  13	MiniBatch:  130
10/14/2020 04:02:06 - INFO - __main__ -   	EPOCH:  13	MiniBatch:  140
10/14/2020 04:02:23 - INFO - __main__ -   	EPOCH:  13	MiniBatch:  150
10/14/2020 04:02:40 - INFO - __main__ -   	EPOCH:  13	MiniBatch:  160
10/14/2020 04:02:56 - INFO - __main__ -   	EPOCH:  13	MiniBatch:  170
10/14/2020 04:03:13 - INFO - __main__ -   	EPOCH:  13	MiniBatch:  180
10/14/2020 04:03:30 - INFO - __main__ -   	EPOCH:  13	MiniBatch:  190
10/14/2020 04:03:46 - INFO - __main__ -   	EPOCH:  13	MiniBatch:  200
10/14/2020 04:04:03 - INFO - __main__ -   	EPOCH:  13	MiniBatch:  210
10/14/2020 04:04:20 - INFO - __main__ -   	EPOCH:  13	MiniBatch:  220
10/14/2020 04:04:36 - INFO - __main__ -   	EPOCH:  13	MiniBatch:  230
10/14/2020 04:04:53 - INFO - __main__ -   	EPOCH:  13	MiniBatch:  240
10/14/2020 04:05:10 - INFO - __main__ -   	EPOCH:  13	MiniBatch:  250
10/14/2020 04:05:27 - INFO - __main__ -   	EPOCH:  13	MiniBatch:  260
10/14/2020 04:05:43 - INFO - __main__ -   	EPOCH:  13	MiniBatch:  270
10/14/2020 04:06:00 - INFO - __main__ -   	EPOCH:  13	MiniBatch:  280
10/14/2020 04:06:17 - INFO - __main__ -   	EPOCH:  13	MiniBatch:  290
10/14/2020 04:06:33 - INFO - __main__ -   	EPOCH:  13	MiniBatch:  300
10/14/2020 04:06:50 - INFO - __main__ -   	EPOCH:  13	MiniBatch:  310
10/14/2020 04:07:07 - INFO - __main__ -   	EPOCH:  13	MiniBatch:  320
10/14/2020 04:07:23 - INFO - __main__ -   	EPOCH:  13	MiniBatch:  330
10/14/2020 04:07:40 - INFO - __main__ -   	EPOCH:  13	MiniBatch:  340
10/14/2020 04:07:57 - INFO - __main__ -   	EPOCH:  13	MiniBatch:  350
10/14/2020 04:08:13 - INFO - __main__ -   	EPOCH:  13	MiniBatch:  360
10/14/2020 04:08:30 - INFO - __main__ -   	EPOCH:  13	MiniBatch:  370
10/14/2020 04:08:47 - INFO - __main__ -   	EPOCH:  13	MiniBatch:  380
10/14/2020 04:09:03 - INFO - __main__ -   	EPOCH:  13	MiniBatch:  390
10/14/2020 04:09:20 - INFO - __main__ -   	EPOCH:  13	MiniBatch:  400
10/14/2020 04:09:37 - INFO - __main__ -   	EPOCH:  13	MiniBatch:  410
10/14/2020 04:09:53 - INFO - __main__ -   	EPOCH:  13	MiniBatch:  420
10/14/2020 04:10:10 - INFO - __main__ -   	EPOCH:  13	MiniBatch:  430
10/14/2020 04:10:27 - INFO - __main__ -   	EPOCH:  13	MiniBatch:  440
10/14/2020 04:10:44 - INFO - __main__ -   	EPOCH:  13	MiniBatch:  450
10/14/2020 04:11:00 - INFO - __main__ -   	EPOCH:  13	MiniBatch:  460
10/14/2020 04:11:17 - INFO - __main__ -   	EPOCH:  13	MiniBatch:  470
10/14/2020 04:11:34 - INFO - __main__ -   	EPOCH:  13	MiniBatch:  480
10/14/2020 04:11:50 - INFO - __main__ -   	EPOCH:  13	MiniBatch:  490
10/14/2020 04:11:52 - INFO - __main__ -   	Testing dev set minibatch:    0
10/14/2020 04:11:59 - INFO - __main__ -   	Testing dev set minibatch:   10
10/14/2020 04:12:06 - INFO - __main__ -   	Testing dev set minibatch:   20
10/14/2020 04:12:14 - INFO - __main__ -   	Testing dev set minibatch:   30
10/14/2020 04:12:21 - INFO - __main__ -   	Testing dev set minibatch:   40
10/14/2020 04:12:28 - INFO - __main__ -   	Testing dev set minibatch:   50
10/14/2020 04:12:35 - INFO - __main__ -   	Testing dev set minibatch:   60
10/14/2020 04:12:37 - INFO - __main__ -   
Labels 		Precision	Recall		F1 score	Support
Empty  		0.0000    	0.0000 		0.0000   	69
Deny   		0.0000    	0.0000 		0.0000   	1029
Support		0.0257    	0.1174 		0.0422   	264
Query  		0.1739    	0.0218 		0.0388   	2199
Comment		0.0000    	0.0000 		0.0000   	0

F1-macro	0.0162
10/14/2020 04:12:37 - INFO - __main__ -   
Labels 		Precision	Recall		F1 score	Support
Short  		0.5490    	0.8905 		0.6793   	484
Long   		0.7296    	0.2877 		0.4127   	497

F1-macro	0.5460
10/14/2020 04:12:37 - INFO - __main__ -   	EPOCH:  14	MiniBatch:    0
10/14/2020 04:12:53 - INFO - __main__ -   	EPOCH:  14	MiniBatch:   10
10/14/2020 04:13:10 - INFO - __main__ -   	EPOCH:  14	MiniBatch:   20
10/14/2020 04:13:27 - INFO - __main__ -   	EPOCH:  14	MiniBatch:   30
10/14/2020 04:13:44 - INFO - __main__ -   	EPOCH:  14	MiniBatch:   40
10/14/2020 04:14:00 - INFO - __main__ -   	EPOCH:  14	MiniBatch:   50
10/14/2020 04:14:17 - INFO - __main__ -   	EPOCH:  14	MiniBatch:   60
10/14/2020 04:14:34 - INFO - __main__ -   	EPOCH:  14	MiniBatch:   70
10/14/2020 04:14:50 - INFO - __main__ -   	EPOCH:  14	MiniBatch:   80
10/14/2020 04:15:07 - INFO - __main__ -   	EPOCH:  14	MiniBatch:   90
10/14/2020 04:15:24 - INFO - __main__ -   	EPOCH:  14	MiniBatch:  100
10/14/2020 04:15:40 - INFO - __main__ -   	EPOCH:  14	MiniBatch:  110
10/14/2020 04:15:57 - INFO - __main__ -   	EPOCH:  14	MiniBatch:  120
10/14/2020 04:16:14 - INFO - __main__ -   	EPOCH:  14	MiniBatch:  130
10/14/2020 04:16:30 - INFO - __main__ -   	EPOCH:  14	MiniBatch:  140
10/14/2020 04:16:47 - INFO - __main__ -   	EPOCH:  14	MiniBatch:  150
10/14/2020 04:17:04 - INFO - __main__ -   	EPOCH:  14	MiniBatch:  160
10/14/2020 04:17:21 - INFO - __main__ -   	EPOCH:  14	MiniBatch:  170
10/14/2020 04:17:37 - INFO - __main__ -   	EPOCH:  14	MiniBatch:  180
10/14/2020 04:17:54 - INFO - __main__ -   	EPOCH:  14	MiniBatch:  190
10/14/2020 04:18:11 - INFO - __main__ -   	EPOCH:  14	MiniBatch:  200
10/14/2020 04:18:27 - INFO - __main__ -   	EPOCH:  14	MiniBatch:  210
10/14/2020 04:18:44 - INFO - __main__ -   	EPOCH:  14	MiniBatch:  220
10/14/2020 04:19:01 - INFO - __main__ -   	EPOCH:  14	MiniBatch:  230
10/14/2020 04:19:17 - INFO - __main__ -   	EPOCH:  14	MiniBatch:  240
10/14/2020 04:19:34 - INFO - __main__ -   	EPOCH:  14	MiniBatch:  250
10/14/2020 04:19:51 - INFO - __main__ -   	EPOCH:  14	MiniBatch:  260
10/14/2020 04:20:08 - INFO - __main__ -   	EPOCH:  14	MiniBatch:  270
10/14/2020 04:20:24 - INFO - __main__ -   	EPOCH:  14	MiniBatch:  280
10/14/2020 04:20:41 - INFO - __main__ -   	EPOCH:  14	MiniBatch:  290
10/14/2020 04:20:58 - INFO - __main__ -   	EPOCH:  14	MiniBatch:  300
10/14/2020 04:21:14 - INFO - __main__ -   	EPOCH:  14	MiniBatch:  310
10/14/2020 04:21:31 - INFO - __main__ -   	EPOCH:  14	MiniBatch:  320
10/14/2020 04:21:48 - INFO - __main__ -   	EPOCH:  14	MiniBatch:  330
10/14/2020 04:22:05 - INFO - __main__ -   	EPOCH:  14	MiniBatch:  340
10/14/2020 04:22:21 - INFO - __main__ -   	EPOCH:  14	MiniBatch:  350
10/14/2020 04:22:38 - INFO - __main__ -   	EPOCH:  14	MiniBatch:  360
10/14/2020 04:22:55 - INFO - __main__ -   	EPOCH:  14	MiniBatch:  370
10/14/2020 04:23:11 - INFO - __main__ -   	EPOCH:  14	MiniBatch:  380
10/14/2020 04:23:28 - INFO - __main__ -   	EPOCH:  14	MiniBatch:  390
10/14/2020 04:23:45 - INFO - __main__ -   	EPOCH:  14	MiniBatch:  400
10/14/2020 04:24:01 - INFO - __main__ -   	EPOCH:  14	MiniBatch:  410
10/14/2020 04:24:18 - INFO - __main__ -   	EPOCH:  14	MiniBatch:  420
10/14/2020 04:24:35 - INFO - __main__ -   	EPOCH:  14	MiniBatch:  430
10/14/2020 04:24:51 - INFO - __main__ -   	EPOCH:  14	MiniBatch:  440
10/14/2020 04:25:08 - INFO - __main__ -   	EPOCH:  14	MiniBatch:  450
10/14/2020 04:25:25 - INFO - __main__ -   	EPOCH:  14	MiniBatch:  460
10/14/2020 04:25:41 - INFO - __main__ -   	EPOCH:  14	MiniBatch:  470
10/14/2020 04:25:58 - INFO - __main__ -   	EPOCH:  14	MiniBatch:  480
10/14/2020 04:26:15 - INFO - __main__ -   	EPOCH:  14	MiniBatch:  490
10/14/2020 04:26:16 - INFO - __main__ -   	Testing dev set minibatch:    0
10/14/2020 04:26:23 - INFO - __main__ -   	Testing dev set minibatch:   10
10/14/2020 04:26:31 - INFO - __main__ -   	Testing dev set minibatch:   20
10/14/2020 04:26:38 - INFO - __main__ -   	Testing dev set minibatch:   30
10/14/2020 04:26:45 - INFO - __main__ -   	Testing dev set minibatch:   40
10/14/2020 04:26:53 - INFO - __main__ -   	Testing dev set minibatch:   50
10/14/2020 04:27:00 - INFO - __main__ -   	Testing dev set minibatch:   60
10/14/2020 04:27:01 - INFO - __main__ -   
Labels 		Precision	Recall		F1 score	Support
Empty  		0.0000    	0.0000 		0.0000   	69
Deny   		0.0000    	0.0000 		0.0000   	1029
Support		0.0259    	0.1212 		0.0427   	264
Query  		0.1884    	0.0250 		0.0442   	2199
Comment		0.0000    	0.0000 		0.0000   	0

F1-macro	0.0174
10/14/2020 04:27:01 - INFO - __main__ -   
Labels 		Precision	Recall		F1 score	Support
Short  		0.6674    	0.6136 		0.6394   	484
Long   		0.6511    	0.7022 		0.6757   	497

F1-macro	0.6575
10/14/2020 04:27:01 - INFO - __main__ -   	EPOCH:  15	MiniBatch:    0
10/14/2020 04:27:18 - INFO - __main__ -   	EPOCH:  15	MiniBatch:   10
10/14/2020 04:27:34 - INFO - __main__ -   	EPOCH:  15	MiniBatch:   20
10/14/2020 04:27:51 - INFO - __main__ -   	EPOCH:  15	MiniBatch:   30
10/14/2020 04:28:08 - INFO - __main__ -   	EPOCH:  15	MiniBatch:   40
10/14/2020 04:28:25 - INFO - __main__ -   	EPOCH:  15	MiniBatch:   50
10/14/2020 04:28:41 - INFO - __main__ -   	EPOCH:  15	MiniBatch:   60
10/14/2020 04:28:58 - INFO - __main__ -   	EPOCH:  15	MiniBatch:   70
10/14/2020 04:29:15 - INFO - __main__ -   	EPOCH:  15	MiniBatch:   80
10/14/2020 04:29:32 - INFO - __main__ -   	EPOCH:  15	MiniBatch:   90
10/14/2020 04:29:48 - INFO - __main__ -   	EPOCH:  15	MiniBatch:  100
10/14/2020 04:30:05 - INFO - __main__ -   	EPOCH:  15	MiniBatch:  110
10/14/2020 04:30:22 - INFO - __main__ -   	EPOCH:  15	MiniBatch:  120
10/14/2020 04:30:38 - INFO - __main__ -   	EPOCH:  15	MiniBatch:  130
10/14/2020 04:30:55 - INFO - __main__ -   	EPOCH:  15	MiniBatch:  140
10/14/2020 04:31:12 - INFO - __main__ -   	EPOCH:  15	MiniBatch:  150
10/14/2020 04:31:28 - INFO - __main__ -   	EPOCH:  15	MiniBatch:  160
10/14/2020 04:31:45 - INFO - __main__ -   	EPOCH:  15	MiniBatch:  170
10/14/2020 04:32:02 - INFO - __main__ -   	EPOCH:  15	MiniBatch:  180
10/14/2020 04:32:19 - INFO - __main__ -   	EPOCH:  15	MiniBatch:  190
10/14/2020 04:32:35 - INFO - __main__ -   	EPOCH:  15	MiniBatch:  200
10/14/2020 04:32:52 - INFO - __main__ -   	EPOCH:  15	MiniBatch:  210
10/14/2020 04:33:09 - INFO - __main__ -   	EPOCH:  15	MiniBatch:  220
10/14/2020 04:33:25 - INFO - __main__ -   	EPOCH:  15	MiniBatch:  230
10/14/2020 04:33:42 - INFO - __main__ -   	EPOCH:  15	MiniBatch:  240
10/14/2020 04:33:59 - INFO - __main__ -   	EPOCH:  15	MiniBatch:  250
10/14/2020 04:34:15 - INFO - __main__ -   	EPOCH:  15	MiniBatch:  260
10/14/2020 04:34:32 - INFO - __main__ -   	EPOCH:  15	MiniBatch:  270
10/14/2020 04:34:49 - INFO - __main__ -   	EPOCH:  15	MiniBatch:  280
10/14/2020 04:35:05 - INFO - __main__ -   	EPOCH:  15	MiniBatch:  290
10/14/2020 04:35:22 - INFO - __main__ -   	EPOCH:  15	MiniBatch:  300
10/14/2020 04:35:39 - INFO - __main__ -   	EPOCH:  15	MiniBatch:  310
10/14/2020 04:35:56 - INFO - __main__ -   	EPOCH:  15	MiniBatch:  320
10/14/2020 04:36:13 - INFO - __main__ -   	EPOCH:  15	MiniBatch:  330
10/14/2020 04:36:29 - INFO - __main__ -   	EPOCH:  15	MiniBatch:  340
10/14/2020 04:36:46 - INFO - __main__ -   	EPOCH:  15	MiniBatch:  350
10/14/2020 04:37:03 - INFO - __main__ -   	EPOCH:  15	MiniBatch:  360
10/14/2020 04:37:19 - INFO - __main__ -   	EPOCH:  15	MiniBatch:  370
10/14/2020 04:37:36 - INFO - __main__ -   	EPOCH:  15	MiniBatch:  380
10/14/2020 04:37:53 - INFO - __main__ -   	EPOCH:  15	MiniBatch:  390
10/14/2020 04:38:09 - INFO - __main__ -   	EPOCH:  15	MiniBatch:  400
10/14/2020 04:38:26 - INFO - __main__ -   	EPOCH:  15	MiniBatch:  410
10/14/2020 04:38:43 - INFO - __main__ -   	EPOCH:  15	MiniBatch:  420
10/14/2020 04:38:59 - INFO - __main__ -   	EPOCH:  15	MiniBatch:  430
10/14/2020 04:39:16 - INFO - __main__ -   	EPOCH:  15	MiniBatch:  440
10/14/2020 04:39:33 - INFO - __main__ -   	EPOCH:  15	MiniBatch:  450
10/14/2020 04:39:50 - INFO - __main__ -   	EPOCH:  15	MiniBatch:  460
10/14/2020 04:40:06 - INFO - __main__ -   	EPOCH:  15	MiniBatch:  470
10/14/2020 04:40:23 - INFO - __main__ -   	EPOCH:  15	MiniBatch:  480
10/14/2020 04:40:40 - INFO - __main__ -   	EPOCH:  15	MiniBatch:  490
10/14/2020 04:40:41 - INFO - __main__ -   	Testing dev set minibatch:    0
10/14/2020 04:40:48 - INFO - __main__ -   	Testing dev set minibatch:   10
10/14/2020 04:40:55 - INFO - __main__ -   	Testing dev set minibatch:   20
10/14/2020 04:41:03 - INFO - __main__ -   	Testing dev set minibatch:   30
10/14/2020 04:41:10 - INFO - __main__ -   	Testing dev set minibatch:   40
10/14/2020 04:41:17 - INFO - __main__ -   	Testing dev set minibatch:   50
10/14/2020 04:41:25 - INFO - __main__ -   	Testing dev set minibatch:   60
10/14/2020 04:41:26 - INFO - __main__ -   
Labels 		Precision	Recall		F1 score	Support
Empty  		0.0000    	0.0000 		0.0000   	69
Deny   		0.0000    	0.0000 		0.0000   	1029
Support		0.0260    	0.1250 		0.0431   	264
Query  		0.1673    	0.0200 		0.0357   	2199
Comment		0.0000    	0.0000 		0.0000   	0

F1-macro	0.0158
10/14/2020 04:41:26 - INFO - __main__ -   
Labels 		Precision	Recall		F1 score	Support
Short  		0.6438    	0.6983 		0.6700   	484
Long   		0.6798    	0.6237 		0.6506   	497

F1-macro	0.6603
10/14/2020 04:41:26 - INFO - __main__ -   	EPOCH:  16	MiniBatch:    0
10/14/2020 04:41:42 - INFO - __main__ -   	EPOCH:  16	MiniBatch:   10
10/14/2020 04:41:59 - INFO - __main__ -   	EPOCH:  16	MiniBatch:   20
10/14/2020 04:42:16 - INFO - __main__ -   	EPOCH:  16	MiniBatch:   30
10/14/2020 04:42:32 - INFO - __main__ -   	EPOCH:  16	MiniBatch:   40
10/14/2020 04:42:49 - INFO - __main__ -   	EPOCH:  16	MiniBatch:   50
10/14/2020 04:43:06 - INFO - __main__ -   	EPOCH:  16	MiniBatch:   60
10/14/2020 04:43:22 - INFO - __main__ -   	EPOCH:  16	MiniBatch:   70
10/14/2020 04:43:39 - INFO - __main__ -   	EPOCH:  16	MiniBatch:   80
10/14/2020 04:43:56 - INFO - __main__ -   	EPOCH:  16	MiniBatch:   90
10/14/2020 04:44:13 - INFO - __main__ -   	EPOCH:  16	MiniBatch:  100
10/14/2020 04:44:29 - INFO - __main__ -   	EPOCH:  16	MiniBatch:  110
10/14/2020 04:44:46 - INFO - __main__ -   	EPOCH:  16	MiniBatch:  120
10/14/2020 04:45:03 - INFO - __main__ -   	EPOCH:  16	MiniBatch:  130
10/14/2020 04:45:19 - INFO - __main__ -   	EPOCH:  16	MiniBatch:  140
10/14/2020 04:45:36 - INFO - __main__ -   	EPOCH:  16	MiniBatch:  150
10/14/2020 04:45:53 - INFO - __main__ -   	EPOCH:  16	MiniBatch:  160
10/14/2020 04:46:09 - INFO - __main__ -   	EPOCH:  16	MiniBatch:  170
10/14/2020 04:46:26 - INFO - __main__ -   	EPOCH:  16	MiniBatch:  180
10/14/2020 04:46:43 - INFO - __main__ -   	EPOCH:  16	MiniBatch:  190
10/14/2020 04:46:59 - INFO - __main__ -   	EPOCH:  16	MiniBatch:  200
10/14/2020 04:47:16 - INFO - __main__ -   	EPOCH:  16	MiniBatch:  210
10/14/2020 04:47:33 - INFO - __main__ -   	EPOCH:  16	MiniBatch:  220
10/14/2020 04:47:50 - INFO - __main__ -   	EPOCH:  16	MiniBatch:  230
10/14/2020 04:48:06 - INFO - __main__ -   	EPOCH:  16	MiniBatch:  240
10/14/2020 04:48:23 - INFO - __main__ -   	EPOCH:  16	MiniBatch:  250
10/14/2020 04:48:40 - INFO - __main__ -   	EPOCH:  16	MiniBatch:  260
10/14/2020 04:48:56 - INFO - __main__ -   	EPOCH:  16	MiniBatch:  270
10/14/2020 04:49:13 - INFO - __main__ -   	EPOCH:  16	MiniBatch:  280
10/14/2020 04:49:30 - INFO - __main__ -   	EPOCH:  16	MiniBatch:  290
10/14/2020 04:49:46 - INFO - __main__ -   	EPOCH:  16	MiniBatch:  300
10/14/2020 04:50:03 - INFO - __main__ -   	EPOCH:  16	MiniBatch:  310
10/14/2020 04:50:20 - INFO - __main__ -   	EPOCH:  16	MiniBatch:  320
10/14/2020 04:50:37 - INFO - __main__ -   	EPOCH:  16	MiniBatch:  330
10/14/2020 04:50:53 - INFO - __main__ -   	EPOCH:  16	MiniBatch:  340
10/14/2020 04:51:10 - INFO - __main__ -   	EPOCH:  16	MiniBatch:  350
10/14/2020 04:51:27 - INFO - __main__ -   	EPOCH:  16	MiniBatch:  360
10/14/2020 04:51:43 - INFO - __main__ -   	EPOCH:  16	MiniBatch:  370
10/14/2020 04:52:00 - INFO - __main__ -   	EPOCH:  16	MiniBatch:  380
10/14/2020 04:52:17 - INFO - __main__ -   	EPOCH:  16	MiniBatch:  390
10/14/2020 04:52:33 - INFO - __main__ -   	EPOCH:  16	MiniBatch:  400
10/14/2020 04:52:50 - INFO - __main__ -   	EPOCH:  16	MiniBatch:  410
10/14/2020 04:53:07 - INFO - __main__ -   	EPOCH:  16	MiniBatch:  420
10/14/2020 04:53:23 - INFO - __main__ -   	EPOCH:  16	MiniBatch:  430
10/14/2020 04:53:40 - INFO - __main__ -   	EPOCH:  16	MiniBatch:  440
10/14/2020 04:53:57 - INFO - __main__ -   	EPOCH:  16	MiniBatch:  450
10/14/2020 04:54:13 - INFO - __main__ -   	EPOCH:  16	MiniBatch:  460
10/14/2020 04:54:30 - INFO - __main__ -   	EPOCH:  16	MiniBatch:  470
10/14/2020 04:54:47 - INFO - __main__ -   	EPOCH:  16	MiniBatch:  480
10/14/2020 04:55:03 - INFO - __main__ -   	EPOCH:  16	MiniBatch:  490
10/14/2020 04:55:05 - INFO - __main__ -   	Testing dev set minibatch:    0
10/14/2020 04:55:12 - INFO - __main__ -   	Testing dev set minibatch:   10
10/14/2020 04:55:19 - INFO - __main__ -   	Testing dev set minibatch:   20
10/14/2020 04:55:27 - INFO - __main__ -   	Testing dev set minibatch:   30
10/14/2020 04:55:34 - INFO - __main__ -   	Testing dev set minibatch:   40
10/14/2020 04:55:41 - INFO - __main__ -   	Testing dev set minibatch:   50
10/14/2020 04:55:49 - INFO - __main__ -   	Testing dev set minibatch:   60
10/14/2020 04:55:50 - INFO - __main__ -   
Labels 		Precision	Recall		F1 score	Support
Empty  		0.0000    	0.0000 		0.0000   	69
Deny   		0.0000    	0.0000 		0.0000   	1029
Support		0.0211    	0.1023 		0.0350   	264
Query  		0.1831    	0.0236 		0.0419   	2199
Comment		0.0000    	0.0000 		0.0000   	0

F1-macro	0.0154
10/14/2020 04:55:50 - INFO - __main__ -   
Labels 		Precision	Recall		F1 score	Support
Short  		0.6927    	0.5682 		0.6243   	484
Long   		0.6421    	0.7545 		0.6938   	497

F1-macro	0.6590
10/14/2020 04:55:50 - INFO - __main__ -   	EPOCH:  17	MiniBatch:    0
10/14/2020 04:56:07 - INFO - __main__ -   	EPOCH:  17	MiniBatch:   10
10/14/2020 04:56:23 - INFO - __main__ -   	EPOCH:  17	MiniBatch:   20
10/14/2020 04:56:40 - INFO - __main__ -   	EPOCH:  17	MiniBatch:   30
10/14/2020 04:56:57 - INFO - __main__ -   	EPOCH:  17	MiniBatch:   40
10/14/2020 04:57:13 - INFO - __main__ -   	EPOCH:  17	MiniBatch:   50
10/14/2020 04:57:30 - INFO - __main__ -   	EPOCH:  17	MiniBatch:   60
10/14/2020 04:57:47 - INFO - __main__ -   	EPOCH:  17	MiniBatch:   70
10/14/2020 04:58:03 - INFO - __main__ -   	EPOCH:  17	MiniBatch:   80
10/14/2020 04:58:20 - INFO - __main__ -   	EPOCH:  17	MiniBatch:   90
10/14/2020 04:58:37 - INFO - __main__ -   	EPOCH:  17	MiniBatch:  100
10/14/2020 04:58:53 - INFO - __main__ -   	EPOCH:  17	MiniBatch:  110
10/14/2020 04:59:10 - INFO - __main__ -   	EPOCH:  17	MiniBatch:  120
10/14/2020 04:59:27 - INFO - __main__ -   	EPOCH:  17	MiniBatch:  130
10/14/2020 04:59:44 - INFO - __main__ -   	EPOCH:  17	MiniBatch:  140
10/14/2020 05:00:00 - INFO - __main__ -   	EPOCH:  17	MiniBatch:  150
10/14/2020 05:00:17 - INFO - __main__ -   	EPOCH:  17	MiniBatch:  160
10/14/2020 05:00:34 - INFO - __main__ -   	EPOCH:  17	MiniBatch:  170
10/14/2020 05:00:50 - INFO - __main__ -   	EPOCH:  17	MiniBatch:  180
10/14/2020 05:01:07 - INFO - __main__ -   	EPOCH:  17	MiniBatch:  190
10/14/2020 05:01:24 - INFO - __main__ -   	EPOCH:  17	MiniBatch:  200
10/14/2020 05:01:40 - INFO - __main__ -   	EPOCH:  17	MiniBatch:  210
10/14/2020 05:01:57 - INFO - __main__ -   	EPOCH:  17	MiniBatch:  220
10/14/2020 05:02:14 - INFO - __main__ -   	EPOCH:  17	MiniBatch:  230
10/14/2020 05:02:30 - INFO - __main__ -   	EPOCH:  17	MiniBatch:  240
10/14/2020 05:02:47 - INFO - __main__ -   	EPOCH:  17	MiniBatch:  250
10/14/2020 05:03:04 - INFO - __main__ -   	EPOCH:  17	MiniBatch:  260
10/14/2020 05:03:20 - INFO - __main__ -   	EPOCH:  17	MiniBatch:  270
10/14/2020 05:03:37 - INFO - __main__ -   	EPOCH:  17	MiniBatch:  280
10/14/2020 05:03:54 - INFO - __main__ -   	EPOCH:  17	MiniBatch:  290
10/14/2020 05:04:10 - INFO - __main__ -   	EPOCH:  17	MiniBatch:  300
10/14/2020 05:04:27 - INFO - __main__ -   	EPOCH:  17	MiniBatch:  310
10/14/2020 05:04:44 - INFO - __main__ -   	EPOCH:  17	MiniBatch:  320
10/14/2020 05:05:00 - INFO - __main__ -   	EPOCH:  17	MiniBatch:  330
10/14/2020 05:05:17 - INFO - __main__ -   	EPOCH:  17	MiniBatch:  340
10/14/2020 05:05:34 - INFO - __main__ -   	EPOCH:  17	MiniBatch:  350
10/14/2020 05:05:50 - INFO - __main__ -   	EPOCH:  17	MiniBatch:  360
10/14/2020 05:06:07 - INFO - __main__ -   	EPOCH:  17	MiniBatch:  370
10/14/2020 05:06:24 - INFO - __main__ -   	EPOCH:  17	MiniBatch:  380
10/14/2020 05:06:40 - INFO - __main__ -   	EPOCH:  17	MiniBatch:  390
10/14/2020 05:06:57 - INFO - __main__ -   	EPOCH:  17	MiniBatch:  400
10/14/2020 05:07:14 - INFO - __main__ -   	EPOCH:  17	MiniBatch:  410
10/14/2020 05:07:31 - INFO - __main__ -   	EPOCH:  17	MiniBatch:  420
10/14/2020 05:07:47 - INFO - __main__ -   	EPOCH:  17	MiniBatch:  430
10/14/2020 05:08:04 - INFO - __main__ -   	EPOCH:  17	MiniBatch:  440
10/14/2020 05:08:21 - INFO - __main__ -   	EPOCH:  17	MiniBatch:  450
10/14/2020 05:08:37 - INFO - __main__ -   	EPOCH:  17	MiniBatch:  460
10/14/2020 05:08:54 - INFO - __main__ -   	EPOCH:  17	MiniBatch:  470
10/14/2020 05:09:11 - INFO - __main__ -   	EPOCH:  17	MiniBatch:  480
10/14/2020 05:09:27 - INFO - __main__ -   	EPOCH:  17	MiniBatch:  490
10/14/2020 05:09:29 - INFO - __main__ -   	Testing dev set minibatch:    0
10/14/2020 05:09:36 - INFO - __main__ -   	Testing dev set minibatch:   10
10/14/2020 05:09:43 - INFO - __main__ -   	Testing dev set minibatch:   20
10/14/2020 05:09:50 - INFO - __main__ -   	Testing dev set minibatch:   30
10/14/2020 05:09:58 - INFO - __main__ -   	Testing dev set minibatch:   40
10/14/2020 05:10:05 - INFO - __main__ -   	Testing dev set minibatch:   50
10/14/2020 05:10:12 - INFO - __main__ -   	Testing dev set minibatch:   60
10/14/2020 05:10:14 - INFO - __main__ -   
Labels 		Precision	Recall		F1 score	Support
Empty  		0.0000    	0.0000 		0.0000   	69
Deny   		0.0000    	0.0000 		0.0000   	1029
Support		0.0266    	0.1212 		0.0436   	264
Query  		0.1771    	0.0218 		0.0389   	2199
Comment		0.0000    	0.0000 		0.0000   	0

F1-macro	0.0165
10/14/2020 05:10:14 - INFO - __main__ -   
Labels 		Precision	Recall		F1 score	Support
Short  		0.7042    	0.5558 		0.6212   	484
Long   		0.6411    	0.7726 		0.7007   	497

F1-macro	0.6610
10/14/2020 05:10:14 - INFO - __main__ -   	EPOCH:  18	MiniBatch:    0
10/14/2020 05:10:30 - INFO - __main__ -   	EPOCH:  18	MiniBatch:   10
10/14/2020 05:10:47 - INFO - __main__ -   	EPOCH:  18	MiniBatch:   20
10/14/2020 05:11:04 - INFO - __main__ -   	EPOCH:  18	MiniBatch:   30
10/14/2020 05:11:20 - INFO - __main__ -   	EPOCH:  18	MiniBatch:   40
10/14/2020 05:11:37 - INFO - __main__ -   	EPOCH:  18	MiniBatch:   50
10/14/2020 05:11:54 - INFO - __main__ -   	EPOCH:  18	MiniBatch:   60
10/14/2020 05:12:10 - INFO - __main__ -   	EPOCH:  18	MiniBatch:   70
10/14/2020 05:12:27 - INFO - __main__ -   	EPOCH:  18	MiniBatch:   80
10/14/2020 05:12:44 - INFO - __main__ -   	EPOCH:  18	MiniBatch:   90
10/14/2020 05:13:00 - INFO - __main__ -   	EPOCH:  18	MiniBatch:  100
10/14/2020 05:13:17 - INFO - __main__ -   	EPOCH:  18	MiniBatch:  110
10/14/2020 05:13:34 - INFO - __main__ -   	EPOCH:  18	MiniBatch:  120
10/14/2020 05:13:50 - INFO - __main__ -   	EPOCH:  18	MiniBatch:  130
10/14/2020 05:14:07 - INFO - __main__ -   	EPOCH:  18	MiniBatch:  140
10/14/2020 05:14:24 - INFO - __main__ -   	EPOCH:  18	MiniBatch:  150
10/14/2020 05:14:40 - INFO - __main__ -   	EPOCH:  18	MiniBatch:  160
10/14/2020 05:14:57 - INFO - __main__ -   	EPOCH:  18	MiniBatch:  170
10/14/2020 05:15:14 - INFO - __main__ -   	EPOCH:  18	MiniBatch:  180
10/14/2020 05:15:30 - INFO - __main__ -   	EPOCH:  18	MiniBatch:  190
10/14/2020 05:15:47 - INFO - __main__ -   	EPOCH:  18	MiniBatch:  200
10/14/2020 05:16:04 - INFO - __main__ -   	EPOCH:  18	MiniBatch:  210
10/14/2020 05:16:21 - INFO - __main__ -   	EPOCH:  18	MiniBatch:  220
10/14/2020 05:16:37 - INFO - __main__ -   	EPOCH:  18	MiniBatch:  230
10/14/2020 05:16:54 - INFO - __main__ -   	EPOCH:  18	MiniBatch:  240
10/14/2020 05:17:11 - INFO - __main__ -   	EPOCH:  18	MiniBatch:  250
10/14/2020 05:17:28 - INFO - __main__ -   	EPOCH:  18	MiniBatch:  260
10/14/2020 05:17:44 - INFO - __main__ -   	EPOCH:  18	MiniBatch:  270
10/14/2020 05:18:01 - INFO - __main__ -   	EPOCH:  18	MiniBatch:  280
10/14/2020 05:18:18 - INFO - __main__ -   	EPOCH:  18	MiniBatch:  290
10/14/2020 05:18:34 - INFO - __main__ -   	EPOCH:  18	MiniBatch:  300
10/14/2020 05:18:51 - INFO - __main__ -   	EPOCH:  18	MiniBatch:  310
10/14/2020 05:19:08 - INFO - __main__ -   	EPOCH:  18	MiniBatch:  320
10/14/2020 05:19:25 - INFO - __main__ -   	EPOCH:  18	MiniBatch:  330
10/14/2020 05:19:41 - INFO - __main__ -   	EPOCH:  18	MiniBatch:  340
10/14/2020 05:19:58 - INFO - __main__ -   	EPOCH:  18	MiniBatch:  350
10/14/2020 05:20:15 - INFO - __main__ -   	EPOCH:  18	MiniBatch:  360
10/14/2020 05:20:31 - INFO - __main__ -   	EPOCH:  18	MiniBatch:  370
10/14/2020 05:20:48 - INFO - __main__ -   	EPOCH:  18	MiniBatch:  380
10/14/2020 05:21:05 - INFO - __main__ -   	EPOCH:  18	MiniBatch:  390
10/14/2020 05:21:21 - INFO - __main__ -   	EPOCH:  18	MiniBatch:  400
10/14/2020 05:21:38 - INFO - __main__ -   	EPOCH:  18	MiniBatch:  410
10/14/2020 05:21:55 - INFO - __main__ -   	EPOCH:  18	MiniBatch:  420
10/14/2020 05:22:12 - INFO - __main__ -   	EPOCH:  18	MiniBatch:  430
10/14/2020 05:22:28 - INFO - __main__ -   	EPOCH:  18	MiniBatch:  440
10/14/2020 05:22:45 - INFO - __main__ -   	EPOCH:  18	MiniBatch:  450
10/14/2020 05:23:02 - INFO - __main__ -   	EPOCH:  18	MiniBatch:  460
10/14/2020 05:23:18 - INFO - __main__ -   	EPOCH:  18	MiniBatch:  470
10/14/2020 05:23:35 - INFO - __main__ -   	EPOCH:  18	MiniBatch:  480
10/14/2020 05:23:52 - INFO - __main__ -   	EPOCH:  18	MiniBatch:  490
10/14/2020 05:23:53 - INFO - __main__ -   	Testing dev set minibatch:    0
10/14/2020 05:24:00 - INFO - __main__ -   	Testing dev set minibatch:   10
10/14/2020 05:24:08 - INFO - __main__ -   	Testing dev set minibatch:   20
10/14/2020 05:24:15 - INFO - __main__ -   	Testing dev set minibatch:   30
10/14/2020 05:24:22 - INFO - __main__ -   	Testing dev set minibatch:   40
10/14/2020 05:24:29 - INFO - __main__ -   	Testing dev set minibatch:   50
10/14/2020 05:24:37 - INFO - __main__ -   	Testing dev set minibatch:   60
10/14/2020 05:24:38 - INFO - __main__ -   
Labels 		Precision	Recall		F1 score	Support
Empty  		0.0000    	0.0000 		0.0000   	69
Deny   		0.0000    	0.0000 		0.0000   	1029
Support		0.0256    	0.1061 		0.0412   	264
Query  		0.1926    	0.0259 		0.0457   	2199
Comment		0.0000    	0.0000 		0.0000   	0

F1-macro	0.0174
10/14/2020 05:24:38 - INFO - __main__ -   
Labels 		Precision	Recall		F1 score	Support
Short  		0.7391    	0.5269 		0.6152   	484
Long   		0.6399    	0.8189 		0.7184   	497

F1-macro	0.6668
10/14/2020 05:24:38 - INFO - __main__ -   	EPOCH:  19	MiniBatch:    0
10/14/2020 05:24:55 - INFO - __main__ -   	EPOCH:  19	MiniBatch:   10
10/14/2020 05:25:11 - INFO - __main__ -   	EPOCH:  19	MiniBatch:   20
10/14/2020 05:25:28 - INFO - __main__ -   	EPOCH:  19	MiniBatch:   30
10/14/2020 05:25:45 - INFO - __main__ -   	EPOCH:  19	MiniBatch:   40
10/14/2020 05:26:01 - INFO - __main__ -   	EPOCH:  19	MiniBatch:   50
10/14/2020 05:26:18 - INFO - __main__ -   	EPOCH:  19	MiniBatch:   60
10/14/2020 05:26:35 - INFO - __main__ -   	EPOCH:  19	MiniBatch:   70
10/14/2020 05:26:52 - INFO - __main__ -   	EPOCH:  19	MiniBatch:   80
10/14/2020 05:27:08 - INFO - __main__ -   	EPOCH:  19	MiniBatch:   90
10/14/2020 05:27:25 - INFO - __main__ -   	EPOCH:  19	MiniBatch:  100
10/14/2020 05:27:42 - INFO - __main__ -   	EPOCH:  19	MiniBatch:  110
10/14/2020 05:27:59 - INFO - __main__ -   	EPOCH:  19	MiniBatch:  120
10/14/2020 05:28:15 - INFO - __main__ -   	EPOCH:  19	MiniBatch:  130
10/14/2020 05:28:32 - INFO - __main__ -   	EPOCH:  19	MiniBatch:  140
10/14/2020 05:28:49 - INFO - __main__ -   	EPOCH:  19	MiniBatch:  150
10/14/2020 05:29:05 - INFO - __main__ -   	EPOCH:  19	MiniBatch:  160
10/14/2020 05:29:22 - INFO - __main__ -   	EPOCH:  19	MiniBatch:  170
10/14/2020 05:29:39 - INFO - __main__ -   	EPOCH:  19	MiniBatch:  180
10/14/2020 05:29:55 - INFO - __main__ -   	EPOCH:  19	MiniBatch:  190
10/14/2020 05:30:12 - INFO - __main__ -   	EPOCH:  19	MiniBatch:  200
10/14/2020 05:30:29 - INFO - __main__ -   	EPOCH:  19	MiniBatch:  210
10/14/2020 05:30:45 - INFO - __main__ -   	EPOCH:  19	MiniBatch:  220
10/14/2020 05:31:02 - INFO - __main__ -   	EPOCH:  19	MiniBatch:  230
10/14/2020 05:31:19 - INFO - __main__ -   	EPOCH:  19	MiniBatch:  240
10/14/2020 05:31:35 - INFO - __main__ -   	EPOCH:  19	MiniBatch:  250
10/14/2020 05:31:52 - INFO - __main__ -   	EPOCH:  19	MiniBatch:  260
10/14/2020 05:32:09 - INFO - __main__ -   	EPOCH:  19	MiniBatch:  270
10/14/2020 05:32:25 - INFO - __main__ -   	EPOCH:  19	MiniBatch:  280
10/14/2020 05:32:42 - INFO - __main__ -   	EPOCH:  19	MiniBatch:  290
10/14/2020 05:32:59 - INFO - __main__ -   	EPOCH:  19	MiniBatch:  300
10/14/2020 05:33:16 - INFO - __main__ -   	EPOCH:  19	MiniBatch:  310
10/14/2020 05:33:32 - INFO - __main__ -   	EPOCH:  19	MiniBatch:  320
10/14/2020 05:33:49 - INFO - __main__ -   	EPOCH:  19	MiniBatch:  330
10/14/2020 05:34:06 - INFO - __main__ -   	EPOCH:  19	MiniBatch:  340
10/14/2020 05:34:22 - INFO - __main__ -   	EPOCH:  19	MiniBatch:  350
10/14/2020 05:34:39 - INFO - __main__ -   	EPOCH:  19	MiniBatch:  360
10/14/2020 05:34:56 - INFO - __main__ -   	EPOCH:  19	MiniBatch:  370
10/14/2020 05:35:13 - INFO - __main__ -   	EPOCH:  19	MiniBatch:  380
10/14/2020 05:35:29 - INFO - __main__ -   	EPOCH:  19	MiniBatch:  390
10/14/2020 05:35:46 - INFO - __main__ -   	EPOCH:  19	MiniBatch:  400
10/14/2020 05:36:03 - INFO - __main__ -   	EPOCH:  19	MiniBatch:  410
10/14/2020 05:36:19 - INFO - __main__ -   	EPOCH:  19	MiniBatch:  420
10/14/2020 05:36:36 - INFO - __main__ -   	EPOCH:  19	MiniBatch:  430
10/14/2020 05:36:53 - INFO - __main__ -   	EPOCH:  19	MiniBatch:  440
10/14/2020 05:37:09 - INFO - __main__ -   	EPOCH:  19	MiniBatch:  450
10/14/2020 05:37:26 - INFO - __main__ -   	EPOCH:  19	MiniBatch:  460
10/14/2020 05:37:43 - INFO - __main__ -   	EPOCH:  19	MiniBatch:  470
10/14/2020 05:37:59 - INFO - __main__ -   	EPOCH:  19	MiniBatch:  480
10/14/2020 05:38:16 - INFO - __main__ -   	EPOCH:  19	MiniBatch:  490
10/14/2020 05:38:18 - INFO - __main__ -   	Testing dev set minibatch:    0
10/14/2020 05:38:25 - INFO - __main__ -   	Testing dev set minibatch:   10
10/14/2020 05:38:32 - INFO - __main__ -   	Testing dev set minibatch:   20
10/14/2020 05:38:39 - INFO - __main__ -   	Testing dev set minibatch:   30
10/14/2020 05:38:47 - INFO - __main__ -   	Testing dev set minibatch:   40
10/14/2020 05:38:54 - INFO - __main__ -   	Testing dev set minibatch:   50
10/14/2020 05:39:01 - INFO - __main__ -   	Testing dev set minibatch:   60
10/14/2020 05:39:02 - INFO - __main__ -   
Labels 		Precision	Recall		F1 score	Support
Empty  		0.0000    	0.0000 		0.0000   	69
Deny   		0.0000    	0.0000 		0.0000   	1029
Support		0.0255    	0.1136 		0.0416   	264
Query  		0.1673    	0.0209 		0.0372   	2199
Comment		0.0000    	0.0000 		0.0000   	0

F1-macro	0.0158
10/14/2020 05:39:02 - INFO - __main__ -   
Labels 		Precision	Recall		F1 score	Support
Short  		0.6337    	0.6612 		0.6471   	484
Long   		0.6555    	0.6278 		0.6413   	497

F1-macro	0.6442
10/14/2020 05:39:03 - INFO - __main__ -   	Testing test set minibatch:    0
10/14/2020 05:39:10 - INFO - __main__ -   	Testing test set minibatch:   10
10/14/2020 05:39:17 - INFO - __main__ -   	Testing test set minibatch:   20
10/14/2020 05:39:24 - INFO - __main__ -   	Testing test set minibatch:   30
10/14/2020 05:39:32 - INFO - __main__ -   	Testing test set minibatch:   40
10/14/2020 05:39:39 - INFO - __main__ -   	Testing test set minibatch:   50
10/14/2020 05:39:46 - INFO - __main__ -   	Testing test set minibatch:   60
10/14/2020 05:39:47 - INFO - __main__ -   Time elapsed: 17352.88s
