10/14/2020 18:08:53 - INFO - __main__ -   Running on 1 GPUs
10/14/2020 18:08:53 - INFO - __main__ -   
===== Hyperparameters ======
10/14/2020 18:08:53 - INFO - __main__ -   BATCH_SIZE_TRAIN: 2
10/14/2020 18:08:53 - INFO - __main__ -   LEARNING_RATE: 0.000500
10/14/2020 18:08:53 - INFO - __main__ -   MOMENTUM: 0.250000
10/14/2020 18:08:53 - INFO - __main__ -   MAX_POST_LENGTH: 256
10/14/2020 18:08:53 - INFO - __main__ -   MAX_POST_PER_THREAD: 4
10/14/2020 18:08:53 - INFO - __main__ -   THREAD_LENGTH_DIVIDER: 9
10/14/2020 18:08:53 - INFO - __main__ -   
===== Loading data ======
10/14/2020 18:08:53 - INFO - __main__ -   Opening training data: encoded_combined_dev_4_256.pkl
10/14/2020 18:08:53 - INFO - __main__ -   Opening dev data: encoded_combined_dev_4_256.pkl
10/14/2020 18:08:53 - INFO - __main__ -   Opening test data: encoded_combined_dev_4_256.pkl
10/14/2020 18:08:53 - INFO - root -   loading from pickle file
10/14/2020 18:08:53 - INFO - root -   loading from pickle file
10/14/2020 18:08:53 - INFO - root -   loading from pickle file
10/14/2020 18:08:53 - INFO - __main__ -   Converting pickle data into dataloaders
10/14/2020 18:09:11 - INFO - __main__ -   Running on 1 GPUs
10/14/2020 18:09:11 - INFO - __main__ -   
===== Hyperparameters ======
10/14/2020 18:09:11 - INFO - __main__ -   BATCH_SIZE_TRAIN: 2
10/14/2020 18:09:11 - INFO - __main__ -   LEARNING_RATE: 0.000500
10/14/2020 18:09:11 - INFO - __main__ -   MOMENTUM: 0.250000
10/14/2020 18:09:11 - INFO - __main__ -   MAX_POST_LENGTH: 256
10/14/2020 18:09:11 - INFO - __main__ -   MAX_POST_PER_THREAD: 4
10/14/2020 18:09:11 - INFO - __main__ -   THREAD_LENGTH_DIVIDER: 9
10/14/2020 18:09:11 - INFO - __main__ -   
===== Loading data ======
10/14/2020 18:09:11 - INFO - __main__ -   Opening training data: encoded_combined_dev_4_256.pkl
10/14/2020 18:09:11 - INFO - __main__ -   Opening dev data: encoded_combined_dev_4_256.pkl
10/14/2020 18:09:11 - INFO - __main__ -   Opening test data: encoded_combined_dev_4_256.pkl
10/14/2020 18:09:11 - INFO - root -   loading from pickle file
10/14/2020 18:09:11 - INFO - root -   loading from pickle file
10/14/2020 18:09:11 - INFO - root -   loading from pickle file
10/14/2020 18:09:11 - INFO - __main__ -   Converting pickle data into dataloaders
10/14/2020 18:09:11 - INFO - __main__ -   	EPOCH:   0	MiniBatch:    0
10/14/2020 18:09:12 - INFO - __main__ -   	EPOCH:   0	MiniBatch:    1
10/14/2020 18:09:12 - INFO - __main__ -   	EPOCH:   0	MiniBatch:    2
10/14/2020 18:09:13 - INFO - __main__ -   	EPOCH:   0	MiniBatch:    3
10/14/2020 18:09:13 - INFO - __main__ -   	EPOCH:   0	MiniBatch:    4
10/14/2020 18:09:13 - INFO - __main__ -   	EPOCH:   0	MiniBatch:    5
10/14/2020 18:09:14 - INFO - __main__ -   	EPOCH:   0	MiniBatch:    6
10/14/2020 18:09:14 - INFO - __main__ -   	EPOCH:   0	MiniBatch:    7
10/14/2020 18:09:15 - INFO - __main__ -   	EPOCH:   0	MiniBatch:    8
10/14/2020 18:09:15 - INFO - __main__ -   	EPOCH:   0	MiniBatch:    9
10/14/2020 18:09:15 - INFO - __main__ -   	EPOCH:   0	MiniBatch:   10
10/14/2020 18:09:16 - INFO - __main__ -   	EPOCH:   0	MiniBatch:   11
10/14/2020 18:09:16 - INFO - __main__ -   	EPOCH:   0	MiniBatch:   12
10/14/2020 18:09:17 - INFO - __main__ -   	Testing dev set Minibatch:    0
10/14/2020 18:09:17 - INFO - __main__ -   	Testing dev set Minibatch:    1
10/14/2020 18:09:17 - INFO - __main__ -   	Testing dev set Minibatch:    2
10/14/2020 18:09:17 - INFO - __main__ -   	Testing dev set Minibatch:    3
10/14/2020 18:09:17 - INFO - __main__ -   	Testing dev set Minibatch:    4
10/14/2020 18:09:17 - INFO - __main__ -   	Testing dev set Minibatch:    5
10/14/2020 18:09:17 - INFO - __main__ -   	Testing dev set Minibatch:    6
10/14/2020 18:09:17 - INFO - __main__ -   	Testing dev set Minibatch:    7
10/14/2020 18:09:18 - INFO - __main__ -   	Testing dev set Minibatch:    8
10/14/2020 18:09:18 - INFO - __main__ -   	Testing dev set Minibatch:    9
10/14/2020 18:09:18 - INFO - __main__ -   	Testing dev set Minibatch:   10
10/14/2020 18:09:18 - INFO - __main__ -   	Testing dev set Minibatch:   11
10/14/2020 18:09:18 - INFO - __main__ -   	Testing dev set Minibatch:   12
10/14/2020 18:09:18 - INFO - __main__ -   
Labels 		Precision	Recall		F1 score	Support
Empty  		0.0000    	0.0000 		0.0000   	9
Deny   		0.0000    	0.0000 		0.0000   	3
Support		0.0000    	0.0000 		0.0000   	35
Query  		0.0000    	0.0000 		0.0000   	13
Comment		0.4270    	0.9500 		0.5891   	40

F1-macro	0.1178
10/14/2020 18:09:18 - INFO - __main__ -   
Labels 		Precision	Recall		F1 score	Support
Short  		0.4800    	1.0000 		0.6486   	12
Long   		0.0000    	0.0000 		0.0000   	13

F1-macro	0.3243
10/14/2020 18:09:18 - INFO - root -   Saving best model
10/14/2020 18:09:19 - INFO - __main__ -   	Testing test set Minibatch:    0
10/14/2020 18:09:19 - INFO - __main__ -   	Testing test set Minibatch:    1
10/14/2020 18:09:19 - INFO - __main__ -   	Testing test set Minibatch:    2
10/14/2020 18:09:19 - INFO - __main__ -   	Testing test set Minibatch:    3
10/14/2020 18:09:20 - INFO - __main__ -   	Testing test set Minibatch:    4
10/14/2020 18:09:20 - INFO - __main__ -   	Testing test set Minibatch:    5
10/14/2020 18:09:20 - INFO - __main__ -   	Testing test set Minibatch:    6
10/14/2020 18:09:20 - INFO - __main__ -   	Testing test set Minibatch:    7
10/14/2020 18:09:20 - INFO - __main__ -   	Testing test set Minibatch:    8
10/14/2020 18:09:20 - INFO - __main__ -   	Testing test set Minibatch:    9
10/14/2020 18:09:20 - INFO - __main__ -   	Testing test set Minibatch:   10
10/14/2020 18:09:20 - INFO - __main__ -   	Testing test set Minibatch:   11
10/14/2020 18:09:21 - INFO - __main__ -   	Testing test set Minibatch:   12
10/14/2020 18:09:21 - INFO - __main__ -   
Labels 		Precision	Recall		F1 score	Support
Empty  		0.0000    	0.0000 		0.0000   	9
Deny   		0.0000    	0.0000 		0.0000   	3
Support		0.0000    	0.0000 		0.0000   	35
Query  		0.0000    	0.0000 		0.0000   	13
Comment		0.4270    	0.9500 		0.5891   	40

F1-macro	0.1178
10/14/2020 18:09:21 - INFO - __main__ -   
Labels 		Precision	Recall		F1 score	Support
Short  		0.4800    	1.0000 		0.6486   	12
Long   		0.0000    	0.0000 		0.0000   	13

F1-macro	0.3243
10/14/2020 18:09:21 - INFO - __main__ -   Time elapsed:   9.38s
